2019/12/15 06:57:24.671    10   System.NullReferenceException: Object reference not set to an instance of an object.
   at THD.Core.Api.Repository.DataHandler.DocMenuB1Repository.MenuB1InterfaceDataAsync() in C:\Work Project\React Project\eFilling\EFilling.WebApi\THD.Core.Api\THD.Core.Api.Repository\DataHandler\DocMenuB1Repository.cs:line 40
   at THD.Core.Api.Business.DocMenuBService.MenuB1InterfaceDataAsync() in C:\Work Project\React Project\eFilling\EFilling.WebApi\THD.Core.Api\THD.Core.Api.Business\DocMenuBService.cs:line 37
   at THD.Core.Api.Private.Controllers.PrivateDocMenuBController.MenuB1InterfaceData() in C:\Work Project\React Project\eFilling\EFilling.WebApi\THD.Core.Api\THD.Core.Api.Private\Controllers\PrivateDocMenuBController.cs:line 38
   at Microsoft.AspNetCore.Mvc.Internal.ActionMethodExecutor.TaskOfIActionResultExecutor.Execute(IActionResultTypeMapper mapper, ObjectMethodExecutor executor, Object controller, Object[] arguments)
   at System.Threading.Tasks.ValueTask`1.get_Result()
   at Microsoft.AspNetCore.Mvc.Internal.ControllerActionInvoker.InvokeActionMethodAsync()
   at Microsoft.AspNetCore.Mvc.Internal.ControllerActionInvoker.InvokeNextActionFilterAsync()
   at Microsoft.AspNetCore.Mvc.Internal.ControllerActionInvoker.Rethrow(ActionExecutedContext context)
   at Microsoft.AspNetCore.Mvc.Internal.ControllerActionInvoker.Next(State& next, Scope& scope, Object& state, Boolean& isCompleted)
   at Microsoft.AspNetCore.Mvc.Internal.ControllerActionInvoker.InvokeInnerFilterAsync()
   at Microsoft.AspNetCore.Mvc.Internal.ResourceInvoker.InvokeNextResourceFilter()
   at Microsoft.AspNetCore.Mvc.Internal.ResourceInvoker.Rethrow(ResourceExecutedContext context)
   at Microsoft.AspNetCore.Mvc.Internal.ResourceInvoker.Next(State& next, Scope& scope, Object& state, Boolean& isCompleted)
   at Microsoft.AspNetCore.Mvc.Internal.ResourceInvoker.InvokeFilterPipelineAsync()
   at Microsoft.AspNetCore.Mvc.Internal.ResourceInvoker.InvokeAsync()
   at Microsoft.AspNetCore.Routing.EndpointMiddleware.Invoke(HttpContext httpContext)
   at Microsoft.AspNetCore.Routing.EndpointRoutingMiddleware.Invoke(HttpContext httpContext)
   at THD.Core.Api.Private.ErrorHandlingMiddleware.Invoke(HttpContext context) in C:\Work Project\React Project\eFilling\EFilling.WebApi\THD.Core.Api\THD.Core.Api.Private\Core\ErrorHandlingMiddleware.cs:line 24
2019/12/15 07:04:51.350    7   System.FormatException: Failed to convert parameter value from a String to a Int32. ---> System.FormatException: Input string was not in a correct format.
   at System.Number.StringToNumber(ReadOnlySpan`1 str, NumberStyles options, NumberBuffer& number, NumberFormatInfo info, Boolean parseDecimal)
   at System.Number.ParseInt32(ReadOnlySpan`1 s, NumberStyles style, NumberFormatInfo info)
   at System.String.System.IConvertible.ToInt32(IFormatProvider provider)
   at System.Convert.ChangeType(Object value, Type conversionType, IFormatProvider provider)
   at System.Data.SqlClient.SqlParameter.CoerceValue(Object value, MetaType destinationType, Boolean& coercedToDataFeed, Boolean& typeChanged, Boolean allowStreaming)
   --- End of inner exception stack trace ---
   at THD.Core.Api.Repository.DataHandler.DocMenuC3Repository.AddDocMenuC3Async(ModelMenuC3 model) in C:\Work Project\React Project\eFilling\EFilling.WebApi\THD.Core.Api\THD.Core.Api.Repository\DataHandler\DocMenuC3Repository.cs:line 294
   at THD.Core.Api.Business.DocMenuCService.AddDocMenuC3Async(ModelMenuC3 model) in C:\Work Project\React Project\eFilling\EFilling.WebApi\THD.Core.Api\THD.Core.Api.Business\DocMenuCService.cs:line 200
   at THD.Core.Api.Private.Controllers.PrivateDocMenuCController.AddDocMenuC3(ModelMenuC3 model) in C:\Work Project\React Project\eFilling\EFilling.WebApi\THD.Core.Api\THD.Core.Api.Private\Controllers\PrivateDocMenuCController.cs:line 316
   at Microsoft.AspNetCore.Mvc.Internal.ActionMethodExecutor.TaskOfIActionResultExecutor.Execute(IActionResultTypeMapper mapper, ObjectMethodExecutor executor, Object controller, Object[] arguments)
   at System.Threading.Tasks.ValueTask`1.get_Result()
   at Microsoft.AspNetCore.Mvc.Internal.ControllerActionInvoker.InvokeActionMethodAsync()
   at Microsoft.AspNetCore.Mvc.Internal.ControllerActionInvoker.InvokeNextActionFilterAsync()
   at Microsoft.AspNetCore.Mvc.Internal.ControllerActionInvoker.Rethrow(ActionExecutedContext context)
   at Microsoft.AspNetCore.Mvc.Internal.ControllerActionInvoker.Next(State& next, Scope& scope, Object& state, Boolean& isCompleted)
   at Microsoft.AspNetCore.Mvc.Internal.ControllerActionInvoker.InvokeInnerFilterAsync()
   at Microsoft.AspNetCore.Mvc.Internal.ResourceInvoker.InvokeNextResourceFilter()
   at Microsoft.AspNetCore.Mvc.Internal.ResourceInvoker.Rethrow(ResourceExecutedContext context)
   at Microsoft.AspNetCore.Mvc.Internal.ResourceInvoker.Next(State& next, Scope& scope, Object& state, Boolean& isCompleted)
   at Microsoft.AspNetCore.Mvc.Internal.ResourceInvoker.InvokeFilterPipelineAsync()
   at Microsoft.AspNetCore.Mvc.Internal.ResourceInvoker.InvokeAsync()
   at Microsoft.AspNetCore.Routing.EndpointMiddleware.Invoke(HttpContext httpContext)
   at Microsoft.AspNetCore.Routing.EndpointRoutingMiddleware.Invoke(HttpContext httpContext)
   at THD.Core.Api.Private.ErrorHandlingMiddleware.Invoke(HttpContext context) in C:\Work Project\React Project\eFilling\EFilling.WebApi\THD.Core.Api\THD.Core.Api.Private\Core\ErrorHandlingMiddleware.cs:line 24
2019/12/15 07:09:22.882    15   System.Data.SqlClient.SqlException (0x80131904): Invalid column name 'round_of_closed'.
   at System.Data.SqlClient.SqlConnection.OnError(SqlException exception, Boolean breakConnection, Action`1 wrapCloseInAction)
   at System.Data.SqlClient.TdsParser.ThrowExceptionAndWarning(TdsParserStateObject stateObj, Boolean callerHasConnectionLock, Boolean asyncClose)
   at System.Data.SqlClient.TdsParser.TryRun(RunBehavior runBehavior, SqlCommand cmdHandler, SqlDataReader dataStream, BulkCopySimpleResultSet bulkCopyHandler, TdsParserStateObject stateObj, Boolean& dataReady)
   at System.Data.SqlClient.SqlDataReader.TryConsumeMetaData()
   at System.Data.SqlClient.SqlDataReader.get_MetaData()
   at System.Data.SqlClient.SqlCommand.FinishExecuteReader(SqlDataReader ds, RunBehavior runBehavior, String resetOptionsString)
   at System.Data.SqlClient.SqlCommand.CompleteAsyncExecuteReader()
   at System.Data.SqlClient.SqlCommand.InternalEndExecuteReader(IAsyncResult asyncResult, String endMethod)
   at System.Data.SqlClient.SqlCommand.EndExecuteReaderInternal(IAsyncResult asyncResult)
   at System.Data.SqlClient.SqlCommand.EndExecuteReader(IAsyncResult asyncResult)
   at System.Threading.Tasks.TaskFactory`1.FromAsyncCoreLogic(IAsyncResult iar, Func`2 endFunction, Action`1 endAction, Task`1 promise, Boolean requiresSynchronization)
--- End of stack trace from previous location where exception was thrown ---
   at THD.Core.Api.Repository.DataHandler.DocMenuC3Repository.GetAllMeetingIdAsync() in C:\Work Project\React Project\eFilling\EFilling.WebApi\THD.Core.Api\THD.Core.Api.Repository\DataHandler\DocMenuC3Repository.cs:line 1961
   at THD.Core.Api.Repository.DataHandler.DocMenuC3Repository.MenuC31InterfaceDataAsync() in C:\Work Project\React Project\eFilling\EFilling.WebApi\THD.Core.Api\THD.Core.Api.Repository\DataHandler\DocMenuC3Repository.cs:line 310
   at THD.Core.Api.Business.DocMenuCService.MenuC31InterfaceDataAsync() in C:\Work Project\React Project\eFilling\EFilling.WebApi\THD.Core.Api\THD.Core.Api.Business\DocMenuCService.cs:line 217
   at THD.Core.Api.Private.Controllers.PrivateDocMenuCController.MenuC31InterfaceData() in C:\Work Project\React Project\eFilling\EFilling.WebApi\THD.Core.Api\THD.Core.Api.Private\Controllers\PrivateDocMenuCController.cs:line 340
   at Microsoft.AspNetCore.Mvc.Internal.ActionMethodExecutor.TaskOfIActionResultExecutor.Execute(IActionResultTypeMapper mapper, ObjectMethodExecutor executor, Object controller, Object[] arguments)
   at System.Threading.Tasks.ValueTask`1.get_Result()
   at Microsoft.AspNetCore.Mvc.Internal.ControllerActionInvoker.InvokeActionMethodAsync()
   at Microsoft.AspNetCore.Mvc.Internal.ControllerActionInvoker.InvokeNextActionFilterAsync()
   at Microsoft.AspNetCore.Mvc.Internal.ControllerActionInvoker.Rethrow(ActionExecutedContext context)
   at Microsoft.AspNetCore.Mvc.Internal.ControllerActionInvoker.Next(State& next, Scope& scope, Object& state, Boolean& isCompleted)
   at Microsoft.AspNetCore.Mvc.Internal.ControllerActionInvoker.InvokeInnerFilterAsync()
   at Microsoft.AspNetCore.Mvc.Internal.ResourceInvoker.InvokeNextResourceFilter()
   at Microsoft.AspNetCore.Mvc.Internal.ResourceInvoker.Rethrow(ResourceExecutedContext context)
   at Microsoft.AspNetCore.Mvc.Internal.ResourceInvoker.Next(State& next, Scope& scope, Object& state, Boolean& isCompleted)
   at Microsoft.AspNetCore.Mvc.Internal.ResourceInvoker.InvokeFilterPipelineAsync()
   at Microsoft.AspNetCore.Mvc.Internal.ResourceInvoker.InvokeAsync()
   at Microsoft.AspNetCore.Routing.EndpointMiddleware.Invoke(HttpContext httpContext)
   at Microsoft.AspNetCore.Routing.EndpointRoutingMiddleware.Invoke(HttpContext httpContext)
   at THD.Core.Api.Private.ErrorHandlingMiddleware.Invoke(HttpContext context) in C:\Work Project\React Project\eFilling\EFilling.WebApi\THD.Core.Api\THD.Core.Api.Private\Core\ErrorHandlingMiddleware.cs:line 24
ClientConnectionId:21e4223f-ccd2-4f12-a336-2ca6c2b0773a
Error Number:207,State:1,Class:16
2019/12/15 07:22:33.959    7   System.IndexOutOfRangeException: meeting_date
   at System.Data.ProviderBase.BasicFieldNameLookup.GetOrdinal(String fieldName)
   at System.Data.SqlClient.SqlDataReader.GetOrdinal(String name)
   at System.Data.SqlClient.SqlDataReader.get_Item(String name)
   at THD.Core.Api.Repository.DataHandler.DocMenuC3Repository.GetDefaultRoundC3Async(Int32 yearof) in C:\Work Project\React Project\eFilling\EFilling.WebApi\THD.Core.Api\THD.Core.Api.Repository\DataHandler\DocMenuC3Repository.cs:line 239
   at THD.Core.Api.Repository.DataHandler.DocMenuC3Repository.MenuC3InterfaceDataAsync() in C:\Work Project\React Project\eFilling\EFilling.WebApi\THD.Core.Api\THD.Core.Api.Repository\DataHandler\DocMenuC3Repository.cs:line 72
   at THD.Core.Api.Business.DocMenuCService.MenuC3InterfaceDataAsync() in C:\Work Project\React Project\eFilling\EFilling.WebApi\THD.Core.Api\THD.Core.Api.Business\DocMenuCService.cs:line 187
   at THD.Core.Api.Private.Controllers.PrivateDocMenuCController.MenuC3InterfaceData() in C:\Work Project\React Project\eFilling\EFilling.WebApi\THD.Core.Api\THD.Core.Api.Private\Controllers\PrivateDocMenuCController.cs:line 306
   at Microsoft.AspNetCore.Mvc.Internal.ActionMethodExecutor.TaskOfIActionResultExecutor.Execute(IActionResultTypeMapper mapper, ObjectMethodExecutor executor, Object controller, Object[] arguments)
   at System.Threading.Tasks.ValueTask`1.get_Result()
   at Microsoft.AspNetCore.Mvc.Internal.ControllerActionInvoker.InvokeActionMethodAsync()
   at Microsoft.AspNetCore.Mvc.Internal.ControllerActionInvoker.InvokeNextActionFilterAsync()
   at Microsoft.AspNetCore.Mvc.Internal.ControllerActionInvoker.Rethrow(ActionExecutedContext context)
   at Microsoft.AspNetCore.Mvc.Internal.ControllerActionInvoker.Next(State& next, Scope& scope, Object& state, Boolean& isCompleted)
   at Microsoft.AspNetCore.Mvc.Internal.ControllerActionInvoker.InvokeInnerFilterAsync()
   at Microsoft.AspNetCore.Mvc.Internal.ResourceInvoker.InvokeNextResourceFilter()
   at Microsoft.AspNetCore.Mvc.Internal.ResourceInvoker.Rethrow(ResourceExecutedContext context)
   at Microsoft.AspNetCore.Mvc.Internal.ResourceInvoker.Next(State& next, Scope& scope, Object& state, Boolean& isCompleted)
   at Microsoft.AspNetCore.Mvc.Internal.ResourceInvoker.InvokeFilterPipelineAsync()
   at Microsoft.AspNetCore.Mvc.Internal.ResourceInvoker.InvokeAsync()
   at Microsoft.AspNetCore.Routing.EndpointMiddleware.Invoke(HttpContext httpContext)
   at Microsoft.AspNetCore.Routing.EndpointRoutingMiddleware.Invoke(HttpContext httpContext)
   at THD.Core.Api.Private.ErrorHandlingMiddleware.Invoke(HttpContext context) in C:\Work Project\React Project\eFilling\EFilling.WebApi\THD.Core.Api\THD.Core.Api.Private\Core\ErrorHandlingMiddleware.cs:line 24
2019/12/15 07:24:39.137    16   System.IndexOutOfRangeException: meeting_date
   at System.Data.ProviderBase.BasicFieldNameLookup.GetOrdinal(String fieldName)
   at System.Data.SqlClient.SqlDataReader.GetOrdinal(String name)
   at System.Data.SqlClient.SqlDataReader.get_Item(String name)
   at THD.Core.Api.Repository.DataHandler.DocMenuC3Repository.GetDefaultRoundC3Async(Int32 yearof) in C:\Work Project\React Project\eFilling\EFilling.WebApi\THD.Core.Api\THD.Core.Api.Repository\DataHandler\DocMenuC3Repository.cs:line 239
   at THD.Core.Api.Repository.DataHandler.DocMenuC3Repository.MenuC3InterfaceDataAsync() in C:\Work Project\React Project\eFilling\EFilling.WebApi\THD.Core.Api\THD.Core.Api.Repository\DataHandler\DocMenuC3Repository.cs:line 72
   at THD.Core.Api.Business.DocMenuCService.MenuC3InterfaceDataAsync() in C:\Work Project\React Project\eFilling\EFilling.WebApi\THD.Core.Api\THD.Core.Api.Business\DocMenuCService.cs:line 187
   at THD.Core.Api.Private.Controllers.PrivateDocMenuCController.MenuC3InterfaceData() in C:\Work Project\React Project\eFilling\EFilling.WebApi\THD.Core.Api\THD.Core.Api.Private\Controllers\PrivateDocMenuCController.cs:line 306
   at Microsoft.AspNetCore.Mvc.Internal.ActionMethodExecutor.TaskOfIActionResultExecutor.Execute(IActionResultTypeMapper mapper, ObjectMethodExecutor executor, Object controller, Object[] arguments)
   at System.Threading.Tasks.ValueTask`1.get_Result()
   at Microsoft.AspNetCore.Mvc.Internal.ControllerActionInvoker.InvokeActionMethodAsync()
   at Microsoft.AspNetCore.Mvc.Internal.ControllerActionInvoker.InvokeNextActionFilterAsync()
   at Microsoft.AspNetCore.Mvc.Internal.ControllerActionInvoker.Rethrow(ActionExecutedContext context)
   at Microsoft.AspNetCore.Mvc.Internal.ControllerActionInvoker.Next(State& next, Scope& scope, Object& state, Boolean& isCompleted)
   at Microsoft.AspNetCore.Mvc.Internal.ControllerActionInvoker.InvokeInnerFilterAsync()
   at Microsoft.AspNetCore.Mvc.Internal.ResourceInvoker.InvokeNextResourceFilter()
   at Microsoft.AspNetCore.Mvc.Internal.ResourceInvoker.Rethrow(ResourceExecutedContext context)
   at Microsoft.AspNetCore.Mvc.Internal.ResourceInvoker.Next(State& next, Scope& scope, Object& state, Boolean& isCompleted)
   at Microsoft.AspNetCore.Mvc.Internal.ResourceInvoker.InvokeFilterPipelineAsync()
   at Microsoft.AspNetCore.Mvc.Internal.ResourceInvoker.InvokeAsync()
   at Microsoft.AspNetCore.Routing.EndpointMiddleware.Invoke(HttpContext httpContext)
   at Microsoft.AspNetCore.Routing.EndpointRoutingMiddleware.Invoke(HttpContext httpContext)
   at THD.Core.Api.Private.ErrorHandlingMiddleware.Invoke(HttpContext context) in C:\Work Project\React Project\eFilling\EFilling.WebApi\THD.Core.Api\THD.Core.Api.Private\Core\ErrorHandlingMiddleware.cs:line 24
2019/12/15 07:24:43.890    16   System.IndexOutOfRangeException: meeting_date
   at System.Data.ProviderBase.BasicFieldNameLookup.GetOrdinal(String fieldName)
   at System.Data.SqlClient.SqlDataReader.GetOrdinal(String name)
   at System.Data.SqlClient.SqlDataReader.get_Item(String name)
   at THD.Core.Api.Repository.DataHandler.DocMenuC3Repository.GetDefaultRoundC3Async(Int32 yearof) in C:\Work Project\React Project\eFilling\EFilling.WebApi\THD.Core.Api\THD.Core.Api.Repository\DataHandler\DocMenuC3Repository.cs:line 239
   at THD.Core.Api.Repository.DataHandler.DocMenuC3Repository.MenuC3InterfaceDataAsync() in C:\Work Project\React Project\eFilling\EFilling.WebApi\THD.Core.Api\THD.Core.Api.Repository\DataHandler\DocMenuC3Repository.cs:line 72
   at THD.Core.Api.Business.DocMenuCService.MenuC3InterfaceDataAsync() in C:\Work Project\React Project\eFilling\EFilling.WebApi\THD.Core.Api\THD.Core.Api.Business\DocMenuCService.cs:line 187
   at THD.Core.Api.Private.Controllers.PrivateDocMenuCController.MenuC3InterfaceData() in C:\Work Project\React Project\eFilling\EFilling.WebApi\THD.Core.Api\THD.Core.Api.Private\Controllers\PrivateDocMenuCController.cs:line 306
   at Microsoft.AspNetCore.Mvc.Internal.ActionMethodExecutor.TaskOfIActionResultExecutor.Execute(IActionResultTypeMapper mapper, ObjectMethodExecutor executor, Object controller, Object[] arguments)
   at System.Threading.Tasks.ValueTask`1.get_Result()
   at Microsoft.AspNetCore.Mvc.Internal.ControllerActionInvoker.InvokeActionMethodAsync()
   at Microsoft.AspNetCore.Mvc.Internal.ControllerActionInvoker.InvokeNextActionFilterAsync()
   at Microsoft.AspNetCore.Mvc.Internal.ControllerActionInvoker.Rethrow(ActionExecutedContext context)
   at Microsoft.AspNetCore.Mvc.Internal.ControllerActionInvoker.Next(State& next, Scope& scope, Object& state, Boolean& isCompleted)
   at Microsoft.AspNetCore.Mvc.Internal.ControllerActionInvoker.InvokeInnerFilterAsync()
   at Microsoft.AspNetCore.Mvc.Internal.ResourceInvoker.InvokeNextResourceFilter()
   at Microsoft.AspNetCore.Mvc.Internal.ResourceInvoker.Rethrow(ResourceExecutedContext context)
   at Microsoft.AspNetCore.Mvc.Internal.ResourceInvoker.Next(State& next, Scope& scope, Object& state, Boolean& isCompleted)
   at Microsoft.AspNetCore.Mvc.Internal.ResourceInvoker.InvokeFilterPipelineAsync()
   at Microsoft.AspNetCore.Mvc.Internal.ResourceInvoker.InvokeAsync()
   at Microsoft.AspNetCore.Routing.EndpointMiddleware.Invoke(HttpContext httpContext)
   at Microsoft.AspNetCore.Routing.EndpointRoutingMiddleware.Invoke(HttpContext httpContext)
   at THD.Core.Api.Private.ErrorHandlingMiddleware.Invoke(HttpContext context) in C:\Work Project\React Project\eFilling\EFilling.WebApi\THD.Core.Api\THD.Core.Api.Private\Core\ErrorHandlingMiddleware.cs:line 24
2019/12/15 07:26:29.709    6   System.Data.SqlClient.SqlException (0x80131904): Invalid column name 'round_of_closed'.
   at System.Data.SqlClient.SqlConnection.OnError(SqlException exception, Boolean breakConnection, Action`1 wrapCloseInAction)
   at System.Data.SqlClient.TdsParser.ThrowExceptionAndWarning(TdsParserStateObject stateObj, Boolean callerHasConnectionLock, Boolean asyncClose)
   at System.Data.SqlClient.TdsParser.TryRun(RunBehavior runBehavior, SqlCommand cmdHandler, SqlDataReader dataStream, BulkCopySimpleResultSet bulkCopyHandler, TdsParserStateObject stateObj, Boolean& dataReady)
   at System.Data.SqlClient.SqlDataReader.TryConsumeMetaData()
   at System.Data.SqlClient.SqlDataReader.get_MetaData()
   at System.Data.SqlClient.SqlCommand.FinishExecuteReader(SqlDataReader ds, RunBehavior runBehavior, String resetOptionsString)
   at System.Data.SqlClient.SqlCommand.CompleteAsyncExecuteReader()
   at System.Data.SqlClient.SqlCommand.InternalEndExecuteReader(IAsyncResult asyncResult, String endMethod)
   at System.Data.SqlClient.SqlCommand.EndExecuteReaderInternal(IAsyncResult asyncResult)
   at System.Data.SqlClient.SqlCommand.EndExecuteReader(IAsyncResult asyncResult)
   at System.Threading.Tasks.TaskFactory`1.FromAsyncCoreLogic(IAsyncResult iar, Func`2 endFunction, Action`1 endAction, Task`1 promise, Boolean requiresSynchronization)
--- End of stack trace from previous location where exception was thrown ---
   at THD.Core.Api.Repository.DataHandler.DocMenuC3Repository.GetAllMeetingIdAsync() in C:\Work Project\React Project\eFilling\EFilling.WebApi\THD.Core.Api\THD.Core.Api.Repository\DataHandler\DocMenuC3Repository.cs:line 1963
   at THD.Core.Api.Repository.DataHandler.DocMenuC3Repository.MenuC31InterfaceDataAsync() in C:\Work Project\React Project\eFilling\EFilling.WebApi\THD.Core.Api\THD.Core.Api.Repository\DataHandler\DocMenuC3Repository.cs:line 312
   at THD.Core.Api.Business.DocMenuCService.MenuC31InterfaceDataAsync() in C:\Work Project\React Project\eFilling\EFilling.WebApi\THD.Core.Api\THD.Core.Api.Business\DocMenuCService.cs:line 218
   at THD.Core.Api.Private.Controllers.PrivateDocMenuCController.MenuC31InterfaceData() in C:\Work Project\React Project\eFilling\EFilling.WebApi\THD.Core.Api\THD.Core.Api.Private\Controllers\PrivateDocMenuCController.cs:line 340
   at Microsoft.AspNetCore.Mvc.Internal.ActionMethodExecutor.TaskOfIActionResultExecutor.Execute(IActionResultTypeMapper mapper, ObjectMethodExecutor executor, Object controller, Object[] arguments)
   at System.Threading.Tasks.ValueTask`1.get_Result()
   at Microsoft.AspNetCore.Mvc.Internal.ControllerActionInvoker.InvokeActionMethodAsync()
   at Microsoft.AspNetCore.Mvc.Internal.ControllerActionInvoker.InvokeNextActionFilterAsync()
   at Microsoft.AspNetCore.Mvc.Internal.ControllerActionInvoker.Rethrow(ActionExecutedContext context)
   at Microsoft.AspNetCore.Mvc.Internal.ControllerActionInvoker.Next(State& next, Scope& scope, Object& state, Boolean& isCompleted)
   at Microsoft.AspNetCore.Mvc.Internal.ControllerActionInvoker.InvokeInnerFilterAsync()
   at Microsoft.AspNetCore.Mvc.Internal.ResourceInvoker.InvokeNextResourceFilter()
   at Microsoft.AspNetCore.Mvc.Internal.ResourceInvoker.Rethrow(ResourceExecutedContext context)
   at Microsoft.AspNetCore.Mvc.Internal.ResourceInvoker.Next(State& next, Scope& scope, Object& state, Boolean& isCompleted)
   at Microsoft.AspNetCore.Mvc.Internal.ResourceInvoker.InvokeFilterPipelineAsync()
   at Microsoft.AspNetCore.Mvc.Internal.ResourceInvoker.InvokeAsync()
   at Microsoft.AspNetCore.Routing.EndpointMiddleware.Invoke(HttpContext httpContext)
   at Microsoft.AspNetCore.Routing.EndpointRoutingMiddleware.Invoke(HttpContext httpContext)
   at THD.Core.Api.Private.ErrorHandlingMiddleware.Invoke(HttpContext context) in C:\Work Project\React Project\eFilling\EFilling.WebApi\THD.Core.Api\THD.Core.Api.Private\Core\ErrorHandlingMiddleware.cs:line 24
ClientConnectionId:f646adfa-7eb1-40a0-8a67-ce1e1b20c5d2
Error Number:207,State:1,Class:16
2019/12/15 07:26:48.173    20   System.Data.SqlClient.SqlException (0x80131904): Invalid column name 'round_of_closed'.
   at System.Data.SqlClient.SqlConnection.OnError(SqlException exception, Boolean breakConnection, Action`1 wrapCloseInAction)
   at System.Data.SqlClient.TdsParser.ThrowExceptionAndWarning(TdsParserStateObject stateObj, Boolean callerHasConnectionLock, Boolean asyncClose)
   at System.Data.SqlClient.TdsParser.TryRun(RunBehavior runBehavior, SqlCommand cmdHandler, SqlDataReader dataStream, BulkCopySimpleResultSet bulkCopyHandler, TdsParserStateObject stateObj, Boolean& dataReady)
   at System.Data.SqlClient.SqlDataReader.TryConsumeMetaData()
   at System.Data.SqlClient.SqlDataReader.get_MetaData()
   at System.Data.SqlClient.SqlCommand.FinishExecuteReader(SqlDataReader ds, RunBehavior runBehavior, String resetOptionsString)
   at System.Data.SqlClient.SqlCommand.CompleteAsyncExecuteReader()
   at System.Data.SqlClient.SqlCommand.InternalEndExecuteReader(IAsyncResult asyncResult, String endMethod)
   at System.Data.SqlClient.SqlCommand.EndExecuteReaderInternal(IAsyncResult asyncResult)
   at System.Data.SqlClient.SqlCommand.EndExecuteReader(IAsyncResult asyncResult)
   at System.Threading.Tasks.TaskFactory`1.FromAsyncCoreLogic(IAsyncResult iar, Func`2 endFunction, Action`1 endAction, Task`1 promise, Boolean requiresSynchronization)
--- End of stack trace from previous location where exception was thrown ---
   at THD.Core.Api.Repository.DataHandler.DocMenuC3Repository.GetAllMeetingIdAsync() in C:\Work Project\React Project\eFilling\EFilling.WebApi\THD.Core.Api\THD.Core.Api.Repository\DataHandler\DocMenuC3Repository.cs:line 1963
   at THD.Core.Api.Repository.DataHandler.DocMenuC3Repository.MenuC31InterfaceDataAsync() in C:\Work Project\React Project\eFilling\EFilling.WebApi\THD.Core.Api\THD.Core.Api.Repository\DataHandler\DocMenuC3Repository.cs:line 312
   at THD.Core.Api.Business.DocMenuCService.MenuC31InterfaceDataAsync() in C:\Work Project\React Project\eFilling\EFilling.WebApi\THD.Core.Api\THD.Core.Api.Business\DocMenuCService.cs:line 218
   at THD.Core.Api.Private.Controllers.PrivateDocMenuCController.MenuC31InterfaceData() in C:\Work Project\React Project\eFilling\EFilling.WebApi\THD.Core.Api\THD.Core.Api.Private\Controllers\PrivateDocMenuCController.cs:line 340
   at Microsoft.AspNetCore.Mvc.Internal.ActionMethodExecutor.TaskOfIActionResultExecutor.Execute(IActionResultTypeMapper mapper, ObjectMethodExecutor executor, Object controller, Object[] arguments)
   at System.Threading.Tasks.ValueTask`1.get_Result()
   at Microsoft.AspNetCore.Mvc.Internal.ControllerActionInvoker.InvokeActionMethodAsync()
   at Microsoft.AspNetCore.Mvc.Internal.ControllerActionInvoker.InvokeNextActionFilterAsync()
   at Microsoft.AspNetCore.Mvc.Internal.ControllerActionInvoker.Rethrow(ActionExecutedContext context)
   at Microsoft.AspNetCore.Mvc.Internal.ControllerActionInvoker.Next(State& next, Scope& scope, Object& state, Boolean& isCompleted)
   at Microsoft.AspNetCore.Mvc.Internal.ControllerActionInvoker.InvokeInnerFilterAsync()
   at Microsoft.AspNetCore.Mvc.Internal.ResourceInvoker.InvokeNextResourceFilter()
   at Microsoft.AspNetCore.Mvc.Internal.ResourceInvoker.Rethrow(ResourceExecutedContext context)
   at Microsoft.AspNetCore.Mvc.Internal.ResourceInvoker.Next(State& next, Scope& scope, Object& state, Boolean& isCompleted)
   at Microsoft.AspNetCore.Mvc.Internal.ResourceInvoker.InvokeFilterPipelineAsync()
   at Microsoft.AspNetCore.Mvc.Internal.ResourceInvoker.InvokeAsync()
   at Microsoft.AspNetCore.Routing.EndpointMiddleware.Invoke(HttpContext httpContext)
   at Microsoft.AspNetCore.Routing.EndpointRoutingMiddleware.Invoke(HttpContext httpContext)
   at THD.Core.Api.Private.ErrorHandlingMiddleware.Invoke(HttpContext context) in C:\Work Project\React Project\eFilling\EFilling.WebApi\THD.Core.Api\THD.Core.Api.Private\Core\ErrorHandlingMiddleware.cs:line 24
ClientConnectionId:f646adfa-7eb1-40a0-8a67-ce1e1b20c5d2
Error Number:207,State:1,Class:16
2019/12/15 08:22:32.609    35   System.NullReferenceException: Object reference not set to an instance of an object.
   at THD.Core.Api.Repository.DataHandler.DocMenuB1Repository.MenuB1InterfaceDataAsync() in C:\Work Project\React Project\eFilling\EFilling.WebApi\THD.Core.Api\THD.Core.Api.Repository\DataHandler\DocMenuB1Repository.cs:line 40
   at THD.Core.Api.Business.DocMenuBService.MenuB1InterfaceDataAsync() in C:\Work Project\React Project\eFilling\EFilling.WebApi\THD.Core.Api\THD.Core.Api.Business\DocMenuBService.cs:line 37
   at THD.Core.Api.Private.Controllers.PrivateDocMenuBController.MenuB1InterfaceData() in C:\Work Project\React Project\eFilling\EFilling.WebApi\THD.Core.Api\THD.Core.Api.Private\Controllers\PrivateDocMenuBController.cs:line 38
   at Microsoft.AspNetCore.Mvc.Internal.ActionMethodExecutor.TaskOfIActionResultExecutor.Execute(IActionResultTypeMapper mapper, ObjectMethodExecutor executor, Object controller, Object[] arguments)
   at System.Threading.Tasks.ValueTask`1.get_Result()
   at Microsoft.AspNetCore.Mvc.Internal.ControllerActionInvoker.InvokeActionMethodAsync()
   at Microsoft.AspNetCore.Mvc.Internal.ControllerActionInvoker.InvokeNextActionFilterAsync()
   at Microsoft.AspNetCore.Mvc.Internal.ControllerActionInvoker.Rethrow(ActionExecutedContext context)
   at Microsoft.AspNetCore.Mvc.Internal.ControllerActionInvoker.Next(State& next, Scope& scope, Object& state, Boolean& isCompleted)
   at Microsoft.AspNetCore.Mvc.Internal.ControllerActionInvoker.InvokeInnerFilterAsync()
   at Microsoft.AspNetCore.Mvc.Internal.ResourceInvoker.InvokeNextResourceFilter()
   at Microsoft.AspNetCore.Mvc.Internal.ResourceInvoker.Rethrow(ResourceExecutedContext context)
   at Microsoft.AspNetCore.Mvc.Internal.ResourceInvoker.Next(State& next, Scope& scope, Object& state, Boolean& isCompleted)
   at Microsoft.AspNetCore.Mvc.Internal.ResourceInvoker.InvokeFilterPipelineAsync()
   at Microsoft.AspNetCore.Mvc.Internal.ResourceInvoker.InvokeAsync()
   at Microsoft.AspNetCore.Routing.EndpointMiddleware.Invoke(HttpContext httpContext)
   at Microsoft.AspNetCore.Routing.EndpointRoutingMiddleware.Invoke(HttpContext httpContext)
   at THD.Core.Api.Private.ErrorHandlingMiddleware.Invoke(HttpContext context) in C:\Work Project\React Project\eFilling\EFilling.WebApi\THD.Core.Api\THD.Core.Api.Private\Core\ErrorHandlingMiddleware.cs:line 24
2019/12/15 08:23:56.390    21   System.Data.SqlClient.SqlException (0x80131904): Invalid column name 'agenda_3_project_number'.
   at System.Data.SqlClient.SqlConnection.OnError(SqlException exception, Boolean breakConnection, Action`1 wrapCloseInAction)
   at System.Data.SqlClient.TdsParser.ThrowExceptionAndWarning(TdsParserStateObject stateObj, Boolean callerHasConnectionLock, Boolean asyncClose)
   at System.Data.SqlClient.TdsParser.TryRun(RunBehavior runBehavior, SqlCommand cmdHandler, SqlDataReader dataStream, BulkCopySimpleResultSet bulkCopyHandler, TdsParserStateObject stateObj, Boolean& dataReady)
   at System.Data.SqlClient.SqlDataReader.TryConsumeMetaData()
   at System.Data.SqlClient.SqlDataReader.get_MetaData()
   at System.Data.SqlClient.SqlCommand.FinishExecuteReader(SqlDataReader ds, RunBehavior runBehavior, String resetOptionsString)
   at System.Data.SqlClient.SqlCommand.CompleteAsyncExecuteReader()
   at System.Data.SqlClient.SqlCommand.InternalEndExecuteReader(IAsyncResult asyncResult, String endMethod)
   at System.Data.SqlClient.SqlCommand.EndExecuteReaderInternal(IAsyncResult asyncResult)
   at System.Data.SqlClient.SqlCommand.EndExecuteReader(IAsyncResult asyncResult)
   at System.Threading.Tasks.TaskFactory`1.FromAsyncCoreLogic(IAsyncResult iar, Func`2 endFunction, Action`1 endAction, Task`1 promise, Boolean requiresSynchronization)
--- End of stack trace from previous location where exception was thrown ---
   at THD.Core.Api.Repository.DataHandler.DocMenuD1Repository.GetAllProjectNumberWithNameAsync(String projectnumber) in C:\Work Project\React Project\eFilling\EFilling.WebApi\THD.Core.Api\THD.Core.Api.Repository\DataHandler\DocMenuD1Repository.cs:line 58
   at THD.Core.Api.Repository.DataHandler.DocMenuD1Repository.MenuD1InterfaceDataAsync() in C:\Work Project\React Project\eFilling\EFilling.WebApi\THD.Core.Api\THD.Core.Api.Repository\DataHandler\DocMenuD1Repository.cs:line 35
   at THD.Core.Api.Business.DocMenuDService.MenuD1InterfaceDataAsync() in C:\Work Project\React Project\eFilling\EFilling.WebApi\THD.Core.Api\THD.Core.Api.Business\DocMenuDService.cs:line 37
   at THD.Core.Api.Private.Controllers.PrivateDocMenuDController.MenuD1InterfaceData() in C:\Work Project\React Project\eFilling\EFilling.WebApi\THD.Core.Api\THD.Core.Api.Private\Controllers\PrivateDocMenuDController.cs:line 38
   at Microsoft.AspNetCore.Mvc.Internal.ActionMethodExecutor.TaskOfIActionResultExecutor.Execute(IActionResultTypeMapper mapper, ObjectMethodExecutor executor, Object controller, Object[] arguments)
   at System.Threading.Tasks.ValueTask`1.get_Result()
   at Microsoft.AspNetCore.Mvc.Internal.ControllerActionInvoker.InvokeActionMethodAsync()
   at Microsoft.AspNetCore.Mvc.Internal.ControllerActionInvoker.InvokeNextActionFilterAsync()
   at Microsoft.AspNetCore.Mvc.Internal.ControllerActionInvoker.Rethrow(ActionExecutedContext context)
   at Microsoft.AspNetCore.Mvc.Internal.ControllerActionInvoker.Next(State& next, Scope& scope, Object& state, Boolean& isCompleted)
   at Microsoft.AspNetCore.Mvc.Internal.ControllerActionInvoker.InvokeInnerFilterAsync()
   at Microsoft.AspNetCore.Mvc.Internal.ResourceInvoker.InvokeNextResourceFilter()
   at Microsoft.AspNetCore.Mvc.Internal.ResourceInvoker.Rethrow(ResourceExecutedContext context)
   at Microsoft.AspNetCore.Mvc.Internal.ResourceInvoker.Next(State& next, Scope& scope, Object& state, Boolean& isCompleted)
   at Microsoft.AspNetCore.Mvc.Internal.ResourceInvoker.InvokeFilterPipelineAsync()
   at Microsoft.AspNetCore.Mvc.Internal.ResourceInvoker.InvokeAsync()
   at Microsoft.AspNetCore.Routing.EndpointMiddleware.Invoke(HttpContext httpContext)
   at Microsoft.AspNetCore.Routing.EndpointRoutingMiddleware.Invoke(HttpContext httpContext)
   at THD.Core.Api.Private.ErrorHandlingMiddleware.Invoke(HttpContext context) in C:\Work Project\React Project\eFilling\EFilling.WebApi\THD.Core.Api\THD.Core.Api.Private\Core\ErrorHandlingMiddleware.cs:line 24
ClientConnectionId:071d0c02-f0f5-467f-9828-0aa3cfdd9e4c
Error Number:207,State:1,Class:16
2019/12/15 08:24:10.533    28   System.NullReferenceException: Object reference not set to an instance of an object.
   at THD.Core.Api.Repository.DataHandler.DocMenuB1Repository.MenuB1InterfaceDataAsync() in C:\Work Project\React Project\eFilling\EFilling.WebApi\THD.Core.Api\THD.Core.Api.Repository\DataHandler\DocMenuB1Repository.cs:line 40
   at THD.Core.Api.Business.DocMenuBService.MenuB1InterfaceDataAsync() in C:\Work Project\React Project\eFilling\EFilling.WebApi\THD.Core.Api\THD.Core.Api.Business\DocMenuBService.cs:line 37
   at THD.Core.Api.Private.Controllers.PrivateDocMenuBController.MenuB1InterfaceData() in C:\Work Project\React Project\eFilling\EFilling.WebApi\THD.Core.Api\THD.Core.Api.Private\Controllers\PrivateDocMenuBController.cs:line 38
   at Microsoft.AspNetCore.Mvc.Internal.ActionMethodExecutor.TaskOfIActionResultExecutor.Execute(IActionResultTypeMapper mapper, ObjectMethodExecutor executor, Object controller, Object[] arguments)
   at System.Threading.Tasks.ValueTask`1.get_Result()
   at Microsoft.AspNetCore.Mvc.Internal.ControllerActionInvoker.InvokeActionMethodAsync()
   at Microsoft.AspNetCore.Mvc.Internal.ControllerActionInvoker.InvokeNextActionFilterAsync()
   at Microsoft.AspNetCore.Mvc.Internal.ControllerActionInvoker.Rethrow(ActionExecutedContext context)
   at Microsoft.AspNetCore.Mvc.Internal.ControllerActionInvoker.Next(State& next, Scope& scope, Object& state, Boolean& isCompleted)
   at Microsoft.AspNetCore.Mvc.Internal.ControllerActionInvoker.InvokeInnerFilterAsync()
   at Microsoft.AspNetCore.Mvc.Internal.ResourceInvoker.InvokeNextResourceFilter()
   at Microsoft.AspNetCore.Mvc.Internal.ResourceInvoker.Rethrow(ResourceExecutedContext context)
   at Microsoft.AspNetCore.Mvc.Internal.ResourceInvoker.Next(State& next, Scope& scope, Object& state, Boolean& isCompleted)
   at Microsoft.AspNetCore.Mvc.Internal.ResourceInvoker.InvokeFilterPipelineAsync()
   at Microsoft.AspNetCore.Mvc.Internal.ResourceInvoker.InvokeAsync()
   at Microsoft.AspNetCore.Routing.EndpointMiddleware.Invoke(HttpContext httpContext)
   at Microsoft.AspNetCore.Routing.EndpointRoutingMiddleware.Invoke(HttpContext httpContext)
   at THD.Core.Api.Private.ErrorHandlingMiddleware.Invoke(HttpContext context) in C:\Work Project\React Project\eFilling\EFilling.WebApi\THD.Core.Api\THD.Core.Api.Private\Core\ErrorHandlingMiddleware.cs:line 24
2019/12/15 08:36:25.130    19   System.Data.SqlClient.SqlException (0x80131904): Invalid column name 'agenda_3_project_number'.
   at System.Data.SqlClient.SqlConnection.OnError(SqlException exception, Boolean breakConnection, Action`1 wrapCloseInAction)
   at System.Data.SqlClient.TdsParser.ThrowExceptionAndWarning(TdsParserStateObject stateObj, Boolean callerHasConnectionLock, Boolean asyncClose)
   at System.Data.SqlClient.TdsParser.TryRun(RunBehavior runBehavior, SqlCommand cmdHandler, SqlDataReader dataStream, BulkCopySimpleResultSet bulkCopyHandler, TdsParserStateObject stateObj, Boolean& dataReady)
   at System.Data.SqlClient.SqlDataReader.TryConsumeMetaData()
   at System.Data.SqlClient.SqlDataReader.get_MetaData()
   at System.Data.SqlClient.SqlCommand.FinishExecuteReader(SqlDataReader ds, RunBehavior runBehavior, String resetOptionsString)
   at System.Data.SqlClient.SqlCommand.CompleteAsyncExecuteReader()
   at System.Data.SqlClient.SqlCommand.InternalEndExecuteReader(IAsyncResult asyncResult, String endMethod)
   at System.Data.SqlClient.SqlCommand.EndExecuteReaderInternal(IAsyncResult asyncResult)
   at System.Data.SqlClient.SqlCommand.EndExecuteReader(IAsyncResult asyncResult)
   at System.Threading.Tasks.TaskFactory`1.FromAsyncCoreLogic(IAsyncResult iar, Func`2 endFunction, Action`1 endAction, Task`1 promise, Boolean requiresSynchronization)
--- End of stack trace from previous location where exception was thrown ---
   at THD.Core.Api.Repository.DataHandler.DocMenuD1Repository.GetAllProjectNumberWithNameAsync(String projectnumber) in C:\Work Project\React Project\eFilling\EFilling.WebApi\THD.Core.Api\THD.Core.Api.Repository\DataHandler\DocMenuD1Repository.cs:line 58
   at THD.Core.Api.Repository.DataHandler.DocMenuD1Repository.MenuD1InterfaceDataAsync() in C:\Work Project\React Project\eFilling\EFilling.WebApi\THD.Core.Api\THD.Core.Api.Repository\DataHandler\DocMenuD1Repository.cs:line 35
   at THD.Core.Api.Business.DocMenuDService.MenuD1InterfaceDataAsync() in C:\Work Project\React Project\eFilling\EFilling.WebApi\THD.Core.Api\THD.Core.Api.Business\DocMenuDService.cs:line 37
   at THD.Core.Api.Private.Controllers.PrivateDocMenuDController.MenuD1InterfaceData() in C:\Work Project\React Project\eFilling\EFilling.WebApi\THD.Core.Api\THD.Core.Api.Private\Controllers\PrivateDocMenuDController.cs:line 38
   at Microsoft.AspNetCore.Mvc.Internal.ActionMethodExecutor.TaskOfIActionResultExecutor.Execute(IActionResultTypeMapper mapper, ObjectMethodExecutor executor, Object controller, Object[] arguments)
   at System.Threading.Tasks.ValueTask`1.get_Result()
   at Microsoft.AspNetCore.Mvc.Internal.ControllerActionInvoker.InvokeActionMethodAsync()
   at Microsoft.AspNetCore.Mvc.Internal.ControllerActionInvoker.InvokeNextActionFilterAsync()
   at Microsoft.AspNetCore.Mvc.Internal.ControllerActionInvoker.Rethrow(ActionExecutedContext context)
   at Microsoft.AspNetCore.Mvc.Internal.ControllerActionInvoker.Next(State& next, Scope& scope, Object& state, Boolean& isCompleted)
   at Microsoft.AspNetCore.Mvc.Internal.ControllerActionInvoker.InvokeInnerFilterAsync()
   at Microsoft.AspNetCore.Mvc.Internal.ResourceInvoker.InvokeNextResourceFilter()
   at Microsoft.AspNetCore.Mvc.Internal.ResourceInvoker.Rethrow(ResourceExecutedContext context)
   at Microsoft.AspNetCore.Mvc.Internal.ResourceInvoker.Next(State& next, Scope& scope, Object& state, Boolean& isCompleted)
   at Microsoft.AspNetCore.Mvc.Internal.ResourceInvoker.InvokeFilterPipelineAsync()
   at Microsoft.AspNetCore.Mvc.Internal.ResourceInvoker.InvokeAsync()
   at Microsoft.AspNetCore.Routing.EndpointMiddleware.Invoke(HttpContext httpContext)
   at Microsoft.AspNetCore.Routing.EndpointRoutingMiddleware.Invoke(HttpContext httpContext)
   at THD.Core.Api.Private.ErrorHandlingMiddleware.Invoke(HttpContext context) in C:\Work Project\React Project\eFilling\EFilling.WebApi\THD.Core.Api\THD.Core.Api.Private\Core\ErrorHandlingMiddleware.cs:line 24
ClientConnectionId:39cf16f0-9b5f-4521-8308-b91b2cb2514e
Error Number:207,State:1,Class:16
2019/12/15 21:05:24.963    9   System.NullReferenceException: Object reference not set to an instance of an object.
   at THD.Core.Api.Repository.DataHandler.DocMenuHomeRepository.MenuHome1InterfaceDataAsync() in C:\Work Project\React Project\eFilling\EFilling.WebApi\THD.Core.Api\THD.Core.Api.Repository\DataHandler\DocMenuHomeRepository.cs:line 69
   at THD.Core.Api.Business.DocMenuHomeService.MenuHome1InterfaceDataAsync() in C:\Work Project\React Project\eFilling\EFilling.WebApi\THD.Core.Api\THD.Core.Api.Business\DocMenuHomeService.cs:line 34
   at THD.Core.Api.Private.Controllers.PrivateDocMenuHomeController.MenuHome1InterfaceData() in C:\Work Project\React Project\eFilling\EFilling.WebApi\THD.Core.Api\THD.Core.Api.Private\Controllers\PrivateDocMenuHomeController.cs:line 37
   at Microsoft.AspNetCore.Mvc.Internal.ActionMethodExecutor.TaskOfIActionResultExecutor.Execute(IActionResultTypeMapper mapper, ObjectMethodExecutor executor, Object controller, Object[] arguments)
   at System.Threading.Tasks.ValueTask`1.get_Result()
   at Microsoft.AspNetCore.Mvc.Internal.ControllerActionInvoker.InvokeActionMethodAsync()
   at Microsoft.AspNetCore.Mvc.Internal.ControllerActionInvoker.InvokeNextActionFilterAsync()
   at Microsoft.AspNetCore.Mvc.Internal.ControllerActionInvoker.Rethrow(ActionExecutedContext context)
   at Microsoft.AspNetCore.Mvc.Internal.ControllerActionInvoker.Next(State& next, Scope& scope, Object& state, Boolean& isCompleted)
   at Microsoft.AspNetCore.Mvc.Internal.ControllerActionInvoker.InvokeInnerFilterAsync()
   at Microsoft.AspNetCore.Mvc.Internal.ResourceInvoker.InvokeNextResourceFilter()
   at Microsoft.AspNetCore.Mvc.Internal.ResourceInvoker.Rethrow(ResourceExecutedContext context)
   at Microsoft.AspNetCore.Mvc.Internal.ResourceInvoker.Next(State& next, Scope& scope, Object& state, Boolean& isCompleted)
   at Microsoft.AspNetCore.Mvc.Internal.ResourceInvoker.InvokeFilterPipelineAsync()
   at Microsoft.AspNetCore.Mvc.Internal.ResourceInvoker.InvokeAsync()
   at Microsoft.AspNetCore.Routing.EndpointMiddleware.Invoke(HttpContext httpContext)
   at Microsoft.AspNetCore.Routing.EndpointRoutingMiddleware.Invoke(HttpContext httpContext)
   at THD.Core.Api.Private.ErrorHandlingMiddleware.Invoke(HttpContext context) in C:\Work Project\React Project\eFilling\EFilling.WebApi\THD.Core.Api\THD.Core.Api.Private\Core\ErrorHandlingMiddleware.cs:line 24
2019/12/15 21:13:22.161    6   System.NullReferenceException: Object reference not set to an instance of an object.
   at THD.Core.Api.Repository.DataHandler.DocMenuC3Repository.MenuC3InterfaceDataAsync() in C:\Work Project\React Project\eFilling\EFilling.WebApi\THD.Core.Api\THD.Core.Api.Repository\DataHandler\DocMenuC3Repository.cs:line 68
   at THD.Core.Api.Business.DocMenuCService.MenuC3InterfaceDataAsync() in C:\Work Project\React Project\eFilling\EFilling.WebApi\THD.Core.Api\THD.Core.Api.Business\DocMenuCService.cs:line 187
   at THD.Core.Api.Private.Controllers.PrivateDocMenuCController.MenuC3InterfaceData() in C:\Work Project\React Project\eFilling\EFilling.WebApi\THD.Core.Api\THD.Core.Api.Private\Controllers\PrivateDocMenuCController.cs:line 306
   at Microsoft.AspNetCore.Mvc.Internal.ActionMethodExecutor.TaskOfIActionResultExecutor.Execute(IActionResultTypeMapper mapper, ObjectMethodExecutor executor, Object controller, Object[] arguments)
   at System.Threading.Tasks.ValueTask`1.get_Result()
   at Microsoft.AspNetCore.Mvc.Internal.ControllerActionInvoker.InvokeActionMethodAsync()
   at Microsoft.AspNetCore.Mvc.Internal.ControllerActionInvoker.InvokeNextActionFilterAsync()
   at Microsoft.AspNetCore.Mvc.Internal.ControllerActionInvoker.Rethrow(ActionExecutedContext context)
   at Microsoft.AspNetCore.Mvc.Internal.ControllerActionInvoker.Next(State& next, Scope& scope, Object& state, Boolean& isCompleted)
   at Microsoft.AspNetCore.Mvc.Internal.ControllerActionInvoker.InvokeInnerFilterAsync()
   at Microsoft.AspNetCore.Mvc.Internal.ResourceInvoker.InvokeNextResourceFilter()
   at Microsoft.AspNetCore.Mvc.Internal.ResourceInvoker.Rethrow(ResourceExecutedContext context)
   at Microsoft.AspNetCore.Mvc.Internal.ResourceInvoker.Next(State& next, Scope& scope, Object& state, Boolean& isCompleted)
   at Microsoft.AspNetCore.Mvc.Internal.ResourceInvoker.InvokeFilterPipelineAsync()
   at Microsoft.AspNetCore.Mvc.Internal.ResourceInvoker.InvokeAsync()
   at Microsoft.AspNetCore.Routing.EndpointMiddleware.Invoke(HttpContext httpContext)
   at Microsoft.AspNetCore.Routing.EndpointRoutingMiddleware.Invoke(HttpContext httpContext)
   at THD.Core.Api.Private.ErrorHandlingMiddleware.Invoke(HttpContext context) in C:\Work Project\React Project\eFilling\EFilling.WebApi\THD.Core.Api\THD.Core.Api.Private\Core\ErrorHandlingMiddleware.cs:line 24
