2019/11/13 21:58:09.928    9   System.IndexOutOfRangeException: col17
   at System.Data.ProviderBase.BasicFieldNameLookup.GetOrdinal(String fieldName)
   at System.Data.SqlClient.SqlDataReader.GetOrdinal(String name)
   at System.Data.SqlClient.SqlDataReader.get_Item(String name)
   at THD.Core.Api.Repository.DataHandler.DocMenuHomeRepository.GetAllReportDataHome1Async(ModelMenuHome1_InterfaceData search_data) in C:\Work Project\React Project\eFilling\EFilling.WebApi\THD.Core.Api\THD.Core.Api.Repository\DataHandler\DocMenuHomeRepository.cs:line 314
   at THD.Core.Api.Repository.DataHandler.DocMenuHomeRepository.MenuHome1InterfaceDataAsync() in C:\Work Project\React Project\eFilling\EFilling.WebApi\THD.Core.Api\THD.Core.Api.Repository\DataHandler\DocMenuHomeRepository.cs:line 126
   at THD.Core.Api.Business.DocMenuHomeService.MenuHome1InterfaceDataAsync() in C:\Work Project\React Project\eFilling\EFilling.WebApi\THD.Core.Api\THD.Core.Api.Business\DocMenuHomeService.cs:line 33
   at THD.Core.Api.Private.Controllers.PrivateDocMenuHomeController.MenuHome1InterfaceData() in C:\Work Project\React Project\eFilling\EFilling.WebApi\THD.Core.Api\THD.Core.Api.Private\Controllers\PrivateDocMenuHomeController.cs:line 37
   at Microsoft.AspNetCore.Mvc.Internal.ActionMethodExecutor.TaskOfIActionResultExecutor.Execute(IActionResultTypeMapper mapper, ObjectMethodExecutor executor, Object controller, Object[] arguments)
   at System.Threading.Tasks.ValueTask`1.get_Result()
   at Microsoft.AspNetCore.Mvc.Internal.ControllerActionInvoker.InvokeActionMethodAsync()
   at Microsoft.AspNetCore.Mvc.Internal.ControllerActionInvoker.InvokeNextActionFilterAsync()
   at Microsoft.AspNetCore.Mvc.Internal.ControllerActionInvoker.Rethrow(ActionExecutedContext context)
   at Microsoft.AspNetCore.Mvc.Internal.ControllerActionInvoker.Next(State& next, Scope& scope, Object& state, Boolean& isCompleted)
   at Microsoft.AspNetCore.Mvc.Internal.ControllerActionInvoker.InvokeInnerFilterAsync()
   at Microsoft.AspNetCore.Mvc.Internal.ResourceInvoker.InvokeNextResourceFilter()
   at Microsoft.AspNetCore.Mvc.Internal.ResourceInvoker.Rethrow(ResourceExecutedContext context)
   at Microsoft.AspNetCore.Mvc.Internal.ResourceInvoker.Next(State& next, Scope& scope, Object& state, Boolean& isCompleted)
   at Microsoft.AspNetCore.Mvc.Internal.ResourceInvoker.InvokeFilterPipelineAsync()
   at Microsoft.AspNetCore.Mvc.Internal.ResourceInvoker.InvokeAsync()
   at Microsoft.AspNetCore.Routing.EndpointMiddleware.Invoke(HttpContext httpContext)
   at Microsoft.AspNetCore.Routing.EndpointRoutingMiddleware.Invoke(HttpContext httpContext)
   at THD.Core.Api.Private.ErrorHandlingMiddleware.Invoke(HttpContext context) in C:\Work Project\React Project\eFilling\EFilling.WebApi\THD.Core.Api\THD.Core.Api.Private\Core\ErrorHandlingMiddleware.cs:line 24
2019/11/13 21:58:43.698    6   System.IndexOutOfRangeException: col17
   at System.Data.ProviderBase.BasicFieldNameLookup.GetOrdinal(String fieldName)
   at System.Data.SqlClient.SqlDataReader.GetOrdinal(String name)
   at System.Data.SqlClient.SqlDataReader.get_Item(String name)
   at THD.Core.Api.Repository.DataHandler.DocMenuHomeRepository.GetAllReportDataHome1Async(ModelMenuHome1_InterfaceData search_data) in C:\Work Project\React Project\eFilling\EFilling.WebApi\THD.Core.Api\THD.Core.Api.Repository\DataHandler\DocMenuHomeRepository.cs:line 314
   at THD.Core.Api.Repository.DataHandler.DocMenuHomeRepository.MenuHome1InterfaceDataAsync() in C:\Work Project\React Project\eFilling\EFilling.WebApi\THD.Core.Api\THD.Core.Api.Repository\DataHandler\DocMenuHomeRepository.cs:line 126
   at THD.Core.Api.Business.DocMenuHomeService.MenuHome1InterfaceDataAsync() in C:\Work Project\React Project\eFilling\EFilling.WebApi\THD.Core.Api\THD.Core.Api.Business\DocMenuHomeService.cs:line 33
   at THD.Core.Api.Private.Controllers.PrivateDocMenuHomeController.MenuHome1InterfaceData() in C:\Work Project\React Project\eFilling\EFilling.WebApi\THD.Core.Api\THD.Core.Api.Private\Controllers\PrivateDocMenuHomeController.cs:line 37
   at Microsoft.AspNetCore.Mvc.Internal.ActionMethodExecutor.TaskOfIActionResultExecutor.Execute(IActionResultTypeMapper mapper, ObjectMethodExecutor executor, Object controller, Object[] arguments)
   at System.Threading.Tasks.ValueTask`1.get_Result()
   at Microsoft.AspNetCore.Mvc.Internal.ControllerActionInvoker.InvokeActionMethodAsync()
   at Microsoft.AspNetCore.Mvc.Internal.ControllerActionInvoker.InvokeNextActionFilterAsync()
   at Microsoft.AspNetCore.Mvc.Internal.ControllerActionInvoker.Rethrow(ActionExecutedContext context)
   at Microsoft.AspNetCore.Mvc.Internal.ControllerActionInvoker.Next(State& next, Scope& scope, Object& state, Boolean& isCompleted)
   at Microsoft.AspNetCore.Mvc.Internal.ControllerActionInvoker.InvokeInnerFilterAsync()
   at Microsoft.AspNetCore.Mvc.Internal.ResourceInvoker.InvokeNextResourceFilter()
   at Microsoft.AspNetCore.Mvc.Internal.ResourceInvoker.Rethrow(ResourceExecutedContext context)
   at Microsoft.AspNetCore.Mvc.Internal.ResourceInvoker.Next(State& next, Scope& scope, Object& state, Boolean& isCompleted)
   at Microsoft.AspNetCore.Mvc.Internal.ResourceInvoker.InvokeFilterPipelineAsync()
   at Microsoft.AspNetCore.Mvc.Internal.ResourceInvoker.InvokeAsync()
   at Microsoft.AspNetCore.Routing.EndpointMiddleware.Invoke(HttpContext httpContext)
   at Microsoft.AspNetCore.Routing.EndpointRoutingMiddleware.Invoke(HttpContext httpContext)
   at THD.Core.Api.Private.ErrorHandlingMiddleware.Invoke(HttpContext context) in C:\Work Project\React Project\eFilling\EFilling.WebApi\THD.Core.Api\THD.Core.Api.Private\Core\ErrorHandlingMiddleware.cs:line 24
2019/11/13 21:58:59.648    20   System.IndexOutOfRangeException: col17
   at System.Data.ProviderBase.BasicFieldNameLookup.GetOrdinal(String fieldName)
   at System.Data.SqlClient.SqlDataReader.GetOrdinal(String name)
   at System.Data.SqlClient.SqlDataReader.get_Item(String name)
   at THD.Core.Api.Repository.DataHandler.DocMenuHomeRepository.GetAllReportDataHome1Async(ModelMenuHome1_InterfaceData search_data) in C:\Work Project\React Project\eFilling\EFilling.WebApi\THD.Core.Api\THD.Core.Api.Repository\DataHandler\DocMenuHomeRepository.cs:line 314
   at THD.Core.Api.Repository.DataHandler.DocMenuHomeRepository.MenuHome1InterfaceDataAsync() in C:\Work Project\React Project\eFilling\EFilling.WebApi\THD.Core.Api\THD.Core.Api.Repository\DataHandler\DocMenuHomeRepository.cs:line 126
   at THD.Core.Api.Business.DocMenuHomeService.MenuHome1InterfaceDataAsync() in C:\Work Project\React Project\eFilling\EFilling.WebApi\THD.Core.Api\THD.Core.Api.Business\DocMenuHomeService.cs:line 33
   at THD.Core.Api.Private.Controllers.PrivateDocMenuHomeController.MenuHome1InterfaceData() in C:\Work Project\React Project\eFilling\EFilling.WebApi\THD.Core.Api\THD.Core.Api.Private\Controllers\PrivateDocMenuHomeController.cs:line 37
   at Microsoft.AspNetCore.Mvc.Internal.ActionMethodExecutor.TaskOfIActionResultExecutor.Execute(IActionResultTypeMapper mapper, ObjectMethodExecutor executor, Object controller, Object[] arguments)
   at System.Threading.Tasks.ValueTask`1.get_Result()
   at Microsoft.AspNetCore.Mvc.Internal.ControllerActionInvoker.InvokeActionMethodAsync()
   at Microsoft.AspNetCore.Mvc.Internal.ControllerActionInvoker.InvokeNextActionFilterAsync()
   at Microsoft.AspNetCore.Mvc.Internal.ControllerActionInvoker.Rethrow(ActionExecutedContext context)
   at Microsoft.AspNetCore.Mvc.Internal.ControllerActionInvoker.Next(State& next, Scope& scope, Object& state, Boolean& isCompleted)
   at Microsoft.AspNetCore.Mvc.Internal.ControllerActionInvoker.InvokeInnerFilterAsync()
   at Microsoft.AspNetCore.Mvc.Internal.ResourceInvoker.InvokeNextResourceFilter()
   at Microsoft.AspNetCore.Mvc.Internal.ResourceInvoker.Rethrow(ResourceExecutedContext context)
   at Microsoft.AspNetCore.Mvc.Internal.ResourceInvoker.Next(State& next, Scope& scope, Object& state, Boolean& isCompleted)
   at Microsoft.AspNetCore.Mvc.Internal.ResourceInvoker.InvokeFilterPipelineAsync()
   at Microsoft.AspNetCore.Mvc.Internal.ResourceInvoker.InvokeAsync()
   at Microsoft.AspNetCore.Routing.EndpointMiddleware.Invoke(HttpContext httpContext)
   at Microsoft.AspNetCore.Routing.EndpointRoutingMiddleware.Invoke(HttpContext httpContext)
   at THD.Core.Api.Private.ErrorHandlingMiddleware.Invoke(HttpContext context) in C:\Work Project\React Project\eFilling\EFilling.WebApi\THD.Core.Api\THD.Core.Api.Private\Core\ErrorHandlingMiddleware.cs:line 24
2019/11/13 21:59:09.333    21   System.IndexOutOfRangeException: col17
   at System.Data.ProviderBase.BasicFieldNameLookup.GetOrdinal(String fieldName)
   at System.Data.SqlClient.SqlDataReader.GetOrdinal(String name)
   at System.Data.SqlClient.SqlDataReader.get_Item(String name)
   at THD.Core.Api.Repository.DataHandler.DocMenuHomeRepository.GetAllReportDataHome1Async(ModelMenuHome1_InterfaceData search_data) in C:\Work Project\React Project\eFilling\EFilling.WebApi\THD.Core.Api\THD.Core.Api.Repository\DataHandler\DocMenuHomeRepository.cs:line 314
   at THD.Core.Api.Repository.DataHandler.DocMenuHomeRepository.MenuHome1InterfaceDataAsync() in C:\Work Project\React Project\eFilling\EFilling.WebApi\THD.Core.Api\THD.Core.Api.Repository\DataHandler\DocMenuHomeRepository.cs:line 126
   at THD.Core.Api.Business.DocMenuHomeService.MenuHome1InterfaceDataAsync() in C:\Work Project\React Project\eFilling\EFilling.WebApi\THD.Core.Api\THD.Core.Api.Business\DocMenuHomeService.cs:line 33
   at THD.Core.Api.Private.Controllers.PrivateDocMenuHomeController.MenuHome1InterfaceData() in C:\Work Project\React Project\eFilling\EFilling.WebApi\THD.Core.Api\THD.Core.Api.Private\Controllers\PrivateDocMenuHomeController.cs:line 37
   at Microsoft.AspNetCore.Mvc.Internal.ActionMethodExecutor.TaskOfIActionResultExecutor.Execute(IActionResultTypeMapper mapper, ObjectMethodExecutor executor, Object controller, Object[] arguments)
   at System.Threading.Tasks.ValueTask`1.get_Result()
   at Microsoft.AspNetCore.Mvc.Internal.ControllerActionInvoker.InvokeActionMethodAsync()
   at Microsoft.AspNetCore.Mvc.Internal.ControllerActionInvoker.InvokeNextActionFilterAsync()
   at Microsoft.AspNetCore.Mvc.Internal.ControllerActionInvoker.Rethrow(ActionExecutedContext context)
   at Microsoft.AspNetCore.Mvc.Internal.ControllerActionInvoker.Next(State& next, Scope& scope, Object& state, Boolean& isCompleted)
   at Microsoft.AspNetCore.Mvc.Internal.ControllerActionInvoker.InvokeInnerFilterAsync()
   at Microsoft.AspNetCore.Mvc.Internal.ResourceInvoker.InvokeNextResourceFilter()
   at Microsoft.AspNetCore.Mvc.Internal.ResourceInvoker.Rethrow(ResourceExecutedContext context)
   at Microsoft.AspNetCore.Mvc.Internal.ResourceInvoker.Next(State& next, Scope& scope, Object& state, Boolean& isCompleted)
   at Microsoft.AspNetCore.Mvc.Internal.ResourceInvoker.InvokeFilterPipelineAsync()
   at Microsoft.AspNetCore.Mvc.Internal.ResourceInvoker.InvokeAsync()
   at Microsoft.AspNetCore.Routing.EndpointMiddleware.Invoke(HttpContext httpContext)
   at Microsoft.AspNetCore.Routing.EndpointRoutingMiddleware.Invoke(HttpContext httpContext)
   at THD.Core.Api.Private.ErrorHandlingMiddleware.Invoke(HttpContext context) in C:\Work Project\React Project\eFilling\EFilling.WebApi\THD.Core.Api\THD.Core.Api.Private\Core\ErrorHandlingMiddleware.cs:line 24
2019/11/13 21:59:36.321    22   System.IndexOutOfRangeException: col17
   at System.Data.ProviderBase.BasicFieldNameLookup.GetOrdinal(String fieldName)
   at System.Data.SqlClient.SqlDataReader.GetOrdinal(String name)
   at System.Data.SqlClient.SqlDataReader.get_Item(String name)
   at THD.Core.Api.Repository.DataHandler.DocMenuHomeRepository.GetAllReportDataHome1Async(ModelMenuHome1_InterfaceData search_data) in C:\Work Project\React Project\eFilling\EFilling.WebApi\THD.Core.Api\THD.Core.Api.Repository\DataHandler\DocMenuHomeRepository.cs:line 314
   at THD.Core.Api.Repository.DataHandler.DocMenuHomeRepository.MenuHome1InterfaceDataAsync() in C:\Work Project\React Project\eFilling\EFilling.WebApi\THD.Core.Api\THD.Core.Api.Repository\DataHandler\DocMenuHomeRepository.cs:line 126
   at THD.Core.Api.Business.DocMenuHomeService.MenuHome1InterfaceDataAsync() in C:\Work Project\React Project\eFilling\EFilling.WebApi\THD.Core.Api\THD.Core.Api.Business\DocMenuHomeService.cs:line 33
   at THD.Core.Api.Private.Controllers.PrivateDocMenuHomeController.MenuHome1InterfaceData() in C:\Work Project\React Project\eFilling\EFilling.WebApi\THD.Core.Api\THD.Core.Api.Private\Controllers\PrivateDocMenuHomeController.cs:line 37
   at Microsoft.AspNetCore.Mvc.Internal.ActionMethodExecutor.TaskOfIActionResultExecutor.Execute(IActionResultTypeMapper mapper, ObjectMethodExecutor executor, Object controller, Object[] arguments)
   at System.Threading.Tasks.ValueTask`1.get_Result()
   at Microsoft.AspNetCore.Mvc.Internal.ControllerActionInvoker.InvokeActionMethodAsync()
   at Microsoft.AspNetCore.Mvc.Internal.ControllerActionInvoker.InvokeNextActionFilterAsync()
   at Microsoft.AspNetCore.Mvc.Internal.ControllerActionInvoker.Rethrow(ActionExecutedContext context)
   at Microsoft.AspNetCore.Mvc.Internal.ControllerActionInvoker.Next(State& next, Scope& scope, Object& state, Boolean& isCompleted)
   at Microsoft.AspNetCore.Mvc.Internal.ControllerActionInvoker.InvokeInnerFilterAsync()
   at Microsoft.AspNetCore.Mvc.Internal.ResourceInvoker.InvokeNextResourceFilter()
   at Microsoft.AspNetCore.Mvc.Internal.ResourceInvoker.Rethrow(ResourceExecutedContext context)
   at Microsoft.AspNetCore.Mvc.Internal.ResourceInvoker.Next(State& next, Scope& scope, Object& state, Boolean& isCompleted)
   at Microsoft.AspNetCore.Mvc.Internal.ResourceInvoker.InvokeFilterPipelineAsync()
   at Microsoft.AspNetCore.Mvc.Internal.ResourceInvoker.InvokeAsync()
   at Microsoft.AspNetCore.Routing.EndpointMiddleware.Invoke(HttpContext httpContext)
   at Microsoft.AspNetCore.Routing.EndpointRoutingMiddleware.Invoke(HttpContext httpContext)
   at THD.Core.Api.Private.ErrorHandlingMiddleware.Invoke(HttpContext context) in C:\Work Project\React Project\eFilling\EFilling.WebApi\THD.Core.Api\THD.Core.Api.Private\Core\ErrorHandlingMiddleware.cs:line 24
2019/11/13 22:00:39.437    31   System.IndexOutOfRangeException: col17
   at System.Data.ProviderBase.BasicFieldNameLookup.GetOrdinal(String fieldName)
   at System.Data.SqlClient.SqlDataReader.GetOrdinal(String name)
   at System.Data.SqlClient.SqlDataReader.get_Item(String name)
   at THD.Core.Api.Repository.DataHandler.DocMenuHomeRepository.GetAllReportDataHome1Async(ModelMenuHome1_InterfaceData search_data) in C:\Work Project\React Project\eFilling\EFilling.WebApi\THD.Core.Api\THD.Core.Api.Repository\DataHandler\DocMenuHomeRepository.cs:line 314
   at THD.Core.Api.Repository.DataHandler.DocMenuHomeRepository.MenuHome1InterfaceDataAsync() in C:\Work Project\React Project\eFilling\EFilling.WebApi\THD.Core.Api\THD.Core.Api.Repository\DataHandler\DocMenuHomeRepository.cs:line 126
   at THD.Core.Api.Business.DocMenuHomeService.MenuHome1InterfaceDataAsync() in C:\Work Project\React Project\eFilling\EFilling.WebApi\THD.Core.Api\THD.Core.Api.Business\DocMenuHomeService.cs:line 33
   at THD.Core.Api.Private.Controllers.PrivateDocMenuHomeController.MenuHome1InterfaceData() in C:\Work Project\React Project\eFilling\EFilling.WebApi\THD.Core.Api\THD.Core.Api.Private\Controllers\PrivateDocMenuHomeController.cs:line 37
   at Microsoft.AspNetCore.Mvc.Internal.ActionMethodExecutor.TaskOfIActionResultExecutor.Execute(IActionResultTypeMapper mapper, ObjectMethodExecutor executor, Object controller, Object[] arguments)
   at System.Threading.Tasks.ValueTask`1.get_Result()
   at Microsoft.AspNetCore.Mvc.Internal.ControllerActionInvoker.InvokeActionMethodAsync()
   at Microsoft.AspNetCore.Mvc.Internal.ControllerActionInvoker.InvokeNextActionFilterAsync()
   at Microsoft.AspNetCore.Mvc.Internal.ControllerActionInvoker.Rethrow(ActionExecutedContext context)
   at Microsoft.AspNetCore.Mvc.Internal.ControllerActionInvoker.Next(State& next, Scope& scope, Object& state, Boolean& isCompleted)
   at Microsoft.AspNetCore.Mvc.Internal.ControllerActionInvoker.InvokeInnerFilterAsync()
   at Microsoft.AspNetCore.Mvc.Internal.ResourceInvoker.InvokeNextResourceFilter()
   at Microsoft.AspNetCore.Mvc.Internal.ResourceInvoker.Rethrow(ResourceExecutedContext context)
   at Microsoft.AspNetCore.Mvc.Internal.ResourceInvoker.Next(State& next, Scope& scope, Object& state, Boolean& isCompleted)
   at Microsoft.AspNetCore.Mvc.Internal.ResourceInvoker.InvokeFilterPipelineAsync()
   at Microsoft.AspNetCore.Mvc.Internal.ResourceInvoker.InvokeAsync()
   at Microsoft.AspNetCore.Routing.EndpointMiddleware.Invoke(HttpContext httpContext)
   at Microsoft.AspNetCore.Routing.EndpointRoutingMiddleware.Invoke(HttpContext httpContext)
   at THD.Core.Api.Private.ErrorHandlingMiddleware.Invoke(HttpContext context) in C:\Work Project\React Project\eFilling\EFilling.WebApi\THD.Core.Api\THD.Core.Api.Private\Core\ErrorHandlingMiddleware.cs:line 24
2019/11/13 22:11:23.973    9   System.Data.SqlClient.SqlException (0x80131904): The multi-part identifier "M.doc_date" could not be bound.
   at System.Data.SqlClient.SqlConnection.OnError(SqlException exception, Boolean breakConnection, Action`1 wrapCloseInAction)
   at System.Data.SqlClient.TdsParser.ThrowExceptionAndWarning(TdsParserStateObject stateObj, Boolean callerHasConnectionLock, Boolean asyncClose)
   at System.Data.SqlClient.TdsParser.TryRun(RunBehavior runBehavior, SqlCommand cmdHandler, SqlDataReader dataStream, BulkCopySimpleResultSet bulkCopyHandler, TdsParserStateObject stateObj, Boolean& dataReady)
   at System.Data.SqlClient.SqlDataReader.TryConsumeMetaData()
   at System.Data.SqlClient.SqlDataReader.get_MetaData()
   at System.Data.SqlClient.SqlCommand.FinishExecuteReader(SqlDataReader ds, RunBehavior runBehavior, String resetOptionsString)
   at System.Data.SqlClient.SqlCommand.CompleteAsyncExecuteReader()
   at System.Data.SqlClient.SqlCommand.InternalEndExecuteReader(IAsyncResult asyncResult, String endMethod)
   at System.Data.SqlClient.SqlCommand.EndExecuteReaderInternal(IAsyncResult asyncResult)
   at System.Data.SqlClient.SqlCommand.EndExecuteReader(IAsyncResult asyncResult)
   at System.Threading.Tasks.TaskFactory`1.FromAsyncCoreLogic(IAsyncResult iar, Func`2 endFunction, Action`1 endAction, Task`1 promise, Boolean requiresSynchronization)
--- End of stack trace from previous location where exception was thrown ---
   at THD.Core.Api.Repository.DataHandler.DocMenuHomeRepository.GetAllReportDataHome1Async(ModelMenuHome1_InterfaceData search_data) in C:\Work Project\React Project\eFilling\EFilling.WebApi\THD.Core.Api\THD.Core.Api.Repository\DataHandler\DocMenuHomeRepository.cs:line 291
   at THD.Core.Api.Repository.DataHandler.DocMenuHomeRepository.MenuHome1InterfaceDataAsync() in C:\Work Project\React Project\eFilling\EFilling.WebApi\THD.Core.Api\THD.Core.Api.Repository\DataHandler\DocMenuHomeRepository.cs:line 126
   at THD.Core.Api.Business.DocMenuHomeService.MenuHome1InterfaceDataAsync() in C:\Work Project\React Project\eFilling\EFilling.WebApi\THD.Core.Api\THD.Core.Api.Business\DocMenuHomeService.cs:line 33
   at THD.Core.Api.Private.Controllers.PrivateDocMenuHomeController.MenuHome1InterfaceData() in C:\Work Project\React Project\eFilling\EFilling.WebApi\THD.Core.Api\THD.Core.Api.Private\Controllers\PrivateDocMenuHomeController.cs:line 37
   at Microsoft.AspNetCore.Mvc.Internal.ActionMethodExecutor.TaskOfIActionResultExecutor.Execute(IActionResultTypeMapper mapper, ObjectMethodExecutor executor, Object controller, Object[] arguments)
   at System.Threading.Tasks.ValueTask`1.get_Result()
   at Microsoft.AspNetCore.Mvc.Internal.ControllerActionInvoker.InvokeActionMethodAsync()
   at Microsoft.AspNetCore.Mvc.Internal.ControllerActionInvoker.InvokeNextActionFilterAsync()
   at Microsoft.AspNetCore.Mvc.Internal.ControllerActionInvoker.Rethrow(ActionExecutedContext context)
   at Microsoft.AspNetCore.Mvc.Internal.ControllerActionInvoker.Next(State& next, Scope& scope, Object& state, Boolean& isCompleted)
   at Microsoft.AspNetCore.Mvc.Internal.ControllerActionInvoker.InvokeInnerFilterAsync()
   at Microsoft.AspNetCore.Mvc.Internal.ResourceInvoker.InvokeNextResourceFilter()
   at Microsoft.AspNetCore.Mvc.Internal.ResourceInvoker.Rethrow(ResourceExecutedContext context)
   at Microsoft.AspNetCore.Mvc.Internal.ResourceInvoker.Next(State& next, Scope& scope, Object& state, Boolean& isCompleted)
   at Microsoft.AspNetCore.Mvc.Internal.ResourceInvoker.InvokeFilterPipelineAsync()
   at Microsoft.AspNetCore.Mvc.Internal.ResourceInvoker.InvokeAsync()
   at Microsoft.AspNetCore.Routing.EndpointMiddleware.Invoke(HttpContext httpContext)
   at Microsoft.AspNetCore.Routing.EndpointRoutingMiddleware.Invoke(HttpContext httpContext)
   at THD.Core.Api.Private.ErrorHandlingMiddleware.Invoke(HttpContext context) in C:\Work Project\React Project\eFilling\EFilling.WebApi\THD.Core.Api\THD.Core.Api.Private\Core\ErrorHandlingMiddleware.cs:line 24
ClientConnectionId:69efc880-7573-40fd-a599-c518fb245812
Error Number:4104,State:1,Class:16
2019/11/13 22:11:30.951    6   System.Data.SqlClient.SqlException (0x80131904): The multi-part identifier "M.doc_date" could not be bound.
   at System.Data.SqlClient.SqlConnection.OnError(SqlException exception, Boolean breakConnection, Action`1 wrapCloseInAction)
   at System.Data.SqlClient.TdsParser.ThrowExceptionAndWarning(TdsParserStateObject stateObj, Boolean callerHasConnectionLock, Boolean asyncClose)
   at System.Data.SqlClient.TdsParser.TryRun(RunBehavior runBehavior, SqlCommand cmdHandler, SqlDataReader dataStream, BulkCopySimpleResultSet bulkCopyHandler, TdsParserStateObject stateObj, Boolean& dataReady)
   at System.Data.SqlClient.SqlDataReader.TryConsumeMetaData()
   at System.Data.SqlClient.SqlDataReader.get_MetaData()
   at System.Data.SqlClient.SqlCommand.FinishExecuteReader(SqlDataReader ds, RunBehavior runBehavior, String resetOptionsString)
   at System.Data.SqlClient.SqlCommand.CompleteAsyncExecuteReader()
   at System.Data.SqlClient.SqlCommand.InternalEndExecuteReader(IAsyncResult asyncResult, String endMethod)
   at System.Data.SqlClient.SqlCommand.EndExecuteReaderInternal(IAsyncResult asyncResult)
   at System.Data.SqlClient.SqlCommand.EndExecuteReader(IAsyncResult asyncResult)
   at System.Threading.Tasks.TaskFactory`1.FromAsyncCoreLogic(IAsyncResult iar, Func`2 endFunction, Action`1 endAction, Task`1 promise, Boolean requiresSynchronization)
--- End of stack trace from previous location where exception was thrown ---
   at THD.Core.Api.Repository.DataHandler.DocMenuHomeRepository.GetAllReportDataHome1Async(ModelMenuHome1_InterfaceData search_data) in C:\Work Project\React Project\eFilling\EFilling.WebApi\THD.Core.Api\THD.Core.Api.Repository\DataHandler\DocMenuHomeRepository.cs:line 291
   at THD.Core.Api.Repository.DataHandler.DocMenuHomeRepository.MenuHome1InterfaceDataAsync() in C:\Work Project\React Project\eFilling\EFilling.WebApi\THD.Core.Api\THD.Core.Api.Repository\DataHandler\DocMenuHomeRepository.cs:line 126
   at THD.Core.Api.Business.DocMenuHomeService.MenuHome1InterfaceDataAsync() in C:\Work Project\React Project\eFilling\EFilling.WebApi\THD.Core.Api\THD.Core.Api.Business\DocMenuHomeService.cs:line 33
   at THD.Core.Api.Private.Controllers.PrivateDocMenuHomeController.MenuHome1InterfaceData() in C:\Work Project\React Project\eFilling\EFilling.WebApi\THD.Core.Api\THD.Core.Api.Private\Controllers\PrivateDocMenuHomeController.cs:line 37
   at Microsoft.AspNetCore.Mvc.Internal.ActionMethodExecutor.TaskOfIActionResultExecutor.Execute(IActionResultTypeMapper mapper, ObjectMethodExecutor executor, Object controller, Object[] arguments)
   at System.Threading.Tasks.ValueTask`1.get_Result()
   at Microsoft.AspNetCore.Mvc.Internal.ControllerActionInvoker.InvokeActionMethodAsync()
   at Microsoft.AspNetCore.Mvc.Internal.ControllerActionInvoker.InvokeNextActionFilterAsync()
   at Microsoft.AspNetCore.Mvc.Internal.ControllerActionInvoker.Rethrow(ActionExecutedContext context)
   at Microsoft.AspNetCore.Mvc.Internal.ControllerActionInvoker.Next(State& next, Scope& scope, Object& state, Boolean& isCompleted)
   at Microsoft.AspNetCore.Mvc.Internal.ControllerActionInvoker.InvokeInnerFilterAsync()
   at Microsoft.AspNetCore.Mvc.Internal.ResourceInvoker.InvokeNextResourceFilter()
   at Microsoft.AspNetCore.Mvc.Internal.ResourceInvoker.Rethrow(ResourceExecutedContext context)
   at Microsoft.AspNetCore.Mvc.Internal.ResourceInvoker.Next(State& next, Scope& scope, Object& state, Boolean& isCompleted)
   at Microsoft.AspNetCore.Mvc.Internal.ResourceInvoker.InvokeFilterPipelineAsync()
   at Microsoft.AspNetCore.Mvc.Internal.ResourceInvoker.InvokeAsync()
   at Microsoft.AspNetCore.Routing.EndpointMiddleware.Invoke(HttpContext httpContext)
   at Microsoft.AspNetCore.Routing.EndpointRoutingMiddleware.Invoke(HttpContext httpContext)
   at THD.Core.Api.Private.ErrorHandlingMiddleware.Invoke(HttpContext context) in C:\Work Project\React Project\eFilling\EFilling.WebApi\THD.Core.Api\THD.Core.Api.Private\Core\ErrorHandlingMiddleware.cs:line 24
ClientConnectionId:69efc880-7573-40fd-a599-c518fb245812
Error Number:4104,State:1,Class:16
