2020/02/24 09:05:11.551    15   System.NullReferenceException: Object reference not set to an instance of an object.
   at THD.Core.Api.Repository.DataHandler.DocMenuC3Repository.MenuC33EditInterfaceDataAsync(String UserId, String ProectNumber) in C:\Work Project\GitHub\efilling\efilling_api\THD.Core.Api\THD.Core.Api.Repository\DataHandler\DocMenuC3Repository.cs:line 1700
   at THD.Core.Api.Business.DocMenuCService.MenuC33EditInterfaceDataAsync(String UserId, String ProectNumber) in C:\Work Project\GitHub\efilling\efilling_api\THD.Core.Api\THD.Core.Api.Business\DocMenuCService.cs:line 400
   at THD.Core.Api.Private.Controllers.PrivateDocMenuCController.MenuC33EditInterfaceData(String UserId, String ProectNumber) in C:\Work Project\GitHub\efilling\efilling_api\THD.Core.Api\THD.Core.Api.Private\Controllers\PrivateDocMenuCController.cs:line 613
   at Microsoft.AspNetCore.Mvc.Internal.ActionMethodExecutor.TaskOfIActionResultExecutor.Execute(IActionResultTypeMapper mapper, ObjectMethodExecutor executor, Object controller, Object[] arguments)
   at System.Threading.Tasks.ValueTask`1.get_Result()
   at Microsoft.AspNetCore.Mvc.Internal.ControllerActionInvoker.InvokeActionMethodAsync()
   at Microsoft.AspNetCore.Mvc.Internal.ControllerActionInvoker.InvokeNextActionFilterAsync()
   at Microsoft.AspNetCore.Mvc.Internal.ControllerActionInvoker.Rethrow(ActionExecutedContext context)
   at Microsoft.AspNetCore.Mvc.Internal.ControllerActionInvoker.Next(State& next, Scope& scope, Object& state, Boolean& isCompleted)
   at Microsoft.AspNetCore.Mvc.Internal.ControllerActionInvoker.InvokeInnerFilterAsync()
   at Microsoft.AspNetCore.Mvc.Internal.ResourceInvoker.InvokeNextResourceFilter()
   at Microsoft.AspNetCore.Mvc.Internal.ResourceInvoker.Rethrow(ResourceExecutedContext context)
   at Microsoft.AspNetCore.Mvc.Internal.ResourceInvoker.Next(State& next, Scope& scope, Object& state, Boolean& isCompleted)
   at Microsoft.AspNetCore.Mvc.Internal.ResourceInvoker.InvokeFilterPipelineAsync()
   at Microsoft.AspNetCore.Mvc.Internal.ResourceInvoker.InvokeAsync()
   at Microsoft.AspNetCore.Routing.EndpointMiddleware.Invoke(HttpContext httpContext)
   at Microsoft.AspNetCore.Routing.EndpointRoutingMiddleware.Invoke(HttpContext httpContext)
   at THD.Core.Api.Private.ErrorHandlingMiddleware.Invoke(HttpContext context) in C:\Work Project\GitHub\efilling\efilling_api\THD.Core.Api\THD.Core.Api.Private\Core\ErrorHandlingMiddleware.cs:line 24
2020/02/24 09:06:40.351    29   System.NullReferenceException: Object reference not set to an instance of an object.
   at THD.Core.Api.Repository.DataHandler.DocMenuC3Repository.MenuC33EditInterfaceDataAsync(String UserId, String ProectNumber) in C:\Work Project\GitHub\efilling\efilling_api\THD.Core.Api\THD.Core.Api.Repository\DataHandler\DocMenuC3Repository.cs:line 1700
   at THD.Core.Api.Business.DocMenuCService.MenuC33EditInterfaceDataAsync(String UserId, String ProectNumber) in C:\Work Project\GitHub\efilling\efilling_api\THD.Core.Api\THD.Core.Api.Business\DocMenuCService.cs:line 400
   at THD.Core.Api.Private.Controllers.PrivateDocMenuCController.MenuC33EditInterfaceData(String UserId, String ProectNumber) in C:\Work Project\GitHub\efilling\efilling_api\THD.Core.Api\THD.Core.Api.Private\Controllers\PrivateDocMenuCController.cs:line 613
   at Microsoft.AspNetCore.Mvc.Internal.ActionMethodExecutor.TaskOfIActionResultExecutor.Execute(IActionResultTypeMapper mapper, ObjectMethodExecutor executor, Object controller, Object[] arguments)
   at System.Threading.Tasks.ValueTask`1.get_Result()
   at Microsoft.AspNetCore.Mvc.Internal.ControllerActionInvoker.InvokeActionMethodAsync()
   at Microsoft.AspNetCore.Mvc.Internal.ControllerActionInvoker.InvokeNextActionFilterAsync()
   at Microsoft.AspNetCore.Mvc.Internal.ControllerActionInvoker.Rethrow(ActionExecutedContext context)
   at Microsoft.AspNetCore.Mvc.Internal.ControllerActionInvoker.Next(State& next, Scope& scope, Object& state, Boolean& isCompleted)
   at Microsoft.AspNetCore.Mvc.Internal.ControllerActionInvoker.InvokeInnerFilterAsync()
   at Microsoft.AspNetCore.Mvc.Internal.ResourceInvoker.InvokeNextResourceFilter()
   at Microsoft.AspNetCore.Mvc.Internal.ResourceInvoker.Rethrow(ResourceExecutedContext context)
   at Microsoft.AspNetCore.Mvc.Internal.ResourceInvoker.Next(State& next, Scope& scope, Object& state, Boolean& isCompleted)
   at Microsoft.AspNetCore.Mvc.Internal.ResourceInvoker.InvokeFilterPipelineAsync()
   at Microsoft.AspNetCore.Mvc.Internal.ResourceInvoker.InvokeAsync()
   at Microsoft.AspNetCore.Routing.EndpointMiddleware.Invoke(HttpContext httpContext)
   at Microsoft.AspNetCore.Routing.EndpointRoutingMiddleware.Invoke(HttpContext httpContext)
   at THD.Core.Api.Private.ErrorHandlingMiddleware.Invoke(HttpContext context) in C:\Work Project\GitHub\efilling\efilling_api\THD.Core.Api\THD.Core.Api.Private\Core\ErrorHandlingMiddleware.cs:line 24
2020/02/24 09:07:13.489    25   System.NullReferenceException: Object reference not set to an instance of an object.
   at THD.Core.Api.Repository.DataHandler.DocMenuC3Repository.MenuC33EditInterfaceDataAsync(String UserId, String ProectNumber) in C:\Work Project\GitHub\efilling\efilling_api\THD.Core.Api\THD.Core.Api.Repository\DataHandler\DocMenuC3Repository.cs:line 1700
   at THD.Core.Api.Business.DocMenuCService.MenuC33EditInterfaceDataAsync(String UserId, String ProectNumber) in C:\Work Project\GitHub\efilling\efilling_api\THD.Core.Api\THD.Core.Api.Business\DocMenuCService.cs:line 400
   at THD.Core.Api.Private.Controllers.PrivateDocMenuCController.MenuC33EditInterfaceData(String UserId, String ProectNumber) in C:\Work Project\GitHub\efilling\efilling_api\THD.Core.Api\THD.Core.Api.Private\Controllers\PrivateDocMenuCController.cs:line 613
   at Microsoft.AspNetCore.Mvc.Internal.ActionMethodExecutor.TaskOfIActionResultExecutor.Execute(IActionResultTypeMapper mapper, ObjectMethodExecutor executor, Object controller, Object[] arguments)
   at System.Threading.Tasks.ValueTask`1.get_Result()
   at Microsoft.AspNetCore.Mvc.Internal.ControllerActionInvoker.InvokeActionMethodAsync()
   at Microsoft.AspNetCore.Mvc.Internal.ControllerActionInvoker.InvokeNextActionFilterAsync()
   at Microsoft.AspNetCore.Mvc.Internal.ControllerActionInvoker.Rethrow(ActionExecutedContext context)
   at Microsoft.AspNetCore.Mvc.Internal.ControllerActionInvoker.Next(State& next, Scope& scope, Object& state, Boolean& isCompleted)
   at Microsoft.AspNetCore.Mvc.Internal.ControllerActionInvoker.InvokeInnerFilterAsync()
   at Microsoft.AspNetCore.Mvc.Internal.ResourceInvoker.InvokeNextResourceFilter()
   at Microsoft.AspNetCore.Mvc.Internal.ResourceInvoker.Rethrow(ResourceExecutedContext context)
   at Microsoft.AspNetCore.Mvc.Internal.ResourceInvoker.Next(State& next, Scope& scope, Object& state, Boolean& isCompleted)
   at Microsoft.AspNetCore.Mvc.Internal.ResourceInvoker.InvokeFilterPipelineAsync()
   at Microsoft.AspNetCore.Mvc.Internal.ResourceInvoker.InvokeAsync()
   at Microsoft.AspNetCore.Routing.EndpointMiddleware.Invoke(HttpContext httpContext)
   at Microsoft.AspNetCore.Routing.EndpointRoutingMiddleware.Invoke(HttpContext httpContext)
   at THD.Core.Api.Private.ErrorHandlingMiddleware.Invoke(HttpContext context) in C:\Work Project\GitHub\efilling\efilling_api\THD.Core.Api\THD.Core.Api.Private\Core\ErrorHandlingMiddleware.cs:line 24
2020/02/24 09:08:08.307    17   System.NullReferenceException: Object reference not set to an instance of an object.
   at THD.Core.Api.Repository.DataHandler.DocMenuC3Repository.MenuC33EditInterfaceDataAsync(String UserId, String ProectNumber) in C:\Work Project\GitHub\efilling\efilling_api\THD.Core.Api\THD.Core.Api.Repository\DataHandler\DocMenuC3Repository.cs:line 1700
   at THD.Core.Api.Business.DocMenuCService.MenuC33EditInterfaceDataAsync(String UserId, String ProectNumber) in C:\Work Project\GitHub\efilling\efilling_api\THD.Core.Api\THD.Core.Api.Business\DocMenuCService.cs:line 400
   at THD.Core.Api.Private.Controllers.PrivateDocMenuCController.MenuC33EditInterfaceData(String UserId, String ProectNumber) in C:\Work Project\GitHub\efilling\efilling_api\THD.Core.Api\THD.Core.Api.Private\Controllers\PrivateDocMenuCController.cs:line 613
   at Microsoft.AspNetCore.Mvc.Internal.ActionMethodExecutor.TaskOfIActionResultExecutor.Execute(IActionResultTypeMapper mapper, ObjectMethodExecutor executor, Object controller, Object[] arguments)
   at System.Threading.Tasks.ValueTask`1.get_Result()
   at Microsoft.AspNetCore.Mvc.Internal.ControllerActionInvoker.InvokeActionMethodAsync()
   at Microsoft.AspNetCore.Mvc.Internal.ControllerActionInvoker.InvokeNextActionFilterAsync()
   at Microsoft.AspNetCore.Mvc.Internal.ControllerActionInvoker.Rethrow(ActionExecutedContext context)
   at Microsoft.AspNetCore.Mvc.Internal.ControllerActionInvoker.Next(State& next, Scope& scope, Object& state, Boolean& isCompleted)
   at Microsoft.AspNetCore.Mvc.Internal.ControllerActionInvoker.InvokeInnerFilterAsync()
   at Microsoft.AspNetCore.Mvc.Internal.ResourceInvoker.InvokeNextResourceFilter()
   at Microsoft.AspNetCore.Mvc.Internal.ResourceInvoker.Rethrow(ResourceExecutedContext context)
   at Microsoft.AspNetCore.Mvc.Internal.ResourceInvoker.Next(State& next, Scope& scope, Object& state, Boolean& isCompleted)
   at Microsoft.AspNetCore.Mvc.Internal.ResourceInvoker.InvokeFilterPipelineAsync()
   at Microsoft.AspNetCore.Mvc.Internal.ResourceInvoker.InvokeAsync()
   at Microsoft.AspNetCore.Routing.EndpointMiddleware.Invoke(HttpContext httpContext)
   at Microsoft.AspNetCore.Routing.EndpointRoutingMiddleware.Invoke(HttpContext httpContext)
   at THD.Core.Api.Private.ErrorHandlingMiddleware.Invoke(HttpContext context) in C:\Work Project\GitHub\efilling\efilling_api\THD.Core.Api\THD.Core.Api.Private\Core\ErrorHandlingMiddleware.cs:line 24
2020/02/24 09:08:24.165    33   System.NullReferenceException: Object reference not set to an instance of an object.
   at THD.Core.Api.Repository.DataHandler.DocMenuC3Repository.MenuC33EditInterfaceDataAsync(String UserId, String ProectNumber) in C:\Work Project\GitHub\efilling\efilling_api\THD.Core.Api\THD.Core.Api.Repository\DataHandler\DocMenuC3Repository.cs:line 1700
   at THD.Core.Api.Business.DocMenuCService.MenuC33EditInterfaceDataAsync(String UserId, String ProectNumber) in C:\Work Project\GitHub\efilling\efilling_api\THD.Core.Api\THD.Core.Api.Business\DocMenuCService.cs:line 400
   at THD.Core.Api.Private.Controllers.PrivateDocMenuCController.MenuC33EditInterfaceData(String UserId, String ProectNumber) in C:\Work Project\GitHub\efilling\efilling_api\THD.Core.Api\THD.Core.Api.Private\Controllers\PrivateDocMenuCController.cs:line 613
   at Microsoft.AspNetCore.Mvc.Internal.ActionMethodExecutor.TaskOfIActionResultExecutor.Execute(IActionResultTypeMapper mapper, ObjectMethodExecutor executor, Object controller, Object[] arguments)
   at System.Threading.Tasks.ValueTask`1.get_Result()
   at Microsoft.AspNetCore.Mvc.Internal.ControllerActionInvoker.InvokeActionMethodAsync()
   at Microsoft.AspNetCore.Mvc.Internal.ControllerActionInvoker.InvokeNextActionFilterAsync()
   at Microsoft.AspNetCore.Mvc.Internal.ControllerActionInvoker.Rethrow(ActionExecutedContext context)
   at Microsoft.AspNetCore.Mvc.Internal.ControllerActionInvoker.Next(State& next, Scope& scope, Object& state, Boolean& isCompleted)
   at Microsoft.AspNetCore.Mvc.Internal.ControllerActionInvoker.InvokeInnerFilterAsync()
   at Microsoft.AspNetCore.Mvc.Internal.ResourceInvoker.InvokeNextResourceFilter()
   at Microsoft.AspNetCore.Mvc.Internal.ResourceInvoker.Rethrow(ResourceExecutedContext context)
   at Microsoft.AspNetCore.Mvc.Internal.ResourceInvoker.Next(State& next, Scope& scope, Object& state, Boolean& isCompleted)
   at Microsoft.AspNetCore.Mvc.Internal.ResourceInvoker.InvokeFilterPipelineAsync()
   at Microsoft.AspNetCore.Mvc.Internal.ResourceInvoker.InvokeAsync()
   at Microsoft.AspNetCore.Routing.EndpointMiddleware.Invoke(HttpContext httpContext)
   at Microsoft.AspNetCore.Routing.EndpointRoutingMiddleware.Invoke(HttpContext httpContext)
   at THD.Core.Api.Private.ErrorHandlingMiddleware.Invoke(HttpContext context) in C:\Work Project\GitHub\efilling\efilling_api\THD.Core.Api\THD.Core.Api.Private\Core\ErrorHandlingMiddleware.cs:line 24
2020/02/24 09:09:50.264    17   System.IndexOutOfRangeException: Index was outside the bounds of the array.
   at THD.Core.Api.Repository.DataHandler.DocMenuC3Repository.UpdateDocMenuC34EditAsync(ModelMenuC34 model) in C:\Work Project\GitHub\efilling\efilling_api\THD.Core.Api\THD.Core.Api.Repository\DataHandler\DocMenuC3Repository.cs:line 2463
   at THD.Core.Api.Business.DocMenuCService.UpdateDocMenuC34EditAsync(ModelMenuC34 model) in C:\Work Project\GitHub\efilling\efilling_api\THD.Core.Api\THD.Core.Api.Business\DocMenuCService.cs:line 508
   at THD.Core.Api.Private.Controllers.PrivateDocMenuCController.UpdateDocMenuC34Edit(ModelMenuC34 model) in C:\Work Project\GitHub\efilling\efilling_api\THD.Core.Api\THD.Core.Api.Private\Controllers\PrivateDocMenuCController.cs:line 714
   at Microsoft.AspNetCore.Mvc.Internal.ActionMethodExecutor.TaskOfIActionResultExecutor.Execute(IActionResultTypeMapper mapper, ObjectMethodExecutor executor, Object controller, Object[] arguments)
   at System.Threading.Tasks.ValueTask`1.get_Result()
   at Microsoft.AspNetCore.Mvc.Internal.ControllerActionInvoker.InvokeActionMethodAsync()
   at Microsoft.AspNetCore.Mvc.Internal.ControllerActionInvoker.InvokeNextActionFilterAsync()
   at Microsoft.AspNetCore.Mvc.Internal.ControllerActionInvoker.Rethrow(ActionExecutedContext context)
   at Microsoft.AspNetCore.Mvc.Internal.ControllerActionInvoker.Next(State& next, Scope& scope, Object& state, Boolean& isCompleted)
   at Microsoft.AspNetCore.Mvc.Internal.ControllerActionInvoker.InvokeInnerFilterAsync()
   at Microsoft.AspNetCore.Mvc.Internal.ResourceInvoker.InvokeNextResourceFilter()
   at Microsoft.AspNetCore.Mvc.Internal.ResourceInvoker.Rethrow(ResourceExecutedContext context)
   at Microsoft.AspNetCore.Mvc.Internal.ResourceInvoker.Next(State& next, Scope& scope, Object& state, Boolean& isCompleted)
   at Microsoft.AspNetCore.Mvc.Internal.ResourceInvoker.InvokeFilterPipelineAsync()
   at Microsoft.AspNetCore.Mvc.Internal.ResourceInvoker.InvokeAsync()
   at Microsoft.AspNetCore.Routing.EndpointMiddleware.Invoke(HttpContext httpContext)
   at Microsoft.AspNetCore.Routing.EndpointRoutingMiddleware.Invoke(HttpContext httpContext)
   at THD.Core.Api.Private.ErrorHandlingMiddleware.Invoke(HttpContext context) in C:\Work Project\GitHub\efilling\efilling_api\THD.Core.Api\THD.Core.Api.Private\Core\ErrorHandlingMiddleware.cs:line 24
2020/02/24 09:33:20.831    14   System.IndexOutOfRangeException: Index was outside the bounds of the array.
   at THD.Core.Api.Repository.DataHandler.DocMenuC3Repository.UpdateDocMenuC34EditAsync(ModelMenuC34 model) in C:\Work Project\GitHub\efilling\efilling_api\THD.Core.Api\THD.Core.Api.Repository\DataHandler\DocMenuC3Repository.cs:line 2463
   at THD.Core.Api.Business.DocMenuCService.UpdateDocMenuC34EditAsync(ModelMenuC34 model) in C:\Work Project\GitHub\efilling\efilling_api\THD.Core.Api\THD.Core.Api.Business\DocMenuCService.cs:line 508
   at THD.Core.Api.Private.Controllers.PrivateDocMenuCController.UpdateDocMenuC34Edit(ModelMenuC34 model) in C:\Work Project\GitHub\efilling\efilling_api\THD.Core.Api\THD.Core.Api.Private\Controllers\PrivateDocMenuCController.cs:line 714
   at Microsoft.AspNetCore.Mvc.Internal.ActionMethodExecutor.TaskOfIActionResultExecutor.Execute(IActionResultTypeMapper mapper, ObjectMethodExecutor executor, Object controller, Object[] arguments)
   at System.Threading.Tasks.ValueTask`1.get_Result()
   at Microsoft.AspNetCore.Mvc.Internal.ControllerActionInvoker.InvokeActionMethodAsync()
   at Microsoft.AspNetCore.Mvc.Internal.ControllerActionInvoker.InvokeNextActionFilterAsync()
   at Microsoft.AspNetCore.Mvc.Internal.ControllerActionInvoker.Rethrow(ActionExecutedContext context)
   at Microsoft.AspNetCore.Mvc.Internal.ControllerActionInvoker.Next(State& next, Scope& scope, Object& state, Boolean& isCompleted)
   at Microsoft.AspNetCore.Mvc.Internal.ControllerActionInvoker.InvokeInnerFilterAsync()
   at Microsoft.AspNetCore.Mvc.Internal.ResourceInvoker.InvokeNextResourceFilter()
   at Microsoft.AspNetCore.Mvc.Internal.ResourceInvoker.Rethrow(ResourceExecutedContext context)
   at Microsoft.AspNetCore.Mvc.Internal.ResourceInvoker.Next(State& next, Scope& scope, Object& state, Boolean& isCompleted)
   at Microsoft.AspNetCore.Mvc.Internal.ResourceInvoker.InvokeFilterPipelineAsync()
   at Microsoft.AspNetCore.Mvc.Internal.ResourceInvoker.InvokeAsync()
   at Microsoft.AspNetCore.Routing.EndpointMiddleware.Invoke(HttpContext httpContext)
   at Microsoft.AspNetCore.Routing.EndpointRoutingMiddleware.Invoke(HttpContext httpContext)
   at THD.Core.Api.Private.ErrorHandlingMiddleware.Invoke(HttpContext context) in C:\Work Project\GitHub\efilling\efilling_api\THD.Core.Api\THD.Core.Api.Private\Core\ErrorHandlingMiddleware.cs:line 24
2020/02/24 09:33:54.166    6   System.IndexOutOfRangeException: Index was outside the bounds of the array.
   at THD.Core.Api.Repository.DataHandler.DocMenuC3Repository.UpdateDocMenuC34EditAsync(ModelMenuC34 model) in C:\Work Project\GitHub\efilling\efilling_api\THD.Core.Api\THD.Core.Api.Repository\DataHandler\DocMenuC3Repository.cs:line 2463
   at THD.Core.Api.Business.DocMenuCService.UpdateDocMenuC34EditAsync(ModelMenuC34 model) in C:\Work Project\GitHub\efilling\efilling_api\THD.Core.Api\THD.Core.Api.Business\DocMenuCService.cs:line 508
   at THD.Core.Api.Private.Controllers.PrivateDocMenuCController.UpdateDocMenuC34Edit(ModelMenuC34 model) in C:\Work Project\GitHub\efilling\efilling_api\THD.Core.Api\THD.Core.Api.Private\Controllers\PrivateDocMenuCController.cs:line 714
   at Microsoft.AspNetCore.Mvc.Internal.ActionMethodExecutor.TaskOfIActionResultExecutor.Execute(IActionResultTypeMapper mapper, ObjectMethodExecutor executor, Object controller, Object[] arguments)
   at System.Threading.Tasks.ValueTask`1.get_Result()
   at Microsoft.AspNetCore.Mvc.Internal.ControllerActionInvoker.InvokeActionMethodAsync()
   at Microsoft.AspNetCore.Mvc.Internal.ControllerActionInvoker.InvokeNextActionFilterAsync()
   at Microsoft.AspNetCore.Mvc.Internal.ControllerActionInvoker.Rethrow(ActionExecutedContext context)
   at Microsoft.AspNetCore.Mvc.Internal.ControllerActionInvoker.Next(State& next, Scope& scope, Object& state, Boolean& isCompleted)
   at Microsoft.AspNetCore.Mvc.Internal.ControllerActionInvoker.InvokeInnerFilterAsync()
   at Microsoft.AspNetCore.Mvc.Internal.ResourceInvoker.InvokeNextResourceFilter()
   at Microsoft.AspNetCore.Mvc.Internal.ResourceInvoker.Rethrow(ResourceExecutedContext context)
   at Microsoft.AspNetCore.Mvc.Internal.ResourceInvoker.Next(State& next, Scope& scope, Object& state, Boolean& isCompleted)
   at Microsoft.AspNetCore.Mvc.Internal.ResourceInvoker.InvokeFilterPipelineAsync()
   at Microsoft.AspNetCore.Mvc.Internal.ResourceInvoker.InvokeAsync()
   at Microsoft.AspNetCore.Routing.EndpointMiddleware.Invoke(HttpContext httpContext)
   at Microsoft.AspNetCore.Routing.EndpointRoutingMiddleware.Invoke(HttpContext httpContext)
   at THD.Core.Api.Private.ErrorHandlingMiddleware.Invoke(HttpContext context) in C:\Work Project\GitHub\efilling\efilling_api\THD.Core.Api\THD.Core.Api.Private\Core\ErrorHandlingMiddleware.cs:line 24
2020/02/24 16:43:42.079    74   System.NullReferenceException: Object reference not set to an instance of an object.
   at THD.Core.Api.Repository.DataHandler.DocMenuB1Repository.MenuB1InterfaceDataAsync(String userid, String username) in C:\Work Project\GitHub\efilling\efilling_api\THD.Core.Api\THD.Core.Api.Repository\DataHandler\DocMenuB1Repository.cs:line 51
   at THD.Core.Api.Business.DocMenuBService.MenuB1InterfaceDataAsync(String userid, String username) in C:\Work Project\GitHub\efilling\efilling_api\THD.Core.Api\THD.Core.Api.Business\DocMenuBService.cs:line 37
   at THD.Core.Api.Private.Controllers.PrivateDocMenuBController.MenuB1InterfaceData(String userid, String username) in C:\Work Project\GitHub\efilling\efilling_api\THD.Core.Api\THD.Core.Api.Private\Controllers\PrivateDocMenuBController.cs:line 43
   at Microsoft.AspNetCore.Mvc.Internal.ActionMethodExecutor.TaskOfIActionResultExecutor.Execute(IActionResultTypeMapper mapper, ObjectMethodExecutor executor, Object controller, Object[] arguments)
   at System.Threading.Tasks.ValueTask`1.get_Result()
   at Microsoft.AspNetCore.Mvc.Internal.ControllerActionInvoker.InvokeActionMethodAsync()
   at Microsoft.AspNetCore.Mvc.Internal.ControllerActionInvoker.InvokeNextActionFilterAsync()
   at Microsoft.AspNetCore.Mvc.Internal.ControllerActionInvoker.Rethrow(ActionExecutedContext context)
   at Microsoft.AspNetCore.Mvc.Internal.ControllerActionInvoker.Next(State& next, Scope& scope, Object& state, Boolean& isCompleted)
   at Microsoft.AspNetCore.Mvc.Internal.ControllerActionInvoker.InvokeInnerFilterAsync()
   at Microsoft.AspNetCore.Mvc.Internal.ResourceInvoker.InvokeNextResourceFilter()
   at Microsoft.AspNetCore.Mvc.Internal.ResourceInvoker.Rethrow(ResourceExecutedContext context)
   at Microsoft.AspNetCore.Mvc.Internal.ResourceInvoker.Next(State& next, Scope& scope, Object& state, Boolean& isCompleted)
   at Microsoft.AspNetCore.Mvc.Internal.ResourceInvoker.InvokeFilterPipelineAsync()
   at Microsoft.AspNetCore.Mvc.Internal.ResourceInvoker.InvokeAsync()
   at Microsoft.AspNetCore.Routing.EndpointMiddleware.Invoke(HttpContext httpContext)
   at Microsoft.AspNetCore.Routing.EndpointRoutingMiddleware.Invoke(HttpContext httpContext)
   at THD.Core.Api.Private.ErrorHandlingMiddleware.Invoke(HttpContext context) in C:\Work Project\GitHub\efilling\efilling_api\THD.Core.Api\THD.Core.Api.Private\Core\ErrorHandlingMiddleware.cs:line 24
2020/02/24 21:25:58.470    22   System.NullReferenceException: Object reference not set to an instance of an object.
   at THD.Core.Api.Repository.DataHandler.DocMenuB1Repository.MenuB1InterfaceDataAsync(String userid, String username) in C:\Work Project\GitHub\efilling\efilling_api\THD.Core.Api\THD.Core.Api.Repository\DataHandler\DocMenuB1Repository.cs:line 51
   at THD.Core.Api.Business.DocMenuBService.MenuB1InterfaceDataAsync(String userid, String username) in C:\Work Project\GitHub\efilling\efilling_api\THD.Core.Api\THD.Core.Api.Business\DocMenuBService.cs:line 37
   at THD.Core.Api.Private.Controllers.PrivateDocMenuBController.MenuB1InterfaceData(String userid, String username) in C:\Work Project\GitHub\efilling\efilling_api\THD.Core.Api\THD.Core.Api.Private\Controllers\PrivateDocMenuBController.cs:line 43
   at Microsoft.AspNetCore.Mvc.Internal.ActionMethodExecutor.TaskOfIActionResultExecutor.Execute(IActionResultTypeMapper mapper, ObjectMethodExecutor executor, Object controller, Object[] arguments)
   at System.Threading.Tasks.ValueTask`1.get_Result()
   at Microsoft.AspNetCore.Mvc.Internal.ControllerActionInvoker.InvokeActionMethodAsync()
   at Microsoft.AspNetCore.Mvc.Internal.ControllerActionInvoker.InvokeNextActionFilterAsync()
   at Microsoft.AspNetCore.Mvc.Internal.ControllerActionInvoker.Rethrow(ActionExecutedContext context)
   at Microsoft.AspNetCore.Mvc.Internal.ControllerActionInvoker.Next(State& next, Scope& scope, Object& state, Boolean& isCompleted)
   at Microsoft.AspNetCore.Mvc.Internal.ControllerActionInvoker.InvokeInnerFilterAsync()
   at Microsoft.AspNetCore.Mvc.Internal.ResourceInvoker.InvokeNextResourceFilter()
   at Microsoft.AspNetCore.Mvc.Internal.ResourceInvoker.Rethrow(ResourceExecutedContext context)
   at Microsoft.AspNetCore.Mvc.Internal.ResourceInvoker.Next(State& next, Scope& scope, Object& state, Boolean& isCompleted)
   at Microsoft.AspNetCore.Mvc.Internal.ResourceInvoker.InvokeFilterPipelineAsync()
   at Microsoft.AspNetCore.Mvc.Internal.ResourceInvoker.InvokeAsync()
   at Microsoft.AspNetCore.Routing.EndpointMiddleware.Invoke(HttpContext httpContext)
   at Microsoft.AspNetCore.Routing.EndpointRoutingMiddleware.Invoke(HttpContext httpContext)
   at THD.Core.Api.Private.ErrorHandlingMiddleware.Invoke(HttpContext context) in C:\Work Project\GitHub\efilling\efilling_api\THD.Core.Api\THD.Core.Api.Private\Core\ErrorHandlingMiddleware.cs:line 24
2020/02/24 21:56:24.619    20   System.NullReferenceException: Object reference not set to an instance of an object.
   at THD.Core.Api.Repository.DataHandler.DocMenuB1Repository.MenuB1InterfaceDataAsync(String userid, String username) in C:\Work Project\GitHub\efilling\efilling_api\THD.Core.Api\THD.Core.Api.Repository\DataHandler\DocMenuB1Repository.cs:line 51
   at THD.Core.Api.Business.DocMenuBService.MenuB1InterfaceDataAsync(String userid, String username) in C:\Work Project\GitHub\efilling\efilling_api\THD.Core.Api\THD.Core.Api.Business\DocMenuBService.cs:line 37
   at THD.Core.Api.Private.Controllers.PrivateDocMenuBController.MenuB1InterfaceData(String userid, String username) in C:\Work Project\GitHub\efilling\efilling_api\THD.Core.Api\THD.Core.Api.Private\Controllers\PrivateDocMenuBController.cs:line 43
   at Microsoft.AspNetCore.Mvc.Internal.ActionMethodExecutor.TaskOfIActionResultExecutor.Execute(IActionResultTypeMapper mapper, ObjectMethodExecutor executor, Object controller, Object[] arguments)
   at System.Threading.Tasks.ValueTask`1.get_Result()
   at Microsoft.AspNetCore.Mvc.Internal.ControllerActionInvoker.InvokeActionMethodAsync()
   at Microsoft.AspNetCore.Mvc.Internal.ControllerActionInvoker.InvokeNextActionFilterAsync()
   at Microsoft.AspNetCore.Mvc.Internal.ControllerActionInvoker.Rethrow(ActionExecutedContext context)
   at Microsoft.AspNetCore.Mvc.Internal.ControllerActionInvoker.Next(State& next, Scope& scope, Object& state, Boolean& isCompleted)
   at Microsoft.AspNetCore.Mvc.Internal.ControllerActionInvoker.InvokeInnerFilterAsync()
   at Microsoft.AspNetCore.Mvc.Internal.ResourceInvoker.InvokeNextResourceFilter()
   at Microsoft.AspNetCore.Mvc.Internal.ResourceInvoker.Rethrow(ResourceExecutedContext context)
   at Microsoft.AspNetCore.Mvc.Internal.ResourceInvoker.Next(State& next, Scope& scope, Object& state, Boolean& isCompleted)
   at Microsoft.AspNetCore.Mvc.Internal.ResourceInvoker.InvokeFilterPipelineAsync()
   at Microsoft.AspNetCore.Mvc.Internal.ResourceInvoker.InvokeAsync()
   at Microsoft.AspNetCore.Routing.EndpointMiddleware.Invoke(HttpContext httpContext)
   at Microsoft.AspNetCore.Routing.EndpointRoutingMiddleware.Invoke(HttpContext httpContext)
   at THD.Core.Api.Private.ErrorHandlingMiddleware.Invoke(HttpContext context) in C:\Work Project\GitHub\efilling\efilling_api\THD.Core.Api\THD.Core.Api.Private\Core\ErrorHandlingMiddleware.cs:line 24
