2020/02/09 11:56:51.575    30   System.NullReferenceException: Object reference not set to an instance of an object.
   at THD.Core.Api.Repository.DataHandler.DocMenuC3Repository.MenuC32EditInterfaceDataAsync(String UserId, String ProectNumber) in C:\Work Project\GitHub\Efilling\efilling_api\THD.Core.Api\THD.Core.Api.Repository\DataHandler\DocMenuC3Repository.cs:line 1208
   at THD.Core.Api.Business.DocMenuCService.MenuC32EditInterfaceDataAsync(String UserId, String ProectNumber) in C:\Work Project\GitHub\Efilling\efilling_api\THD.Core.Api\THD.Core.Api.Business\DocMenuCService.cs:line 342
   at THD.Core.Api.Private.Controllers.PrivateDocMenuCController.MenuC32EditInterfaceData(String UserId, String ProectNumber) in C:\Work Project\GitHub\Efilling\efilling_api\THD.Core.Api\THD.Core.Api.Private\Controllers\PrivateDocMenuCController.cs:line 546
   at Microsoft.AspNetCore.Mvc.Internal.ActionMethodExecutor.TaskOfIActionResultExecutor.Execute(IActionResultTypeMapper mapper, ObjectMethodExecutor executor, Object controller, Object[] arguments)
   at System.Threading.Tasks.ValueTask`1.get_Result()
   at Microsoft.AspNetCore.Mvc.Internal.ControllerActionInvoker.InvokeActionMethodAsync()
   at Microsoft.AspNetCore.Mvc.Internal.ControllerActionInvoker.InvokeNextActionFilterAsync()
   at Microsoft.AspNetCore.Mvc.Internal.ControllerActionInvoker.Rethrow(ActionExecutedContext context)
   at Microsoft.AspNetCore.Mvc.Internal.ControllerActionInvoker.Next(State& next, Scope& scope, Object& state, Boolean& isCompleted)
   at Microsoft.AspNetCore.Mvc.Internal.ControllerActionInvoker.InvokeInnerFilterAsync()
   at Microsoft.AspNetCore.Mvc.Internal.ResourceInvoker.InvokeNextResourceFilter()
   at Microsoft.AspNetCore.Mvc.Internal.ResourceInvoker.Rethrow(ResourceExecutedContext context)
   at Microsoft.AspNetCore.Mvc.Internal.ResourceInvoker.Next(State& next, Scope& scope, Object& state, Boolean& isCompleted)
   at Microsoft.AspNetCore.Mvc.Internal.ResourceInvoker.InvokeFilterPipelineAsync()
   at Microsoft.AspNetCore.Mvc.Internal.ResourceInvoker.InvokeAsync()
   at Microsoft.AspNetCore.Routing.EndpointMiddleware.Invoke(HttpContext httpContext)
   at Microsoft.AspNetCore.Routing.EndpointRoutingMiddleware.Invoke(HttpContext httpContext)
   at THD.Core.Api.Private.ErrorHandlingMiddleware.Invoke(HttpContext context) in C:\Work Project\GitHub\Efilling\efilling_api\THD.Core.Api\THD.Core.Api.Private\Core\ErrorHandlingMiddleware.cs:line 24
2020/02/09 21:45:43.209    57   System.IndexOutOfRangeException: agenda4term
   at System.Data.ProviderBase.BasicFieldNameLookup.GetOrdinal(String fieldName)
   at System.Data.SqlClient.SqlDataReader.GetOrdinal(String name)
   at System.Data.SqlClient.SqlDataReader.get_Item(String name)
   at THD.Core.Api.Repository.DataHandler.DocMenuC3Repository.GetMenuC34DataEditAsync(String project_number, String userid, ModelPermissionPage permission) in C:\Work Project\GitHub\Efilling\efilling_api\THD.Core.Api\THD.Core.Api.Repository\DataHandler\DocMenuC3Repository.cs:line 2250
   at THD.Core.Api.Repository.DataHandler.DocMenuC3Repository.MenuC34EditInterfaceDataAsync(String UserId, String ProectNumber) in C:\Work Project\GitHub\Efilling\efilling_api\THD.Core.Api\THD.Core.Api.Repository\DataHandler\DocMenuC3Repository.cs:line 2214
   at THD.Core.Api.Business.DocMenuCService.MenuC34EditInterfaceDataAsync(String UserId, String ProectNumber) in C:\Work Project\GitHub\Efilling\efilling_api\THD.Core.Api\THD.Core.Api.Business\DocMenuCService.cs:line 461
   at THD.Core.Api.Private.Controllers.PrivateDocMenuCController.MenuC34EditInterfaceData(String UserId, String ProectNumber) in C:\Work Project\GitHub\Efilling\efilling_api\THD.Core.Api\THD.Core.Api.Private\Controllers\PrivateDocMenuCController.cs:line 759
   at Microsoft.AspNetCore.Mvc.Internal.ActionMethodExecutor.TaskOfIActionResultExecutor.Execute(IActionResultTypeMapper mapper, ObjectMethodExecutor executor, Object controller, Object[] arguments)
   at System.Threading.Tasks.ValueTask`1.get_Result()
   at Microsoft.AspNetCore.Mvc.Internal.ControllerActionInvoker.InvokeActionMethodAsync()
   at Microsoft.AspNetCore.Mvc.Internal.ControllerActionInvoker.InvokeNextActionFilterAsync()
   at Microsoft.AspNetCore.Mvc.Internal.ControllerActionInvoker.Rethrow(ActionExecutedContext context)
   at Microsoft.AspNetCore.Mvc.Internal.ControllerActionInvoker.Next(State& next, Scope& scope, Object& state, Boolean& isCompleted)
   at Microsoft.AspNetCore.Mvc.Internal.ControllerActionInvoker.InvokeInnerFilterAsync()
   at Microsoft.AspNetCore.Mvc.Internal.ResourceInvoker.InvokeNextResourceFilter()
   at Microsoft.AspNetCore.Mvc.Internal.ResourceInvoker.Rethrow(ResourceExecutedContext context)
   at Microsoft.AspNetCore.Mvc.Internal.ResourceInvoker.Next(State& next, Scope& scope, Object& state, Boolean& isCompleted)
   at Microsoft.AspNetCore.Mvc.Internal.ResourceInvoker.InvokeFilterPipelineAsync()
   at Microsoft.AspNetCore.Mvc.Internal.ResourceInvoker.InvokeAsync()
   at Microsoft.AspNetCore.Routing.EndpointMiddleware.Invoke(HttpContext httpContext)
   at Microsoft.AspNetCore.Routing.EndpointRoutingMiddleware.Invoke(HttpContext httpContext)
   at THD.Core.Api.Private.ErrorHandlingMiddleware.Invoke(HttpContext context) in C:\Work Project\GitHub\Efilling\efilling_api\THD.Core.Api\THD.Core.Api.Private\Core\ErrorHandlingMiddleware.cs:line 24
2020/02/09 21:46:05.774    50   System.IndexOutOfRangeException: agenda4term
   at System.Data.ProviderBase.BasicFieldNameLookup.GetOrdinal(String fieldName)
   at System.Data.SqlClient.SqlDataReader.GetOrdinal(String name)
   at System.Data.SqlClient.SqlDataReader.get_Item(String name)
   at THD.Core.Api.Repository.DataHandler.DocMenuC3Repository.GetMenuC34DataEditAsync(String project_number, String userid, ModelPermissionPage permission) in C:\Work Project\GitHub\Efilling\efilling_api\THD.Core.Api\THD.Core.Api.Repository\DataHandler\DocMenuC3Repository.cs:line 2250
   at THD.Core.Api.Repository.DataHandler.DocMenuC3Repository.MenuC34EditInterfaceDataAsync(String UserId, String ProectNumber) in C:\Work Project\GitHub\Efilling\efilling_api\THD.Core.Api\THD.Core.Api.Repository\DataHandler\DocMenuC3Repository.cs:line 2214
   at THD.Core.Api.Business.DocMenuCService.MenuC34EditInterfaceDataAsync(String UserId, String ProectNumber) in C:\Work Project\GitHub\Efilling\efilling_api\THD.Core.Api\THD.Core.Api.Business\DocMenuCService.cs:line 461
   at THD.Core.Api.Private.Controllers.PrivateDocMenuCController.MenuC34EditInterfaceData(String UserId, String ProectNumber) in C:\Work Project\GitHub\Efilling\efilling_api\THD.Core.Api\THD.Core.Api.Private\Controllers\PrivateDocMenuCController.cs:line 759
   at Microsoft.AspNetCore.Mvc.Internal.ActionMethodExecutor.TaskOfIActionResultExecutor.Execute(IActionResultTypeMapper mapper, ObjectMethodExecutor executor, Object controller, Object[] arguments)
   at System.Threading.Tasks.ValueTask`1.get_Result()
   at Microsoft.AspNetCore.Mvc.Internal.ControllerActionInvoker.InvokeActionMethodAsync()
   at Microsoft.AspNetCore.Mvc.Internal.ControllerActionInvoker.InvokeNextActionFilterAsync()
   at Microsoft.AspNetCore.Mvc.Internal.ControllerActionInvoker.Rethrow(ActionExecutedContext context)
   at Microsoft.AspNetCore.Mvc.Internal.ControllerActionInvoker.Next(State& next, Scope& scope, Object& state, Boolean& isCompleted)
   at Microsoft.AspNetCore.Mvc.Internal.ControllerActionInvoker.InvokeInnerFilterAsync()
   at Microsoft.AspNetCore.Mvc.Internal.ResourceInvoker.InvokeNextResourceFilter()
   at Microsoft.AspNetCore.Mvc.Internal.ResourceInvoker.Rethrow(ResourceExecutedContext context)
   at Microsoft.AspNetCore.Mvc.Internal.ResourceInvoker.Next(State& next, Scope& scope, Object& state, Boolean& isCompleted)
   at Microsoft.AspNetCore.Mvc.Internal.ResourceInvoker.InvokeFilterPipelineAsync()
   at Microsoft.AspNetCore.Mvc.Internal.ResourceInvoker.InvokeAsync()
   at Microsoft.AspNetCore.Routing.EndpointMiddleware.Invoke(HttpContext httpContext)
   at Microsoft.AspNetCore.Routing.EndpointRoutingMiddleware.Invoke(HttpContext httpContext)
   at THD.Core.Api.Private.ErrorHandlingMiddleware.Invoke(HttpContext context) in C:\Work Project\GitHub\Efilling\efilling_api\THD.Core.Api\THD.Core.Api.Private\Core\ErrorHandlingMiddleware.cs:line 24
2020/02/09 22:02:10.981    17   System.IndexOutOfRangeException: agenda4term
   at System.Data.ProviderBase.BasicFieldNameLookup.GetOrdinal(String fieldName)
   at System.Data.SqlClient.SqlDataReader.GetOrdinal(String name)
   at System.Data.SqlClient.SqlDataReader.get_Item(String name)
   at THD.Core.Api.Repository.DataHandler.DocMenuC3Repository.GetMenuC34DataEditAsync(String project_number, String userid, ModelPermissionPage permission) in C:\Work Project\GitHub\Efilling\efilling_api\THD.Core.Api\THD.Core.Api.Repository\DataHandler\DocMenuC3Repository.cs:line 2250
   at THD.Core.Api.Repository.DataHandler.DocMenuC3Repository.MenuC34EditInterfaceDataAsync(String UserId, String ProectNumber) in C:\Work Project\GitHub\Efilling\efilling_api\THD.Core.Api\THD.Core.Api.Repository\DataHandler\DocMenuC3Repository.cs:line 2214
   at THD.Core.Api.Business.DocMenuCService.MenuC34EditInterfaceDataAsync(String UserId, String ProectNumber) in C:\Work Project\GitHub\Efilling\efilling_api\THD.Core.Api\THD.Core.Api.Business\DocMenuCService.cs:line 461
   at THD.Core.Api.Private.Controllers.PrivateDocMenuCController.MenuC34EditInterfaceData(String UserId, String ProectNumber) in C:\Work Project\GitHub\Efilling\efilling_api\THD.Core.Api\THD.Core.Api.Private\Controllers\PrivateDocMenuCController.cs:line 759
   at Microsoft.AspNetCore.Mvc.Internal.ActionMethodExecutor.TaskOfIActionResultExecutor.Execute(IActionResultTypeMapper mapper, ObjectMethodExecutor executor, Object controller, Object[] arguments)
   at System.Threading.Tasks.ValueTask`1.get_Result()
   at Microsoft.AspNetCore.Mvc.Internal.ControllerActionInvoker.InvokeActionMethodAsync()
   at Microsoft.AspNetCore.Mvc.Internal.ControllerActionInvoker.InvokeNextActionFilterAsync()
   at Microsoft.AspNetCore.Mvc.Internal.ControllerActionInvoker.Rethrow(ActionExecutedContext context)
   at Microsoft.AspNetCore.Mvc.Internal.ControllerActionInvoker.Next(State& next, Scope& scope, Object& state, Boolean& isCompleted)
   at Microsoft.AspNetCore.Mvc.Internal.ControllerActionInvoker.InvokeInnerFilterAsync()
   at Microsoft.AspNetCore.Mvc.Internal.ResourceInvoker.InvokeNextResourceFilter()
   at Microsoft.AspNetCore.Mvc.Internal.ResourceInvoker.Rethrow(ResourceExecutedContext context)
   at Microsoft.AspNetCore.Mvc.Internal.ResourceInvoker.Next(State& next, Scope& scope, Object& state, Boolean& isCompleted)
   at Microsoft.AspNetCore.Mvc.Internal.ResourceInvoker.InvokeFilterPipelineAsync()
   at Microsoft.AspNetCore.Mvc.Internal.ResourceInvoker.InvokeAsync()
   at Microsoft.AspNetCore.Routing.EndpointMiddleware.Invoke(HttpContext httpContext)
   at Microsoft.AspNetCore.Routing.EndpointRoutingMiddleware.Invoke(HttpContext httpContext)
   at THD.Core.Api.Private.ErrorHandlingMiddleware.Invoke(HttpContext context) in C:\Work Project\GitHub\Efilling\efilling_api\THD.Core.Api\THD.Core.Api.Private\Core\ErrorHandlingMiddleware.cs:line 24
2020/02/09 22:02:45.735    17   System.IndexOutOfRangeException: agenda4term
   at System.Data.ProviderBase.BasicFieldNameLookup.GetOrdinal(String fieldName)
   at System.Data.SqlClient.SqlDataReader.GetOrdinal(String name)
   at System.Data.SqlClient.SqlDataReader.get_Item(String name)
   at THD.Core.Api.Repository.DataHandler.DocMenuC3Repository.GetMenuC34DataEditAsync(String project_number, String userid, ModelPermissionPage permission) in C:\Work Project\GitHub\Efilling\efilling_api\THD.Core.Api\THD.Core.Api.Repository\DataHandler\DocMenuC3Repository.cs:line 2250
   at THD.Core.Api.Repository.DataHandler.DocMenuC3Repository.MenuC34EditInterfaceDataAsync(String UserId, String ProectNumber) in C:\Work Project\GitHub\Efilling\efilling_api\THD.Core.Api\THD.Core.Api.Repository\DataHandler\DocMenuC3Repository.cs:line 2214
   at THD.Core.Api.Business.DocMenuCService.MenuC34EditInterfaceDataAsync(String UserId, String ProectNumber) in C:\Work Project\GitHub\Efilling\efilling_api\THD.Core.Api\THD.Core.Api.Business\DocMenuCService.cs:line 461
   at THD.Core.Api.Private.Controllers.PrivateDocMenuCController.MenuC34EditInterfaceData(String UserId, String ProectNumber) in C:\Work Project\GitHub\Efilling\efilling_api\THD.Core.Api\THD.Core.Api.Private\Controllers\PrivateDocMenuCController.cs:line 759
   at Microsoft.AspNetCore.Mvc.Internal.ActionMethodExecutor.TaskOfIActionResultExecutor.Execute(IActionResultTypeMapper mapper, ObjectMethodExecutor executor, Object controller, Object[] arguments)
   at System.Threading.Tasks.ValueTask`1.get_Result()
   at Microsoft.AspNetCore.Mvc.Internal.ControllerActionInvoker.InvokeActionMethodAsync()
   at Microsoft.AspNetCore.Mvc.Internal.ControllerActionInvoker.InvokeNextActionFilterAsync()
   at Microsoft.AspNetCore.Mvc.Internal.ControllerActionInvoker.Rethrow(ActionExecutedContext context)
   at Microsoft.AspNetCore.Mvc.Internal.ControllerActionInvoker.Next(State& next, Scope& scope, Object& state, Boolean& isCompleted)
   at Microsoft.AspNetCore.Mvc.Internal.ControllerActionInvoker.InvokeInnerFilterAsync()
   at Microsoft.AspNetCore.Mvc.Internal.ResourceInvoker.InvokeNextResourceFilter()
   at Microsoft.AspNetCore.Mvc.Internal.ResourceInvoker.Rethrow(ResourceExecutedContext context)
   at Microsoft.AspNetCore.Mvc.Internal.ResourceInvoker.Next(State& next, Scope& scope, Object& state, Boolean& isCompleted)
   at Microsoft.AspNetCore.Mvc.Internal.ResourceInvoker.InvokeFilterPipelineAsync()
   at Microsoft.AspNetCore.Mvc.Internal.ResourceInvoker.InvokeAsync()
   at Microsoft.AspNetCore.Routing.EndpointMiddleware.Invoke(HttpContext httpContext)
   at Microsoft.AspNetCore.Routing.EndpointRoutingMiddleware.Invoke(HttpContext httpContext)
   at THD.Core.Api.Private.ErrorHandlingMiddleware.Invoke(HttpContext context) in C:\Work Project\GitHub\Efilling\efilling_api\THD.Core.Api\THD.Core.Api.Private\Core\ErrorHandlingMiddleware.cs:line 24
2020/02/09 22:06:57.486    7   System.IndexOutOfRangeException: agenda4term
   at System.Data.ProviderBase.BasicFieldNameLookup.GetOrdinal(String fieldName)
   at System.Data.SqlClient.SqlDataReader.GetOrdinal(String name)
   at System.Data.SqlClient.SqlDataReader.get_Item(String name)
   at THD.Core.Api.Repository.DataHandler.DocMenuC3Repository.GetMenuC34DataEditAsync(String project_number, String userid, ModelPermissionPage permission) in C:\Work Project\GitHub\Efilling\efilling_api\THD.Core.Api\THD.Core.Api.Repository\DataHandler\DocMenuC3Repository.cs:line 2250
   at THD.Core.Api.Repository.DataHandler.DocMenuC3Repository.MenuC34EditInterfaceDataAsync(String UserId, String ProectNumber) in C:\Work Project\GitHub\Efilling\efilling_api\THD.Core.Api\THD.Core.Api.Repository\DataHandler\DocMenuC3Repository.cs:line 2214
   at THD.Core.Api.Business.DocMenuCService.MenuC34EditInterfaceDataAsync(String UserId, String ProectNumber) in C:\Work Project\GitHub\Efilling\efilling_api\THD.Core.Api\THD.Core.Api.Business\DocMenuCService.cs:line 461
   at THD.Core.Api.Private.Controllers.PrivateDocMenuCController.MenuC34EditInterfaceData(String UserId, String ProectNumber) in C:\Work Project\GitHub\Efilling\efilling_api\THD.Core.Api\THD.Core.Api.Private\Controllers\PrivateDocMenuCController.cs:line 759
   at Microsoft.AspNetCore.Mvc.Internal.ActionMethodExecutor.TaskOfIActionResultExecutor.Execute(IActionResultTypeMapper mapper, ObjectMethodExecutor executor, Object controller, Object[] arguments)
   at System.Threading.Tasks.ValueTask`1.get_Result()
   at Microsoft.AspNetCore.Mvc.Internal.ControllerActionInvoker.InvokeActionMethodAsync()
   at Microsoft.AspNetCore.Mvc.Internal.ControllerActionInvoker.InvokeNextActionFilterAsync()
   at Microsoft.AspNetCore.Mvc.Internal.ControllerActionInvoker.Rethrow(ActionExecutedContext context)
   at Microsoft.AspNetCore.Mvc.Internal.ControllerActionInvoker.Next(State& next, Scope& scope, Object& state, Boolean& isCompleted)
   at Microsoft.AspNetCore.Mvc.Internal.ControllerActionInvoker.InvokeInnerFilterAsync()
   at Microsoft.AspNetCore.Mvc.Internal.ResourceInvoker.InvokeNextResourceFilter()
   at Microsoft.AspNetCore.Mvc.Internal.ResourceInvoker.Rethrow(ResourceExecutedContext context)
   at Microsoft.AspNetCore.Mvc.Internal.ResourceInvoker.Next(State& next, Scope& scope, Object& state, Boolean& isCompleted)
   at Microsoft.AspNetCore.Mvc.Internal.ResourceInvoker.InvokeFilterPipelineAsync()
   at Microsoft.AspNetCore.Mvc.Internal.ResourceInvoker.InvokeAsync()
   at Microsoft.AspNetCore.Routing.EndpointMiddleware.Invoke(HttpContext httpContext)
   at Microsoft.AspNetCore.Routing.EndpointRoutingMiddleware.Invoke(HttpContext httpContext)
   at THD.Core.Api.Private.ErrorHandlingMiddleware.Invoke(HttpContext context) in C:\Work Project\GitHub\Efilling\efilling_api\THD.Core.Api\THD.Core.Api.Private\Core\ErrorHandlingMiddleware.cs:line 24
2020/02/09 22:08:08.116    62   System.IndexOutOfRangeException: agenda4term
   at System.Data.ProviderBase.BasicFieldNameLookup.GetOrdinal(String fieldName)
   at System.Data.SqlClient.SqlDataReader.GetOrdinal(String name)
   at System.Data.SqlClient.SqlDataReader.get_Item(String name)
   at THD.Core.Api.Repository.DataHandler.DocMenuC3Repository.GetMenuC34DataEditAsync(String project_number, String userid, ModelPermissionPage permission) in C:\Work Project\GitHub\Efilling\efilling_api\THD.Core.Api\THD.Core.Api.Repository\DataHandler\DocMenuC3Repository.cs:line 2250
   at THD.Core.Api.Repository.DataHandler.DocMenuC3Repository.MenuC34EditInterfaceDataAsync(String UserId, String ProectNumber) in C:\Work Project\GitHub\Efilling\efilling_api\THD.Core.Api\THD.Core.Api.Repository\DataHandler\DocMenuC3Repository.cs:line 2214
   at THD.Core.Api.Business.DocMenuCService.MenuC34EditInterfaceDataAsync(String UserId, String ProectNumber) in C:\Work Project\GitHub\Efilling\efilling_api\THD.Core.Api\THD.Core.Api.Business\DocMenuCService.cs:line 461
   at THD.Core.Api.Private.Controllers.PrivateDocMenuCController.MenuC34EditInterfaceData(String UserId, String ProectNumber) in C:\Work Project\GitHub\Efilling\efilling_api\THD.Core.Api\THD.Core.Api.Private\Controllers\PrivateDocMenuCController.cs:line 759
   at Microsoft.AspNetCore.Mvc.Internal.ActionMethodExecutor.TaskOfIActionResultExecutor.Execute(IActionResultTypeMapper mapper, ObjectMethodExecutor executor, Object controller, Object[] arguments)
   at System.Threading.Tasks.ValueTask`1.get_Result()
   at Microsoft.AspNetCore.Mvc.Internal.ControllerActionInvoker.InvokeActionMethodAsync()
   at Microsoft.AspNetCore.Mvc.Internal.ControllerActionInvoker.InvokeNextActionFilterAsync()
   at Microsoft.AspNetCore.Mvc.Internal.ControllerActionInvoker.Rethrow(ActionExecutedContext context)
   at Microsoft.AspNetCore.Mvc.Internal.ControllerActionInvoker.Next(State& next, Scope& scope, Object& state, Boolean& isCompleted)
   at Microsoft.AspNetCore.Mvc.Internal.ControllerActionInvoker.InvokeInnerFilterAsync()
   at Microsoft.AspNetCore.Mvc.Internal.ResourceInvoker.InvokeNextResourceFilter()
   at Microsoft.AspNetCore.Mvc.Internal.ResourceInvoker.Rethrow(ResourceExecutedContext context)
   at Microsoft.AspNetCore.Mvc.Internal.ResourceInvoker.Next(State& next, Scope& scope, Object& state, Boolean& isCompleted)
   at Microsoft.AspNetCore.Mvc.Internal.ResourceInvoker.InvokeFilterPipelineAsync()
   at Microsoft.AspNetCore.Mvc.Internal.ResourceInvoker.InvokeAsync()
   at Microsoft.AspNetCore.Routing.EndpointMiddleware.Invoke(HttpContext httpContext)
   at Microsoft.AspNetCore.Routing.EndpointRoutingMiddleware.Invoke(HttpContext httpContext)
   at THD.Core.Api.Private.ErrorHandlingMiddleware.Invoke(HttpContext context) in C:\Work Project\GitHub\Efilling\efilling_api\THD.Core.Api\THD.Core.Api.Private\Core\ErrorHandlingMiddleware.cs:line 24
2020/02/09 22:09:53.730    12   System.IndexOutOfRangeException: agenda4term
   at System.Data.ProviderBase.BasicFieldNameLookup.GetOrdinal(String fieldName)
   at System.Data.SqlClient.SqlDataReader.GetOrdinal(String name)
   at System.Data.SqlClient.SqlDataReader.get_Item(String name)
   at THD.Core.Api.Repository.DataHandler.DocMenuC3Repository.GetMenuC34DataEditAsync(String project_number, String userid, ModelPermissionPage permission) in C:\Work Project\GitHub\Efilling\efilling_api\THD.Core.Api\THD.Core.Api.Repository\DataHandler\DocMenuC3Repository.cs:line 2250
   at THD.Core.Api.Repository.DataHandler.DocMenuC3Repository.MenuC34EditInterfaceDataAsync(String UserId, String ProectNumber) in C:\Work Project\GitHub\Efilling\efilling_api\THD.Core.Api\THD.Core.Api.Repository\DataHandler\DocMenuC3Repository.cs:line 2214
   at THD.Core.Api.Business.DocMenuCService.MenuC34EditInterfaceDataAsync(String UserId, String ProectNumber) in C:\Work Project\GitHub\Efilling\efilling_api\THD.Core.Api\THD.Core.Api.Business\DocMenuCService.cs:line 461
   at THD.Core.Api.Private.Controllers.PrivateDocMenuCController.MenuC34EditInterfaceData(String UserId, String ProectNumber) in C:\Work Project\GitHub\Efilling\efilling_api\THD.Core.Api\THD.Core.Api.Private\Controllers\PrivateDocMenuCController.cs:line 759
   at Microsoft.AspNetCore.Mvc.Internal.ActionMethodExecutor.TaskOfIActionResultExecutor.Execute(IActionResultTypeMapper mapper, ObjectMethodExecutor executor, Object controller, Object[] arguments)
   at System.Threading.Tasks.ValueTask`1.get_Result()
   at Microsoft.AspNetCore.Mvc.Internal.ControllerActionInvoker.InvokeActionMethodAsync()
   at Microsoft.AspNetCore.Mvc.Internal.ControllerActionInvoker.InvokeNextActionFilterAsync()
   at Microsoft.AspNetCore.Mvc.Internal.ControllerActionInvoker.Rethrow(ActionExecutedContext context)
   at Microsoft.AspNetCore.Mvc.Internal.ControllerActionInvoker.Next(State& next, Scope& scope, Object& state, Boolean& isCompleted)
   at Microsoft.AspNetCore.Mvc.Internal.ControllerActionInvoker.InvokeInnerFilterAsync()
   at Microsoft.AspNetCore.Mvc.Internal.ResourceInvoker.InvokeNextResourceFilter()
   at Microsoft.AspNetCore.Mvc.Internal.ResourceInvoker.Rethrow(ResourceExecutedContext context)
   at Microsoft.AspNetCore.Mvc.Internal.ResourceInvoker.Next(State& next, Scope& scope, Object& state, Boolean& isCompleted)
   at Microsoft.AspNetCore.Mvc.Internal.ResourceInvoker.InvokeFilterPipelineAsync()
   at Microsoft.AspNetCore.Mvc.Internal.ResourceInvoker.InvokeAsync()
   at Microsoft.AspNetCore.Routing.EndpointMiddleware.Invoke(HttpContext httpContext)
   at Microsoft.AspNetCore.Routing.EndpointRoutingMiddleware.Invoke(HttpContext httpContext)
   at THD.Core.Api.Private.ErrorHandlingMiddleware.Invoke(HttpContext context) in C:\Work Project\GitHub\Efilling\efilling_api\THD.Core.Api\THD.Core.Api.Private\Core\ErrorHandlingMiddleware.cs:line 24
2020/02/09 22:21:17.757    40   System.IndexOutOfRangeException: agenda4term
   at System.Data.ProviderBase.BasicFieldNameLookup.GetOrdinal(String fieldName)
   at System.Data.SqlClient.SqlDataReader.GetOrdinal(String name)
   at System.Data.SqlClient.SqlDataReader.get_Item(String name)
   at THD.Core.Api.Repository.DataHandler.DocMenuC3Repository.GetMenuC34DataEditAsync(String project_number, String userid, ModelPermissionPage permission) in C:\Work Project\GitHub\Efilling\efilling_api\THD.Core.Api\THD.Core.Api.Repository\DataHandler\DocMenuC3Repository.cs:line 2250
   at THD.Core.Api.Repository.DataHandler.DocMenuC3Repository.MenuC34EditInterfaceDataAsync(String UserId, String ProectNumber) in C:\Work Project\GitHub\Efilling\efilling_api\THD.Core.Api\THD.Core.Api.Repository\DataHandler\DocMenuC3Repository.cs:line 2214
   at THD.Core.Api.Business.DocMenuCService.MenuC34EditInterfaceDataAsync(String UserId, String ProectNumber) in C:\Work Project\GitHub\Efilling\efilling_api\THD.Core.Api\THD.Core.Api.Business\DocMenuCService.cs:line 461
   at THD.Core.Api.Private.Controllers.PrivateDocMenuCController.MenuC34EditInterfaceData(String UserId, String ProectNumber) in C:\Work Project\GitHub\Efilling\efilling_api\THD.Core.Api\THD.Core.Api.Private\Controllers\PrivateDocMenuCController.cs:line 759
   at Microsoft.AspNetCore.Mvc.Internal.ActionMethodExecutor.TaskOfIActionResultExecutor.Execute(IActionResultTypeMapper mapper, ObjectMethodExecutor executor, Object controller, Object[] arguments)
   at System.Threading.Tasks.ValueTask`1.get_Result()
   at Microsoft.AspNetCore.Mvc.Internal.ControllerActionInvoker.InvokeActionMethodAsync()
   at Microsoft.AspNetCore.Mvc.Internal.ControllerActionInvoker.InvokeNextActionFilterAsync()
   at Microsoft.AspNetCore.Mvc.Internal.ControllerActionInvoker.Rethrow(ActionExecutedContext context)
   at Microsoft.AspNetCore.Mvc.Internal.ControllerActionInvoker.Next(State& next, Scope& scope, Object& state, Boolean& isCompleted)
   at Microsoft.AspNetCore.Mvc.Internal.ControllerActionInvoker.InvokeInnerFilterAsync()
   at Microsoft.AspNetCore.Mvc.Internal.ResourceInvoker.InvokeNextResourceFilter()
   at Microsoft.AspNetCore.Mvc.Internal.ResourceInvoker.Rethrow(ResourceExecutedContext context)
   at Microsoft.AspNetCore.Mvc.Internal.ResourceInvoker.Next(State& next, Scope& scope, Object& state, Boolean& isCompleted)
   at Microsoft.AspNetCore.Mvc.Internal.ResourceInvoker.InvokeFilterPipelineAsync()
   at Microsoft.AspNetCore.Mvc.Internal.ResourceInvoker.InvokeAsync()
   at Microsoft.AspNetCore.Routing.EndpointMiddleware.Invoke(HttpContext httpContext)
   at Microsoft.AspNetCore.Routing.EndpointRoutingMiddleware.Invoke(HttpContext httpContext)
   at THD.Core.Api.Private.ErrorHandlingMiddleware.Invoke(HttpContext context) in C:\Work Project\GitHub\Efilling\efilling_api\THD.Core.Api\THD.Core.Api.Private\Core\ErrorHandlingMiddleware.cs:line 24
2020/02/09 22:22:27.439    42   System.IndexOutOfRangeException: agenda4term
   at System.Data.ProviderBase.BasicFieldNameLookup.GetOrdinal(String fieldName)
   at System.Data.SqlClient.SqlDataReader.GetOrdinal(String name)
   at System.Data.SqlClient.SqlDataReader.get_Item(String name)
   at THD.Core.Api.Repository.DataHandler.DocMenuC3Repository.GetMenuC34DataEditAsync(String project_number, String userid, ModelPermissionPage permission) in C:\Work Project\GitHub\Efilling\efilling_api\THD.Core.Api\THD.Core.Api.Repository\DataHandler\DocMenuC3Repository.cs:line 2250
   at THD.Core.Api.Repository.DataHandler.DocMenuC3Repository.MenuC34EditInterfaceDataAsync(String UserId, String ProectNumber) in C:\Work Project\GitHub\Efilling\efilling_api\THD.Core.Api\THD.Core.Api.Repository\DataHandler\DocMenuC3Repository.cs:line 2214
   at THD.Core.Api.Business.DocMenuCService.MenuC34EditInterfaceDataAsync(String UserId, String ProectNumber) in C:\Work Project\GitHub\Efilling\efilling_api\THD.Core.Api\THD.Core.Api.Business\DocMenuCService.cs:line 461
   at THD.Core.Api.Private.Controllers.PrivateDocMenuCController.MenuC34EditInterfaceData(String UserId, String ProectNumber) in C:\Work Project\GitHub\Efilling\efilling_api\THD.Core.Api\THD.Core.Api.Private\Controllers\PrivateDocMenuCController.cs:line 759
   at Microsoft.AspNetCore.Mvc.Internal.ActionMethodExecutor.TaskOfIActionResultExecutor.Execute(IActionResultTypeMapper mapper, ObjectMethodExecutor executor, Object controller, Object[] arguments)
   at System.Threading.Tasks.ValueTask`1.get_Result()
   at Microsoft.AspNetCore.Mvc.Internal.ControllerActionInvoker.InvokeActionMethodAsync()
   at Microsoft.AspNetCore.Mvc.Internal.ControllerActionInvoker.InvokeNextActionFilterAsync()
   at Microsoft.AspNetCore.Mvc.Internal.ControllerActionInvoker.Rethrow(ActionExecutedContext context)
   at Microsoft.AspNetCore.Mvc.Internal.ControllerActionInvoker.Next(State& next, Scope& scope, Object& state, Boolean& isCompleted)
   at Microsoft.AspNetCore.Mvc.Internal.ControllerActionInvoker.InvokeInnerFilterAsync()
   at Microsoft.AspNetCore.Mvc.Internal.ResourceInvoker.InvokeNextResourceFilter()
   at Microsoft.AspNetCore.Mvc.Internal.ResourceInvoker.Rethrow(ResourceExecutedContext context)
   at Microsoft.AspNetCore.Mvc.Internal.ResourceInvoker.Next(State& next, Scope& scope, Object& state, Boolean& isCompleted)
   at Microsoft.AspNetCore.Mvc.Internal.ResourceInvoker.InvokeFilterPipelineAsync()
   at Microsoft.AspNetCore.Mvc.Internal.ResourceInvoker.InvokeAsync()
   at Microsoft.AspNetCore.Routing.EndpointMiddleware.Invoke(HttpContext httpContext)
   at Microsoft.AspNetCore.Routing.EndpointRoutingMiddleware.Invoke(HttpContext httpContext)
   at THD.Core.Api.Private.ErrorHandlingMiddleware.Invoke(HttpContext context) in C:\Work Project\GitHub\Efilling\efilling_api\THD.Core.Api\THD.Core.Api.Private\Core\ErrorHandlingMiddleware.cs:line 24
2020/02/09 22:22:51.702    42   System.IndexOutOfRangeException: agenda4term
   at System.Data.ProviderBase.BasicFieldNameLookup.GetOrdinal(String fieldName)
   at System.Data.SqlClient.SqlDataReader.GetOrdinal(String name)
   at System.Data.SqlClient.SqlDataReader.get_Item(String name)
   at THD.Core.Api.Repository.DataHandler.DocMenuC3Repository.GetMenuC34DataEditAsync(String project_number, String userid, ModelPermissionPage permission) in C:\Work Project\GitHub\Efilling\efilling_api\THD.Core.Api\THD.Core.Api.Repository\DataHandler\DocMenuC3Repository.cs:line 2250
   at THD.Core.Api.Repository.DataHandler.DocMenuC3Repository.MenuC34EditInterfaceDataAsync(String UserId, String ProectNumber) in C:\Work Project\GitHub\Efilling\efilling_api\THD.Core.Api\THD.Core.Api.Repository\DataHandler\DocMenuC3Repository.cs:line 2214
   at THD.Core.Api.Business.DocMenuCService.MenuC34EditInterfaceDataAsync(String UserId, String ProectNumber) in C:\Work Project\GitHub\Efilling\efilling_api\THD.Core.Api\THD.Core.Api.Business\DocMenuCService.cs:line 461
   at THD.Core.Api.Private.Controllers.PrivateDocMenuCController.MenuC34EditInterfaceData(String UserId, String ProectNumber) in C:\Work Project\GitHub\Efilling\efilling_api\THD.Core.Api\THD.Core.Api.Private\Controllers\PrivateDocMenuCController.cs:line 759
   at Microsoft.AspNetCore.Mvc.Internal.ActionMethodExecutor.TaskOfIActionResultExecutor.Execute(IActionResultTypeMapper mapper, ObjectMethodExecutor executor, Object controller, Object[] arguments)
   at System.Threading.Tasks.ValueTask`1.get_Result()
   at Microsoft.AspNetCore.Mvc.Internal.ControllerActionInvoker.InvokeActionMethodAsync()
   at Microsoft.AspNetCore.Mvc.Internal.ControllerActionInvoker.InvokeNextActionFilterAsync()
   at Microsoft.AspNetCore.Mvc.Internal.ControllerActionInvoker.Rethrow(ActionExecutedContext context)
   at Microsoft.AspNetCore.Mvc.Internal.ControllerActionInvoker.Next(State& next, Scope& scope, Object& state, Boolean& isCompleted)
   at Microsoft.AspNetCore.Mvc.Internal.ControllerActionInvoker.InvokeInnerFilterAsync()
   at Microsoft.AspNetCore.Mvc.Internal.ResourceInvoker.InvokeNextResourceFilter()
   at Microsoft.AspNetCore.Mvc.Internal.ResourceInvoker.Rethrow(ResourceExecutedContext context)
   at Microsoft.AspNetCore.Mvc.Internal.ResourceInvoker.Next(State& next, Scope& scope, Object& state, Boolean& isCompleted)
   at Microsoft.AspNetCore.Mvc.Internal.ResourceInvoker.InvokeFilterPipelineAsync()
   at Microsoft.AspNetCore.Mvc.Internal.ResourceInvoker.InvokeAsync()
   at Microsoft.AspNetCore.Routing.EndpointMiddleware.Invoke(HttpContext httpContext)
   at Microsoft.AspNetCore.Routing.EndpointRoutingMiddleware.Invoke(HttpContext httpContext)
   at THD.Core.Api.Private.ErrorHandlingMiddleware.Invoke(HttpContext context) in C:\Work Project\GitHub\Efilling\efilling_api\THD.Core.Api\THD.Core.Api.Private\Core\ErrorHandlingMiddleware.cs:line 24
2020/02/09 22:23:08.565    42   System.IndexOutOfRangeException: agenda4term
   at System.Data.ProviderBase.BasicFieldNameLookup.GetOrdinal(String fieldName)
   at System.Data.SqlClient.SqlDataReader.GetOrdinal(String name)
   at System.Data.SqlClient.SqlDataReader.get_Item(String name)
   at THD.Core.Api.Repository.DataHandler.DocMenuC3Repository.GetMenuC34DataEditAsync(String project_number, String userid, ModelPermissionPage permission) in C:\Work Project\GitHub\Efilling\efilling_api\THD.Core.Api\THD.Core.Api.Repository\DataHandler\DocMenuC3Repository.cs:line 2250
   at THD.Core.Api.Repository.DataHandler.DocMenuC3Repository.MenuC34EditInterfaceDataAsync(String UserId, String ProectNumber) in C:\Work Project\GitHub\Efilling\efilling_api\THD.Core.Api\THD.Core.Api.Repository\DataHandler\DocMenuC3Repository.cs:line 2214
   at THD.Core.Api.Business.DocMenuCService.MenuC34EditInterfaceDataAsync(String UserId, String ProectNumber) in C:\Work Project\GitHub\Efilling\efilling_api\THD.Core.Api\THD.Core.Api.Business\DocMenuCService.cs:line 461
   at THD.Core.Api.Private.Controllers.PrivateDocMenuCController.MenuC34EditInterfaceData(String UserId, String ProectNumber) in C:\Work Project\GitHub\Efilling\efilling_api\THD.Core.Api\THD.Core.Api.Private\Controllers\PrivateDocMenuCController.cs:line 759
   at Microsoft.AspNetCore.Mvc.Internal.ActionMethodExecutor.TaskOfIActionResultExecutor.Execute(IActionResultTypeMapper mapper, ObjectMethodExecutor executor, Object controller, Object[] arguments)
   at System.Threading.Tasks.ValueTask`1.get_Result()
   at Microsoft.AspNetCore.Mvc.Internal.ControllerActionInvoker.InvokeActionMethodAsync()
   at Microsoft.AspNetCore.Mvc.Internal.ControllerActionInvoker.InvokeNextActionFilterAsync()
   at Microsoft.AspNetCore.Mvc.Internal.ControllerActionInvoker.Rethrow(ActionExecutedContext context)
   at Microsoft.AspNetCore.Mvc.Internal.ControllerActionInvoker.Next(State& next, Scope& scope, Object& state, Boolean& isCompleted)
   at Microsoft.AspNetCore.Mvc.Internal.ControllerActionInvoker.InvokeInnerFilterAsync()
   at Microsoft.AspNetCore.Mvc.Internal.ResourceInvoker.InvokeNextResourceFilter()
   at Microsoft.AspNetCore.Mvc.Internal.ResourceInvoker.Rethrow(ResourceExecutedContext context)
   at Microsoft.AspNetCore.Mvc.Internal.ResourceInvoker.Next(State& next, Scope& scope, Object& state, Boolean& isCompleted)
   at Microsoft.AspNetCore.Mvc.Internal.ResourceInvoker.InvokeFilterPipelineAsync()
   at Microsoft.AspNetCore.Mvc.Internal.ResourceInvoker.InvokeAsync()
   at Microsoft.AspNetCore.Routing.EndpointMiddleware.Invoke(HttpContext httpContext)
   at Microsoft.AspNetCore.Routing.EndpointRoutingMiddleware.Invoke(HttpContext httpContext)
   at THD.Core.Api.Private.ErrorHandlingMiddleware.Invoke(HttpContext context) in C:\Work Project\GitHub\Efilling\efilling_api\THD.Core.Api\THD.Core.Api.Private\Core\ErrorHandlingMiddleware.cs:line 24
