2020/02/16 10:54:18.734    11   System.IndexOutOfRangeException: isClose
   at System.Data.ProviderBase.BasicFieldNameLookup.GetOrdinal(String fieldName)
   at System.Data.SqlClient.SqlDataReader.GetOrdinal(String name)
   at System.Data.SqlClient.SqlDataReader.get_Item(String name)
   at THD.Core.Api.Repository.DataHandler.DocMenuR1Repository.GetAllReportHistoryDataR1Async(ModelMenuR1_InterfaceData search) in C:\Work Project\GitHub\Efilling\efilling_api\THD.Core.Api\THD.Core.Api.Repository\ReportFunction\DocMenuR1Repository.cs:line 129
   at THD.Core.Api.Repository.DataHandler.DocMenuR1Repository.MenuR1InterfaceDataAsync(String RegisterId) in C:\Work Project\GitHub\Efilling\efilling_api\THD.Core.Api\THD.Core.Api.Repository\ReportFunction\DocMenuR1Repository.cs:line 58
   at THD.Core.Api.Business.DocMenuRService.MenuR1InterfaceDataAsync(String RegisterId) in C:\Work Project\GitHub\Efilling\efilling_api\THD.Core.Api\THD.Core.Api.Business\DocMenuR1Service.cs:line 35
   at THD.Core.Api.Private.Controllers.PrivateDocMenuRController.MenuR1InterfaceData(String RegisterId) in C:\Work Project\GitHub\Efilling\efilling_api\THD.Core.Api\THD.Core.Api.Private\Controllers\PrivateDocMenuRController.cs:line 39
   at Microsoft.AspNetCore.Mvc.Internal.ActionMethodExecutor.TaskOfIActionResultExecutor.Execute(IActionResultTypeMapper mapper, ObjectMethodExecutor executor, Object controller, Object[] arguments)
   at System.Threading.Tasks.ValueTask`1.get_Result()
   at Microsoft.AspNetCore.Mvc.Internal.ControllerActionInvoker.InvokeActionMethodAsync()
   at Microsoft.AspNetCore.Mvc.Internal.ControllerActionInvoker.InvokeNextActionFilterAsync()
   at Microsoft.AspNetCore.Mvc.Internal.ControllerActionInvoker.Rethrow(ActionExecutedContext context)
   at Microsoft.AspNetCore.Mvc.Internal.ControllerActionInvoker.Next(State& next, Scope& scope, Object& state, Boolean& isCompleted)
   at Microsoft.AspNetCore.Mvc.Internal.ControllerActionInvoker.InvokeInnerFilterAsync()
   at Microsoft.AspNetCore.Mvc.Internal.ResourceInvoker.InvokeNextResourceFilter()
   at Microsoft.AspNetCore.Mvc.Internal.ResourceInvoker.Rethrow(ResourceExecutedContext context)
   at Microsoft.AspNetCore.Mvc.Internal.ResourceInvoker.Next(State& next, Scope& scope, Object& state, Boolean& isCompleted)
   at Microsoft.AspNetCore.Mvc.Internal.ResourceInvoker.InvokeFilterPipelineAsync()
   at Microsoft.AspNetCore.Mvc.Internal.ResourceInvoker.InvokeAsync()
   at Microsoft.AspNetCore.Routing.EndpointMiddleware.Invoke(HttpContext httpContext)
   at Microsoft.AspNetCore.Routing.EndpointRoutingMiddleware.Invoke(HttpContext httpContext)
   at THD.Core.Api.Private.ErrorHandlingMiddleware.Invoke(HttpContext context) in C:\Work Project\GitHub\Efilling\efilling_api\THD.Core.Api\THD.Core.Api.Private\Core\ErrorHandlingMiddleware.cs:line 24
2020/02/16 10:56:01.671    11   System.IndexOutOfRangeException: isClose
   at System.Data.ProviderBase.BasicFieldNameLookup.GetOrdinal(String fieldName)
   at System.Data.SqlClient.SqlDataReader.GetOrdinal(String name)
   at System.Data.SqlClient.SqlDataReader.get_Item(String name)
   at THD.Core.Api.Repository.DataHandler.DocMenuR1Repository.GetAllReportHistoryDataR1Async(ModelMenuR1_InterfaceData search) in C:\Work Project\GitHub\Efilling\efilling_api\THD.Core.Api\THD.Core.Api.Repository\ReportFunction\DocMenuR1Repository.cs:line 129
   at THD.Core.Api.Repository.DataHandler.DocMenuR1Repository.MenuR1InterfaceDataAsync(String RegisterId) in C:\Work Project\GitHub\Efilling\efilling_api\THD.Core.Api\THD.Core.Api.Repository\ReportFunction\DocMenuR1Repository.cs:line 58
   at THD.Core.Api.Business.DocMenuRService.MenuR1InterfaceDataAsync(String RegisterId) in C:\Work Project\GitHub\Efilling\efilling_api\THD.Core.Api\THD.Core.Api.Business\DocMenuR1Service.cs:line 35
   at THD.Core.Api.Private.Controllers.PrivateDocMenuRController.MenuR1InterfaceData(String RegisterId) in C:\Work Project\GitHub\Efilling\efilling_api\THD.Core.Api\THD.Core.Api.Private\Controllers\PrivateDocMenuRController.cs:line 39
   at Microsoft.AspNetCore.Mvc.Internal.ActionMethodExecutor.TaskOfIActionResultExecutor.Execute(IActionResultTypeMapper mapper, ObjectMethodExecutor executor, Object controller, Object[] arguments)
   at System.Threading.Tasks.ValueTask`1.get_Result()
   at Microsoft.AspNetCore.Mvc.Internal.ControllerActionInvoker.InvokeActionMethodAsync()
   at Microsoft.AspNetCore.Mvc.Internal.ControllerActionInvoker.InvokeNextActionFilterAsync()
   at Microsoft.AspNetCore.Mvc.Internal.ControllerActionInvoker.Rethrow(ActionExecutedContext context)
   at Microsoft.AspNetCore.Mvc.Internal.ControllerActionInvoker.Next(State& next, Scope& scope, Object& state, Boolean& isCompleted)
   at Microsoft.AspNetCore.Mvc.Internal.ControllerActionInvoker.InvokeInnerFilterAsync()
   at Microsoft.AspNetCore.Mvc.Internal.ResourceInvoker.InvokeNextResourceFilter()
   at Microsoft.AspNetCore.Mvc.Internal.ResourceInvoker.Rethrow(ResourceExecutedContext context)
   at Microsoft.AspNetCore.Mvc.Internal.ResourceInvoker.Next(State& next, Scope& scope, Object& state, Boolean& isCompleted)
   at Microsoft.AspNetCore.Mvc.Internal.ResourceInvoker.InvokeFilterPipelineAsync()
   at Microsoft.AspNetCore.Mvc.Internal.ResourceInvoker.InvokeAsync()
   at Microsoft.AspNetCore.Routing.EndpointMiddleware.Invoke(HttpContext httpContext)
   at Microsoft.AspNetCore.Routing.EndpointRoutingMiddleware.Invoke(HttpContext httpContext)
   at THD.Core.Api.Private.ErrorHandlingMiddleware.Invoke(HttpContext context) in C:\Work Project\GitHub\Efilling\efilling_api\THD.Core.Api\THD.Core.Api.Private\Core\ErrorHandlingMiddleware.cs:line 24
2020/02/16 10:56:38.105    6   System.IndexOutOfRangeException: isClose
   at System.Data.ProviderBase.BasicFieldNameLookup.GetOrdinal(String fieldName)
   at System.Data.SqlClient.SqlDataReader.GetOrdinal(String name)
   at System.Data.SqlClient.SqlDataReader.get_Item(String name)
   at THD.Core.Api.Repository.DataHandler.DocMenuR1Repository.GetAllReportHistoryDataR1Async(ModelMenuR1_InterfaceData search) in C:\Work Project\GitHub\Efilling\efilling_api\THD.Core.Api\THD.Core.Api.Repository\ReportFunction\DocMenuR1Repository.cs:line 129
   at THD.Core.Api.Repository.DataHandler.DocMenuR1Repository.MenuR1InterfaceDataAsync(String RegisterId) in C:\Work Project\GitHub\Efilling\efilling_api\THD.Core.Api\THD.Core.Api.Repository\ReportFunction\DocMenuR1Repository.cs:line 58
   at THD.Core.Api.Business.DocMenuRService.MenuR1InterfaceDataAsync(String RegisterId) in C:\Work Project\GitHub\Efilling\efilling_api\THD.Core.Api\THD.Core.Api.Business\DocMenuR1Service.cs:line 35
   at THD.Core.Api.Private.Controllers.PrivateDocMenuRController.MenuR1InterfaceData(String RegisterId) in C:\Work Project\GitHub\Efilling\efilling_api\THD.Core.Api\THD.Core.Api.Private\Controllers\PrivateDocMenuRController.cs:line 39
   at Microsoft.AspNetCore.Mvc.Internal.ActionMethodExecutor.TaskOfIActionResultExecutor.Execute(IActionResultTypeMapper mapper, ObjectMethodExecutor executor, Object controller, Object[] arguments)
   at System.Threading.Tasks.ValueTask`1.get_Result()
   at Microsoft.AspNetCore.Mvc.Internal.ControllerActionInvoker.InvokeActionMethodAsync()
   at Microsoft.AspNetCore.Mvc.Internal.ControllerActionInvoker.InvokeNextActionFilterAsync()
   at Microsoft.AspNetCore.Mvc.Internal.ControllerActionInvoker.Rethrow(ActionExecutedContext context)
   at Microsoft.AspNetCore.Mvc.Internal.ControllerActionInvoker.Next(State& next, Scope& scope, Object& state, Boolean& isCompleted)
   at Microsoft.AspNetCore.Mvc.Internal.ControllerActionInvoker.InvokeInnerFilterAsync()
   at Microsoft.AspNetCore.Mvc.Internal.ResourceInvoker.InvokeNextResourceFilter()
   at Microsoft.AspNetCore.Mvc.Internal.ResourceInvoker.Rethrow(ResourceExecutedContext context)
   at Microsoft.AspNetCore.Mvc.Internal.ResourceInvoker.Next(State& next, Scope& scope, Object& state, Boolean& isCompleted)
   at Microsoft.AspNetCore.Mvc.Internal.ResourceInvoker.InvokeFilterPipelineAsync()
   at Microsoft.AspNetCore.Mvc.Internal.ResourceInvoker.InvokeAsync()
   at Microsoft.AspNetCore.Routing.EndpointMiddleware.Invoke(HttpContext httpContext)
   at Microsoft.AspNetCore.Routing.EndpointRoutingMiddleware.Invoke(HttpContext httpContext)
   at THD.Core.Api.Private.ErrorHandlingMiddleware.Invoke(HttpContext context) in C:\Work Project\GitHub\Efilling\efilling_api\THD.Core.Api\THD.Core.Api.Private\Core\ErrorHandlingMiddleware.cs:line 24
2020/02/16 10:58:04.818    12   System.IndexOutOfRangeException: isClose
   at System.Data.ProviderBase.BasicFieldNameLookup.GetOrdinal(String fieldName)
   at System.Data.SqlClient.SqlDataReader.GetOrdinal(String name)
   at System.Data.SqlClient.SqlDataReader.get_Item(String name)
   at THD.Core.Api.Repository.DataHandler.DocMenuR1Repository.GetAllReportHistoryDataR1Async(ModelMenuR1_InterfaceData search) in C:\Work Project\GitHub\Efilling\efilling_api\THD.Core.Api\THD.Core.Api.Repository\ReportFunction\DocMenuR1Repository.cs:line 131
   at THD.Core.Api.Repository.DataHandler.DocMenuR1Repository.MenuR1InterfaceDataAsync(String RegisterId) in C:\Work Project\GitHub\Efilling\efilling_api\THD.Core.Api\THD.Core.Api.Repository\ReportFunction\DocMenuR1Repository.cs:line 58
   at THD.Core.Api.Business.DocMenuRService.MenuR1InterfaceDataAsync(String RegisterId) in C:\Work Project\GitHub\Efilling\efilling_api\THD.Core.Api\THD.Core.Api.Business\DocMenuR1Service.cs:line 35
   at THD.Core.Api.Private.Controllers.PrivateDocMenuRController.MenuR1InterfaceData(String RegisterId) in C:\Work Project\GitHub\Efilling\efilling_api\THD.Core.Api\THD.Core.Api.Private\Controllers\PrivateDocMenuRController.cs:line 39
   at Microsoft.AspNetCore.Mvc.Internal.ActionMethodExecutor.TaskOfIActionResultExecutor.Execute(IActionResultTypeMapper mapper, ObjectMethodExecutor executor, Object controller, Object[] arguments)
   at System.Threading.Tasks.ValueTask`1.get_Result()
   at Microsoft.AspNetCore.Mvc.Internal.ControllerActionInvoker.InvokeActionMethodAsync()
   at Microsoft.AspNetCore.Mvc.Internal.ControllerActionInvoker.InvokeNextActionFilterAsync()
   at Microsoft.AspNetCore.Mvc.Internal.ControllerActionInvoker.Rethrow(ActionExecutedContext context)
   at Microsoft.AspNetCore.Mvc.Internal.ControllerActionInvoker.Next(State& next, Scope& scope, Object& state, Boolean& isCompleted)
   at Microsoft.AspNetCore.Mvc.Internal.ControllerActionInvoker.InvokeInnerFilterAsync()
   at Microsoft.AspNetCore.Mvc.Internal.ResourceInvoker.InvokeNextResourceFilter()
   at Microsoft.AspNetCore.Mvc.Internal.ResourceInvoker.Rethrow(ResourceExecutedContext context)
   at Microsoft.AspNetCore.Mvc.Internal.ResourceInvoker.Next(State& next, Scope& scope, Object& state, Boolean& isCompleted)
   at Microsoft.AspNetCore.Mvc.Internal.ResourceInvoker.InvokeFilterPipelineAsync()
   at Microsoft.AspNetCore.Mvc.Internal.ResourceInvoker.InvokeAsync()
   at Microsoft.AspNetCore.Routing.EndpointMiddleware.Invoke(HttpContext httpContext)
   at Microsoft.AspNetCore.Routing.EndpointRoutingMiddleware.Invoke(HttpContext httpContext)
   at THD.Core.Api.Private.ErrorHandlingMiddleware.Invoke(HttpContext context) in C:\Work Project\GitHub\Efilling\efilling_api\THD.Core.Api\THD.Core.Api.Private\Core\ErrorHandlingMiddleware.cs:line 24
2020/02/16 10:58:10.318    14   System.IndexOutOfRangeException: isClose
   at System.Data.ProviderBase.BasicFieldNameLookup.GetOrdinal(String fieldName)
   at System.Data.SqlClient.SqlDataReader.GetOrdinal(String name)
   at System.Data.SqlClient.SqlDataReader.get_Item(String name)
   at THD.Core.Api.Repository.DataHandler.DocMenuR1Repository.GetAllReportHistoryDataR1Async(ModelMenuR1_InterfaceData search) in C:\Work Project\GitHub\Efilling\efilling_api\THD.Core.Api\THD.Core.Api.Repository\ReportFunction\DocMenuR1Repository.cs:line 131
   at THD.Core.Api.Business.DocMenuRService.GetAllReportHistoryDataR1Async(ModelMenuR1_InterfaceData model) in C:\Work Project\GitHub\Efilling\efilling_api\THD.Core.Api\THD.Core.Api.Business\DocMenuR1Service.cs:line 40
   at THD.Core.Api.Private.Controllers.PrivateDocMenuRController.GetAllReportHistoryDataR1(ModelMenuR1_InterfaceData search) in C:\Work Project\GitHub\Efilling\efilling_api\THD.Core.Api\THD.Core.Api.Private\Controllers\PrivateDocMenuRController.cs:line 48
   at Microsoft.AspNetCore.Mvc.Internal.ActionMethodExecutor.TaskOfIActionResultExecutor.Execute(IActionResultTypeMapper mapper, ObjectMethodExecutor executor, Object controller, Object[] arguments)
   at System.Threading.Tasks.ValueTask`1.get_Result()
   at Microsoft.AspNetCore.Mvc.Internal.ControllerActionInvoker.InvokeActionMethodAsync()
   at Microsoft.AspNetCore.Mvc.Internal.ControllerActionInvoker.InvokeNextActionFilterAsync()
   at Microsoft.AspNetCore.Mvc.Internal.ControllerActionInvoker.Rethrow(ActionExecutedContext context)
   at Microsoft.AspNetCore.Mvc.Internal.ControllerActionInvoker.Next(State& next, Scope& scope, Object& state, Boolean& isCompleted)
   at Microsoft.AspNetCore.Mvc.Internal.ControllerActionInvoker.InvokeInnerFilterAsync()
   at Microsoft.AspNetCore.Mvc.Internal.ResourceInvoker.InvokeNextResourceFilter()
   at Microsoft.AspNetCore.Mvc.Internal.ResourceInvoker.Rethrow(ResourceExecutedContext context)
   at Microsoft.AspNetCore.Mvc.Internal.ResourceInvoker.Next(State& next, Scope& scope, Object& state, Boolean& isCompleted)
   at Microsoft.AspNetCore.Mvc.Internal.ResourceInvoker.InvokeFilterPipelineAsync()
   at Microsoft.AspNetCore.Mvc.Internal.ResourceInvoker.InvokeAsync()
   at Microsoft.AspNetCore.Routing.EndpointMiddleware.Invoke(HttpContext httpContext)
   at Microsoft.AspNetCore.Routing.EndpointRoutingMiddleware.Invoke(HttpContext httpContext)
   at THD.Core.Api.Private.ErrorHandlingMiddleware.Invoke(HttpContext context) in C:\Work Project\GitHub\Efilling\efilling_api\THD.Core.Api\THD.Core.Api.Private\Core\ErrorHandlingMiddleware.cs:line 24
2020/02/16 10:58:39.024    10   System.IndexOutOfRangeException: isClose
   at System.Data.ProviderBase.BasicFieldNameLookup.GetOrdinal(String fieldName)
   at System.Data.SqlClient.SqlDataReader.GetOrdinal(String name)
   at System.Data.SqlClient.SqlDataReader.get_Item(String name)
   at THD.Core.Api.Repository.DataHandler.DocMenuR1Repository.GetAllReportHistoryDataR1Async(ModelMenuR1_InterfaceData search) in C:\Work Project\GitHub\Efilling\efilling_api\THD.Core.Api\THD.Core.Api.Repository\ReportFunction\DocMenuR1Repository.cs:line 131
   at THD.Core.Api.Repository.DataHandler.DocMenuR1Repository.MenuR1InterfaceDataAsync(String RegisterId) in C:\Work Project\GitHub\Efilling\efilling_api\THD.Core.Api\THD.Core.Api.Repository\ReportFunction\DocMenuR1Repository.cs:line 58
   at THD.Core.Api.Business.DocMenuRService.MenuR1InterfaceDataAsync(String RegisterId) in C:\Work Project\GitHub\Efilling\efilling_api\THD.Core.Api\THD.Core.Api.Business\DocMenuR1Service.cs:line 35
   at THD.Core.Api.Private.Controllers.PrivateDocMenuRController.MenuR1InterfaceData(String RegisterId) in C:\Work Project\GitHub\Efilling\efilling_api\THD.Core.Api\THD.Core.Api.Private\Controllers\PrivateDocMenuRController.cs:line 39
   at Microsoft.AspNetCore.Mvc.Internal.ActionMethodExecutor.TaskOfIActionResultExecutor.Execute(IActionResultTypeMapper mapper, ObjectMethodExecutor executor, Object controller, Object[] arguments)
   at System.Threading.Tasks.ValueTask`1.get_Result()
   at Microsoft.AspNetCore.Mvc.Internal.ControllerActionInvoker.InvokeActionMethodAsync()
   at Microsoft.AspNetCore.Mvc.Internal.ControllerActionInvoker.InvokeNextActionFilterAsync()
   at Microsoft.AspNetCore.Mvc.Internal.ControllerActionInvoker.Rethrow(ActionExecutedContext context)
   at Microsoft.AspNetCore.Mvc.Internal.ControllerActionInvoker.Next(State& next, Scope& scope, Object& state, Boolean& isCompleted)
   at Microsoft.AspNetCore.Mvc.Internal.ControllerActionInvoker.InvokeInnerFilterAsync()
   at Microsoft.AspNetCore.Mvc.Internal.ResourceInvoker.InvokeNextResourceFilter()
   at Microsoft.AspNetCore.Mvc.Internal.ResourceInvoker.Rethrow(ResourceExecutedContext context)
   at Microsoft.AspNetCore.Mvc.Internal.ResourceInvoker.Next(State& next, Scope& scope, Object& state, Boolean& isCompleted)
   at Microsoft.AspNetCore.Mvc.Internal.ResourceInvoker.InvokeFilterPipelineAsync()
   at Microsoft.AspNetCore.Mvc.Internal.ResourceInvoker.InvokeAsync()
   at Microsoft.AspNetCore.Routing.EndpointMiddleware.Invoke(HttpContext httpContext)
   at Microsoft.AspNetCore.Routing.EndpointRoutingMiddleware.Invoke(HttpContext httpContext)
   at THD.Core.Api.Private.ErrorHandlingMiddleware.Invoke(HttpContext context) in C:\Work Project\GitHub\Efilling\efilling_api\THD.Core.Api\THD.Core.Api.Private\Core\ErrorHandlingMiddleware.cs:line 24
2020/02/16 10:59:07.801    6   System.IndexOutOfRangeException: isClose
   at System.Data.ProviderBase.BasicFieldNameLookup.GetOrdinal(String fieldName)
   at System.Data.SqlClient.SqlDataReader.GetOrdinal(String name)
   at System.Data.SqlClient.SqlDataReader.get_Item(String name)
   at THD.Core.Api.Repository.DataHandler.DocMenuR1Repository.GetAllReportHistoryDataR1Async(ModelMenuR1_InterfaceData search) in C:\Work Project\GitHub\Efilling\efilling_api\THD.Core.Api\THD.Core.Api.Repository\ReportFunction\DocMenuR1Repository.cs:line 131
   at THD.Core.Api.Repository.DataHandler.DocMenuR1Repository.MenuR1InterfaceDataAsync(String RegisterId) in C:\Work Project\GitHub\Efilling\efilling_api\THD.Core.Api\THD.Core.Api.Repository\ReportFunction\DocMenuR1Repository.cs:line 58
   at THD.Core.Api.Business.DocMenuRService.MenuR1InterfaceDataAsync(String RegisterId) in C:\Work Project\GitHub\Efilling\efilling_api\THD.Core.Api\THD.Core.Api.Business\DocMenuR1Service.cs:line 35
   at THD.Core.Api.Private.Controllers.PrivateDocMenuRController.MenuR1InterfaceData(String RegisterId) in C:\Work Project\GitHub\Efilling\efilling_api\THD.Core.Api\THD.Core.Api.Private\Controllers\PrivateDocMenuRController.cs:line 39
   at Microsoft.AspNetCore.Mvc.Internal.ActionMethodExecutor.TaskOfIActionResultExecutor.Execute(IActionResultTypeMapper mapper, ObjectMethodExecutor executor, Object controller, Object[] arguments)
   at System.Threading.Tasks.ValueTask`1.get_Result()
   at Microsoft.AspNetCore.Mvc.Internal.ControllerActionInvoker.InvokeActionMethodAsync()
   at Microsoft.AspNetCore.Mvc.Internal.ControllerActionInvoker.InvokeNextActionFilterAsync()
   at Microsoft.AspNetCore.Mvc.Internal.ControllerActionInvoker.Rethrow(ActionExecutedContext context)
   at Microsoft.AspNetCore.Mvc.Internal.ControllerActionInvoker.Next(State& next, Scope& scope, Object& state, Boolean& isCompleted)
   at Microsoft.AspNetCore.Mvc.Internal.ControllerActionInvoker.InvokeInnerFilterAsync()
   at Microsoft.AspNetCore.Mvc.Internal.ResourceInvoker.InvokeNextResourceFilter()
   at Microsoft.AspNetCore.Mvc.Internal.ResourceInvoker.Rethrow(ResourceExecutedContext context)
   at Microsoft.AspNetCore.Mvc.Internal.ResourceInvoker.Next(State& next, Scope& scope, Object& state, Boolean& isCompleted)
   at Microsoft.AspNetCore.Mvc.Internal.ResourceInvoker.InvokeFilterPipelineAsync()
   at Microsoft.AspNetCore.Mvc.Internal.ResourceInvoker.InvokeAsync()
   at Microsoft.AspNetCore.Routing.EndpointMiddleware.Invoke(HttpContext httpContext)
   at Microsoft.AspNetCore.Routing.EndpointRoutingMiddleware.Invoke(HttpContext httpContext)
   at THD.Core.Api.Private.ErrorHandlingMiddleware.Invoke(HttpContext context) in C:\Work Project\GitHub\Efilling\efilling_api\THD.Core.Api\THD.Core.Api.Private\Core\ErrorHandlingMiddleware.cs:line 24
2020/02/16 11:01:14.048    13   System.IndexOutOfRangeException: isClose
   at System.Data.ProviderBase.BasicFieldNameLookup.GetOrdinal(String fieldName)
   at System.Data.SqlClient.SqlDataReader.GetOrdinal(String name)
   at System.Data.SqlClient.SqlDataReader.get_Item(String name)
   at THD.Core.Api.Repository.DataHandler.DocMenuR1Repository.GetAllReportHistoryDataR1Async(ModelMenuR1_InterfaceData search) in C:\Work Project\GitHub\Efilling\efilling_api\THD.Core.Api\THD.Core.Api.Repository\ReportFunction\DocMenuR1Repository.cs:line 130
   at THD.Core.Api.Repository.DataHandler.DocMenuR1Repository.MenuR1InterfaceDataAsync(String RegisterId) in C:\Work Project\GitHub\Efilling\efilling_api\THD.Core.Api\THD.Core.Api.Repository\ReportFunction\DocMenuR1Repository.cs:line 58
   at THD.Core.Api.Business.DocMenuRService.MenuR1InterfaceDataAsync(String RegisterId) in C:\Work Project\GitHub\Efilling\efilling_api\THD.Core.Api\THD.Core.Api.Business\DocMenuR1Service.cs:line 35
   at THD.Core.Api.Private.Controllers.PrivateDocMenuRController.MenuR1InterfaceData(String RegisterId) in C:\Work Project\GitHub\Efilling\efilling_api\THD.Core.Api\THD.Core.Api.Private\Controllers\PrivateDocMenuRController.cs:line 39
   at Microsoft.AspNetCore.Mvc.Internal.ActionMethodExecutor.TaskOfIActionResultExecutor.Execute(IActionResultTypeMapper mapper, ObjectMethodExecutor executor, Object controller, Object[] arguments)
   at System.Threading.Tasks.ValueTask`1.get_Result()
   at Microsoft.AspNetCore.Mvc.Internal.ControllerActionInvoker.InvokeActionMethodAsync()
   at Microsoft.AspNetCore.Mvc.Internal.ControllerActionInvoker.InvokeNextActionFilterAsync()
   at Microsoft.AspNetCore.Mvc.Internal.ControllerActionInvoker.Rethrow(ActionExecutedContext context)
   at Microsoft.AspNetCore.Mvc.Internal.ControllerActionInvoker.Next(State& next, Scope& scope, Object& state, Boolean& isCompleted)
   at Microsoft.AspNetCore.Mvc.Internal.ControllerActionInvoker.InvokeInnerFilterAsync()
   at Microsoft.AspNetCore.Mvc.Internal.ResourceInvoker.InvokeNextResourceFilter()
   at Microsoft.AspNetCore.Mvc.Internal.ResourceInvoker.Rethrow(ResourceExecutedContext context)
   at Microsoft.AspNetCore.Mvc.Internal.ResourceInvoker.Next(State& next, Scope& scope, Object& state, Boolean& isCompleted)
   at Microsoft.AspNetCore.Mvc.Internal.ResourceInvoker.InvokeFilterPipelineAsync()
   at Microsoft.AspNetCore.Mvc.Internal.ResourceInvoker.InvokeAsync()
   at Microsoft.AspNetCore.Routing.EndpointMiddleware.Invoke(HttpContext httpContext)
   at Microsoft.AspNetCore.Routing.EndpointRoutingMiddleware.Invoke(HttpContext httpContext)
   at THD.Core.Api.Private.ErrorHandlingMiddleware.Invoke(HttpContext context) in C:\Work Project\GitHub\Efilling\efilling_api\THD.Core.Api\THD.Core.Api.Private\Core\ErrorHandlingMiddleware.cs:line 24
2020/02/16 11:01:34.347    14   System.IndexOutOfRangeException: isClose
   at System.Data.ProviderBase.BasicFieldNameLookup.GetOrdinal(String fieldName)
   at System.Data.SqlClient.SqlDataReader.GetOrdinal(String name)
   at System.Data.SqlClient.SqlDataReader.get_Item(String name)
   at THD.Core.Api.Repository.DataHandler.DocMenuR1Repository.GetAllReportHistoryDataR1Async(ModelMenuR1_InterfaceData search) in C:\Work Project\GitHub\Efilling\efilling_api\THD.Core.Api\THD.Core.Api.Repository\ReportFunction\DocMenuR1Repository.cs:line 130
   at THD.Core.Api.Repository.DataHandler.DocMenuR1Repository.MenuR1InterfaceDataAsync(String RegisterId) in C:\Work Project\GitHub\Efilling\efilling_api\THD.Core.Api\THD.Core.Api.Repository\ReportFunction\DocMenuR1Repository.cs:line 58
   at THD.Core.Api.Business.DocMenuRService.MenuR1InterfaceDataAsync(String RegisterId) in C:\Work Project\GitHub\Efilling\efilling_api\THD.Core.Api\THD.Core.Api.Business\DocMenuR1Service.cs:line 35
   at THD.Core.Api.Private.Controllers.PrivateDocMenuRController.MenuR1InterfaceData(String RegisterId) in C:\Work Project\GitHub\Efilling\efilling_api\THD.Core.Api\THD.Core.Api.Private\Controllers\PrivateDocMenuRController.cs:line 39
   at Microsoft.AspNetCore.Mvc.Internal.ActionMethodExecutor.TaskOfIActionResultExecutor.Execute(IActionResultTypeMapper mapper, ObjectMethodExecutor executor, Object controller, Object[] arguments)
   at System.Threading.Tasks.ValueTask`1.get_Result()
   at Microsoft.AspNetCore.Mvc.Internal.ControllerActionInvoker.InvokeActionMethodAsync()
   at Microsoft.AspNetCore.Mvc.Internal.ControllerActionInvoker.InvokeNextActionFilterAsync()
   at Microsoft.AspNetCore.Mvc.Internal.ControllerActionInvoker.Rethrow(ActionExecutedContext context)
   at Microsoft.AspNetCore.Mvc.Internal.ControllerActionInvoker.Next(State& next, Scope& scope, Object& state, Boolean& isCompleted)
   at Microsoft.AspNetCore.Mvc.Internal.ControllerActionInvoker.InvokeInnerFilterAsync()
   at Microsoft.AspNetCore.Mvc.Internal.ResourceInvoker.InvokeNextResourceFilter()
   at Microsoft.AspNetCore.Mvc.Internal.ResourceInvoker.Rethrow(ResourceExecutedContext context)
   at Microsoft.AspNetCore.Mvc.Internal.ResourceInvoker.Next(State& next, Scope& scope, Object& state, Boolean& isCompleted)
   at Microsoft.AspNetCore.Mvc.Internal.ResourceInvoker.InvokeFilterPipelineAsync()
   at Microsoft.AspNetCore.Mvc.Internal.ResourceInvoker.InvokeAsync()
   at Microsoft.AspNetCore.Routing.EndpointMiddleware.Invoke(HttpContext httpContext)
   at Microsoft.AspNetCore.Routing.EndpointRoutingMiddleware.Invoke(HttpContext httpContext)
   at THD.Core.Api.Private.ErrorHandlingMiddleware.Invoke(HttpContext context) in C:\Work Project\GitHub\Efilling\efilling_api\THD.Core.Api\THD.Core.Api.Private\Core\ErrorHandlingMiddleware.cs:line 24
2020/02/16 11:01:45.654    6   System.IndexOutOfRangeException: isClose
   at System.Data.ProviderBase.BasicFieldNameLookup.GetOrdinal(String fieldName)
   at System.Data.SqlClient.SqlDataReader.GetOrdinal(String name)
   at System.Data.SqlClient.SqlDataReader.get_Item(String name)
   at THD.Core.Api.Repository.DataHandler.DocMenuR1Repository.GetAllReportHistoryDataR1Async(ModelMenuR1_InterfaceData search) in C:\Work Project\GitHub\Efilling\efilling_api\THD.Core.Api\THD.Core.Api.Repository\ReportFunction\DocMenuR1Repository.cs:line 130
   at THD.Core.Api.Repository.DataHandler.DocMenuR1Repository.MenuR1InterfaceDataAsync(String RegisterId) in C:\Work Project\GitHub\Efilling\efilling_api\THD.Core.Api\THD.Core.Api.Repository\ReportFunction\DocMenuR1Repository.cs:line 58
   at THD.Core.Api.Business.DocMenuRService.MenuR1InterfaceDataAsync(String RegisterId) in C:\Work Project\GitHub\Efilling\efilling_api\THD.Core.Api\THD.Core.Api.Business\DocMenuR1Service.cs:line 35
   at THD.Core.Api.Private.Controllers.PrivateDocMenuRController.MenuR1InterfaceData(String RegisterId) in C:\Work Project\GitHub\Efilling\efilling_api\THD.Core.Api\THD.Core.Api.Private\Controllers\PrivateDocMenuRController.cs:line 39
   at Microsoft.AspNetCore.Mvc.Internal.ActionMethodExecutor.TaskOfIActionResultExecutor.Execute(IActionResultTypeMapper mapper, ObjectMethodExecutor executor, Object controller, Object[] arguments)
   at System.Threading.Tasks.ValueTask`1.get_Result()
   at Microsoft.AspNetCore.Mvc.Internal.ControllerActionInvoker.InvokeActionMethodAsync()
   at Microsoft.AspNetCore.Mvc.Internal.ControllerActionInvoker.InvokeNextActionFilterAsync()
   at Microsoft.AspNetCore.Mvc.Internal.ControllerActionInvoker.Rethrow(ActionExecutedContext context)
   at Microsoft.AspNetCore.Mvc.Internal.ControllerActionInvoker.Next(State& next, Scope& scope, Object& state, Boolean& isCompleted)
   at Microsoft.AspNetCore.Mvc.Internal.ControllerActionInvoker.InvokeInnerFilterAsync()
   at Microsoft.AspNetCore.Mvc.Internal.ResourceInvoker.InvokeNextResourceFilter()
   at Microsoft.AspNetCore.Mvc.Internal.ResourceInvoker.Rethrow(ResourceExecutedContext context)
   at Microsoft.AspNetCore.Mvc.Internal.ResourceInvoker.Next(State& next, Scope& scope, Object& state, Boolean& isCompleted)
   at Microsoft.AspNetCore.Mvc.Internal.ResourceInvoker.InvokeFilterPipelineAsync()
   at Microsoft.AspNetCore.Mvc.Internal.ResourceInvoker.InvokeAsync()
   at Microsoft.AspNetCore.Routing.EndpointMiddleware.Invoke(HttpContext httpContext)
   at Microsoft.AspNetCore.Routing.EndpointRoutingMiddleware.Invoke(HttpContext httpContext)
   at THD.Core.Api.Private.ErrorHandlingMiddleware.Invoke(HttpContext context) in C:\Work Project\GitHub\Efilling\efilling_api\THD.Core.Api\THD.Core.Api.Private\Core\ErrorHandlingMiddleware.cs:line 24
2020/02/16 11:02:06.224    13   System.IndexOutOfRangeException: isClose
   at System.Data.ProviderBase.BasicFieldNameLookup.GetOrdinal(String fieldName)
   at System.Data.SqlClient.SqlDataReader.GetOrdinal(String name)
   at System.Data.SqlClient.SqlDataReader.get_Item(String name)
   at THD.Core.Api.Repository.DataHandler.DocMenuR1Repository.GetAllReportHistoryDataR1Async(ModelMenuR1_InterfaceData search) in C:\Work Project\GitHub\Efilling\efilling_api\THD.Core.Api\THD.Core.Api.Repository\ReportFunction\DocMenuR1Repository.cs:line 130
   at THD.Core.Api.Business.DocMenuRService.GetAllReportHistoryDataR1Async(ModelMenuR1_InterfaceData model) in C:\Work Project\GitHub\Efilling\efilling_api\THD.Core.Api\THD.Core.Api.Business\DocMenuR1Service.cs:line 40
   at THD.Core.Api.Private.Controllers.PrivateDocMenuRController.GetAllReportHistoryDataR1(ModelMenuR1_InterfaceData search) in C:\Work Project\GitHub\Efilling\efilling_api\THD.Core.Api\THD.Core.Api.Private\Controllers\PrivateDocMenuRController.cs:line 48
   at Microsoft.AspNetCore.Mvc.Internal.ActionMethodExecutor.TaskOfIActionResultExecutor.Execute(IActionResultTypeMapper mapper, ObjectMethodExecutor executor, Object controller, Object[] arguments)
   at System.Threading.Tasks.ValueTask`1.get_Result()
   at Microsoft.AspNetCore.Mvc.Internal.ControllerActionInvoker.InvokeActionMethodAsync()
   at Microsoft.AspNetCore.Mvc.Internal.ControllerActionInvoker.InvokeNextActionFilterAsync()
   at Microsoft.AspNetCore.Mvc.Internal.ControllerActionInvoker.Rethrow(ActionExecutedContext context)
   at Microsoft.AspNetCore.Mvc.Internal.ControllerActionInvoker.Next(State& next, Scope& scope, Object& state, Boolean& isCompleted)
   at Microsoft.AspNetCore.Mvc.Internal.ControllerActionInvoker.InvokeInnerFilterAsync()
   at Microsoft.AspNetCore.Mvc.Internal.ResourceInvoker.InvokeNextResourceFilter()
   at Microsoft.AspNetCore.Mvc.Internal.ResourceInvoker.Rethrow(ResourceExecutedContext context)
   at Microsoft.AspNetCore.Mvc.Internal.ResourceInvoker.Next(State& next, Scope& scope, Object& state, Boolean& isCompleted)
   at Microsoft.AspNetCore.Mvc.Internal.ResourceInvoker.InvokeFilterPipelineAsync()
   at Microsoft.AspNetCore.Mvc.Internal.ResourceInvoker.InvokeAsync()
   at Microsoft.AspNetCore.Routing.EndpointMiddleware.Invoke(HttpContext httpContext)
   at Microsoft.AspNetCore.Routing.EndpointRoutingMiddleware.Invoke(HttpContext httpContext)
   at THD.Core.Api.Private.ErrorHandlingMiddleware.Invoke(HttpContext context) in C:\Work Project\GitHub\Efilling\efilling_api\THD.Core.Api\THD.Core.Api.Private\Core\ErrorHandlingMiddleware.cs:line 24
2020/02/16 11:03:10.249    7   System.IndexOutOfRangeException: isClose
   at System.Data.ProviderBase.BasicFieldNameLookup.GetOrdinal(String fieldName)
   at System.Data.SqlClient.SqlDataReader.GetOrdinal(String name)
   at System.Data.SqlClient.SqlDataReader.get_Item(String name)
   at THD.Core.Api.Repository.DataHandler.DocMenuR1Repository.GetAllReportHistoryDataR1Async(ModelMenuR1_InterfaceData search) in C:\Work Project\GitHub\Efilling\efilling_api\THD.Core.Api\THD.Core.Api.Repository\ReportFunction\DocMenuR1Repository.cs:line 129
   at THD.Core.Api.Repository.DataHandler.DocMenuR1Repository.MenuR1InterfaceDataAsync(String RegisterId) in C:\Work Project\GitHub\Efilling\efilling_api\THD.Core.Api\THD.Core.Api.Repository\ReportFunction\DocMenuR1Repository.cs:line 58
   at THD.Core.Api.Business.DocMenuRService.MenuR1InterfaceDataAsync(String RegisterId) in C:\Work Project\GitHub\Efilling\efilling_api\THD.Core.Api\THD.Core.Api.Business\DocMenuR1Service.cs:line 35
   at THD.Core.Api.Private.Controllers.PrivateDocMenuRController.MenuR1InterfaceData(String RegisterId) in C:\Work Project\GitHub\Efilling\efilling_api\THD.Core.Api\THD.Core.Api.Private\Controllers\PrivateDocMenuRController.cs:line 39
   at Microsoft.AspNetCore.Mvc.Internal.ActionMethodExecutor.TaskOfIActionResultExecutor.Execute(IActionResultTypeMapper mapper, ObjectMethodExecutor executor, Object controller, Object[] arguments)
   at System.Threading.Tasks.ValueTask`1.get_Result()
   at Microsoft.AspNetCore.Mvc.Internal.ControllerActionInvoker.InvokeActionMethodAsync()
   at Microsoft.AspNetCore.Mvc.Internal.ControllerActionInvoker.InvokeNextActionFilterAsync()
   at Microsoft.AspNetCore.Mvc.Internal.ControllerActionInvoker.Rethrow(ActionExecutedContext context)
   at Microsoft.AspNetCore.Mvc.Internal.ControllerActionInvoker.Next(State& next, Scope& scope, Object& state, Boolean& isCompleted)
   at Microsoft.AspNetCore.Mvc.Internal.ControllerActionInvoker.InvokeInnerFilterAsync()
   at Microsoft.AspNetCore.Mvc.Internal.ResourceInvoker.InvokeNextResourceFilter()
   at Microsoft.AspNetCore.Mvc.Internal.ResourceInvoker.Rethrow(ResourceExecutedContext context)
   at Microsoft.AspNetCore.Mvc.Internal.ResourceInvoker.Next(State& next, Scope& scope, Object& state, Boolean& isCompleted)
   at Microsoft.AspNetCore.Mvc.Internal.ResourceInvoker.InvokeFilterPipelineAsync()
   at Microsoft.AspNetCore.Mvc.Internal.ResourceInvoker.InvokeAsync()
   at Microsoft.AspNetCore.Routing.EndpointMiddleware.Invoke(HttpContext httpContext)
   at Microsoft.AspNetCore.Routing.EndpointRoutingMiddleware.Invoke(HttpContext httpContext)
   at THD.Core.Api.Private.ErrorHandlingMiddleware.Invoke(HttpContext context) in C:\Work Project\GitHub\Efilling\efilling_api\THD.Core.Api\THD.Core.Api.Private\Core\ErrorHandlingMiddleware.cs:line 24
2020/02/16 11:03:33.034    7   System.IndexOutOfRangeException: isClose
   at System.Data.ProviderBase.BasicFieldNameLookup.GetOrdinal(String fieldName)
   at System.Data.SqlClient.SqlDataReader.GetOrdinal(String name)
   at System.Data.SqlClient.SqlDataReader.get_Item(String name)
   at THD.Core.Api.Repository.DataHandler.DocMenuR1Repository.GetAllReportHistoryDataR1Async(ModelMenuR1_InterfaceData search) in C:\Work Project\GitHub\Efilling\efilling_api\THD.Core.Api\THD.Core.Api.Repository\ReportFunction\DocMenuR1Repository.cs:line 129
   at THD.Core.Api.Repository.DataHandler.DocMenuR1Repository.MenuR1InterfaceDataAsync(String RegisterId) in C:\Work Project\GitHub\Efilling\efilling_api\THD.Core.Api\THD.Core.Api.Repository\ReportFunction\DocMenuR1Repository.cs:line 58
   at THD.Core.Api.Business.DocMenuRService.MenuR1InterfaceDataAsync(String RegisterId) in C:\Work Project\GitHub\Efilling\efilling_api\THD.Core.Api\THD.Core.Api.Business\DocMenuR1Service.cs:line 35
   at THD.Core.Api.Private.Controllers.PrivateDocMenuRController.MenuR1InterfaceData(String RegisterId) in C:\Work Project\GitHub\Efilling\efilling_api\THD.Core.Api\THD.Core.Api.Private\Controllers\PrivateDocMenuRController.cs:line 39
   at Microsoft.AspNetCore.Mvc.Internal.ActionMethodExecutor.TaskOfIActionResultExecutor.Execute(IActionResultTypeMapper mapper, ObjectMethodExecutor executor, Object controller, Object[] arguments)
   at System.Threading.Tasks.ValueTask`1.get_Result()
   at Microsoft.AspNetCore.Mvc.Internal.ControllerActionInvoker.InvokeActionMethodAsync()
   at Microsoft.AspNetCore.Mvc.Internal.ControllerActionInvoker.InvokeNextActionFilterAsync()
   at Microsoft.AspNetCore.Mvc.Internal.ControllerActionInvoker.Rethrow(ActionExecutedContext context)
   at Microsoft.AspNetCore.Mvc.Internal.ControllerActionInvoker.Next(State& next, Scope& scope, Object& state, Boolean& isCompleted)
   at Microsoft.AspNetCore.Mvc.Internal.ControllerActionInvoker.InvokeInnerFilterAsync()
   at Microsoft.AspNetCore.Mvc.Internal.ResourceInvoker.InvokeNextResourceFilter()
   at Microsoft.AspNetCore.Mvc.Internal.ResourceInvoker.Rethrow(ResourceExecutedContext context)
   at Microsoft.AspNetCore.Mvc.Internal.ResourceInvoker.Next(State& next, Scope& scope, Object& state, Boolean& isCompleted)
   at Microsoft.AspNetCore.Mvc.Internal.ResourceInvoker.InvokeFilterPipelineAsync()
   at Microsoft.AspNetCore.Mvc.Internal.ResourceInvoker.InvokeAsync()
   at Microsoft.AspNetCore.Routing.EndpointMiddleware.Invoke(HttpContext httpContext)
   at Microsoft.AspNetCore.Routing.EndpointRoutingMiddleware.Invoke(HttpContext httpContext)
   at THD.Core.Api.Private.ErrorHandlingMiddleware.Invoke(HttpContext context) in C:\Work Project\GitHub\Efilling\efilling_api\THD.Core.Api\THD.Core.Api.Private\Core\ErrorHandlingMiddleware.cs:line 24
2020/02/16 11:04:37.108    15   System.InvalidCastException: Object cannot be cast from DBNull to other types.
   at System.DBNull.System.IConvertible.ToDateTime(IFormatProvider provider)
   at THD.Core.Api.Repository.DataHandler.DocMenuR1Repository.GetAllReportHistoryDataR1Async(ModelMenuR1_InterfaceData search) in C:\Work Project\GitHub\Efilling\efilling_api\THD.Core.Api\THD.Core.Api.Repository\ReportFunction\DocMenuR1Repository.cs:line 123
   at THD.Core.Api.Repository.DataHandler.DocMenuR1Repository.MenuR1InterfaceDataAsync(String RegisterId) in C:\Work Project\GitHub\Efilling\efilling_api\THD.Core.Api\THD.Core.Api.Repository\ReportFunction\DocMenuR1Repository.cs:line 58
   at THD.Core.Api.Business.DocMenuRService.MenuR1InterfaceDataAsync(String RegisterId) in C:\Work Project\GitHub\Efilling\efilling_api\THD.Core.Api\THD.Core.Api.Business\DocMenuR1Service.cs:line 35
   at THD.Core.Api.Private.Controllers.PrivateDocMenuRController.MenuR1InterfaceData(String RegisterId) in C:\Work Project\GitHub\Efilling\efilling_api\THD.Core.Api\THD.Core.Api.Private\Controllers\PrivateDocMenuRController.cs:line 39
   at Microsoft.AspNetCore.Mvc.Internal.ActionMethodExecutor.TaskOfIActionResultExecutor.Execute(IActionResultTypeMapper mapper, ObjectMethodExecutor executor, Object controller, Object[] arguments)
   at System.Threading.Tasks.ValueTask`1.get_Result()
   at Microsoft.AspNetCore.Mvc.Internal.ControllerActionInvoker.InvokeActionMethodAsync()
   at Microsoft.AspNetCore.Mvc.Internal.ControllerActionInvoker.InvokeNextActionFilterAsync()
   at Microsoft.AspNetCore.Mvc.Internal.ControllerActionInvoker.Rethrow(ActionExecutedContext context)
   at Microsoft.AspNetCore.Mvc.Internal.ControllerActionInvoker.Next(State& next, Scope& scope, Object& state, Boolean& isCompleted)
   at Microsoft.AspNetCore.Mvc.Internal.ControllerActionInvoker.InvokeInnerFilterAsync()
   at Microsoft.AspNetCore.Mvc.Internal.ResourceInvoker.InvokeNextResourceFilter()
   at Microsoft.AspNetCore.Mvc.Internal.ResourceInvoker.Rethrow(ResourceExecutedContext context)
   at Microsoft.AspNetCore.Mvc.Internal.ResourceInvoker.Next(State& next, Scope& scope, Object& state, Boolean& isCompleted)
   at Microsoft.AspNetCore.Mvc.Internal.ResourceInvoker.InvokeFilterPipelineAsync()
   at Microsoft.AspNetCore.Mvc.Internal.ResourceInvoker.InvokeAsync()
   at Microsoft.AspNetCore.Routing.EndpointMiddleware.Invoke(HttpContext httpContext)
   at Microsoft.AspNetCore.Routing.EndpointRoutingMiddleware.Invoke(HttpContext httpContext)
   at THD.Core.Api.Private.ErrorHandlingMiddleware.Invoke(HttpContext context) in C:\Work Project\GitHub\Efilling\efilling_api\THD.Core.Api\THD.Core.Api.Private\Core\ErrorHandlingMiddleware.cs:line 24
2020/02/16 11:06:27.067    19   System.InvalidCastException: Object cannot be cast from DBNull to other types.
   at System.DBNull.System.IConvertible.ToDateTime(IFormatProvider provider)
   at THD.Core.Api.Repository.DataHandler.DocMenuR1Repository.GetAllReportHistoryDataR1Async(ModelMenuR1_InterfaceData search) in C:\Work Project\GitHub\Efilling\efilling_api\THD.Core.Api\THD.Core.Api.Repository\ReportFunction\DocMenuR1Repository.cs:line 123
   at THD.Core.Api.Repository.DataHandler.DocMenuR1Repository.MenuR1InterfaceDataAsync(String RegisterId) in C:\Work Project\GitHub\Efilling\efilling_api\THD.Core.Api\THD.Core.Api.Repository\ReportFunction\DocMenuR1Repository.cs:line 58
   at THD.Core.Api.Business.DocMenuRService.MenuR1InterfaceDataAsync(String RegisterId) in C:\Work Project\GitHub\Efilling\efilling_api\THD.Core.Api\THD.Core.Api.Business\DocMenuR1Service.cs:line 35
   at THD.Core.Api.Private.Controllers.PrivateDocMenuRController.MenuR1InterfaceData(String RegisterId) in C:\Work Project\GitHub\Efilling\efilling_api\THD.Core.Api\THD.Core.Api.Private\Controllers\PrivateDocMenuRController.cs:line 39
   at Microsoft.AspNetCore.Mvc.Internal.ActionMethodExecutor.TaskOfIActionResultExecutor.Execute(IActionResultTypeMapper mapper, ObjectMethodExecutor executor, Object controller, Object[] arguments)
   at System.Threading.Tasks.ValueTask`1.get_Result()
   at Microsoft.AspNetCore.Mvc.Internal.ControllerActionInvoker.InvokeActionMethodAsync()
   at Microsoft.AspNetCore.Mvc.Internal.ControllerActionInvoker.InvokeNextActionFilterAsync()
   at Microsoft.AspNetCore.Mvc.Internal.ControllerActionInvoker.Rethrow(ActionExecutedContext context)
   at Microsoft.AspNetCore.Mvc.Internal.ControllerActionInvoker.Next(State& next, Scope& scope, Object& state, Boolean& isCompleted)
   at Microsoft.AspNetCore.Mvc.Internal.ControllerActionInvoker.InvokeInnerFilterAsync()
   at Microsoft.AspNetCore.Mvc.Internal.ResourceInvoker.InvokeNextResourceFilter()
   at Microsoft.AspNetCore.Mvc.Internal.ResourceInvoker.Rethrow(ResourceExecutedContext context)
   at Microsoft.AspNetCore.Mvc.Internal.ResourceInvoker.Next(State& next, Scope& scope, Object& state, Boolean& isCompleted)
   at Microsoft.AspNetCore.Mvc.Internal.ResourceInvoker.InvokeFilterPipelineAsync()
   at Microsoft.AspNetCore.Mvc.Internal.ResourceInvoker.InvokeAsync()
   at Microsoft.AspNetCore.Routing.EndpointMiddleware.Invoke(HttpContext httpContext)
   at Microsoft.AspNetCore.Routing.EndpointRoutingMiddleware.Invoke(HttpContext httpContext)
   at THD.Core.Api.Private.ErrorHandlingMiddleware.Invoke(HttpContext context) in C:\Work Project\GitHub\Efilling\efilling_api\THD.Core.Api\THD.Core.Api.Private\Core\ErrorHandlingMiddleware.cs:line 24
2020/02/16 11:07:15.158    19   System.InvalidCastException: Object cannot be cast from DBNull to other types.
   at System.DBNull.System.IConvertible.ToDateTime(IFormatProvider provider)
   at THD.Core.Api.Repository.DataHandler.DocMenuR1Repository.GetAllReportHistoryDataR1Async(ModelMenuR1_InterfaceData search) in C:\Work Project\GitHub\Efilling\efilling_api\THD.Core.Api\THD.Core.Api.Repository\ReportFunction\DocMenuR1Repository.cs:line 123
   at THD.Core.Api.Repository.DataHandler.DocMenuR1Repository.MenuR1InterfaceDataAsync(String RegisterId) in C:\Work Project\GitHub\Efilling\efilling_api\THD.Core.Api\THD.Core.Api.Repository\ReportFunction\DocMenuR1Repository.cs:line 58
   at THD.Core.Api.Business.DocMenuRService.MenuR1InterfaceDataAsync(String RegisterId) in C:\Work Project\GitHub\Efilling\efilling_api\THD.Core.Api\THD.Core.Api.Business\DocMenuR1Service.cs:line 35
   at THD.Core.Api.Private.Controllers.PrivateDocMenuRController.MenuR1InterfaceData(String RegisterId) in C:\Work Project\GitHub\Efilling\efilling_api\THD.Core.Api\THD.Core.Api.Private\Controllers\PrivateDocMenuRController.cs:line 39
   at Microsoft.AspNetCore.Mvc.Internal.ActionMethodExecutor.TaskOfIActionResultExecutor.Execute(IActionResultTypeMapper mapper, ObjectMethodExecutor executor, Object controller, Object[] arguments)
   at System.Threading.Tasks.ValueTask`1.get_Result()
   at Microsoft.AspNetCore.Mvc.Internal.ControllerActionInvoker.InvokeActionMethodAsync()
   at Microsoft.AspNetCore.Mvc.Internal.ControllerActionInvoker.InvokeNextActionFilterAsync()
   at Microsoft.AspNetCore.Mvc.Internal.ControllerActionInvoker.Rethrow(ActionExecutedContext context)
   at Microsoft.AspNetCore.Mvc.Internal.ControllerActionInvoker.Next(State& next, Scope& scope, Object& state, Boolean& isCompleted)
   at Microsoft.AspNetCore.Mvc.Internal.ControllerActionInvoker.InvokeInnerFilterAsync()
   at Microsoft.AspNetCore.Mvc.Internal.ResourceInvoker.InvokeNextResourceFilter()
   at Microsoft.AspNetCore.Mvc.Internal.ResourceInvoker.Rethrow(ResourceExecutedContext context)
   at Microsoft.AspNetCore.Mvc.Internal.ResourceInvoker.Next(State& next, Scope& scope, Object& state, Boolean& isCompleted)
   at Microsoft.AspNetCore.Mvc.Internal.ResourceInvoker.InvokeFilterPipelineAsync()
   at Microsoft.AspNetCore.Mvc.Internal.ResourceInvoker.InvokeAsync()
   at Microsoft.AspNetCore.Routing.EndpointMiddleware.Invoke(HttpContext httpContext)
   at Microsoft.AspNetCore.Routing.EndpointRoutingMiddleware.Invoke(HttpContext httpContext)
   at THD.Core.Api.Private.ErrorHandlingMiddleware.Invoke(HttpContext context) in C:\Work Project\GitHub\Efilling\efilling_api\THD.Core.Api\THD.Core.Api.Private\Core\ErrorHandlingMiddleware.cs:line 24
2020/02/16 11:07:21.515    19   System.InvalidCastException: Object cannot be cast from DBNull to other types.
   at System.DBNull.System.IConvertible.ToDateTime(IFormatProvider provider)
   at THD.Core.Api.Repository.DataHandler.DocMenuR1Repository.GetAllReportHistoryDataR1Async(ModelMenuR1_InterfaceData search) in C:\Work Project\GitHub\Efilling\efilling_api\THD.Core.Api\THD.Core.Api.Repository\ReportFunction\DocMenuR1Repository.cs:line 123
   at THD.Core.Api.Repository.DataHandler.DocMenuR1Repository.MenuR1InterfaceDataAsync(String RegisterId) in C:\Work Project\GitHub\Efilling\efilling_api\THD.Core.Api\THD.Core.Api.Repository\ReportFunction\DocMenuR1Repository.cs:line 58
   at THD.Core.Api.Business.DocMenuRService.MenuR1InterfaceDataAsync(String RegisterId) in C:\Work Project\GitHub\Efilling\efilling_api\THD.Core.Api\THD.Core.Api.Business\DocMenuR1Service.cs:line 35
   at THD.Core.Api.Private.Controllers.PrivateDocMenuRController.MenuR1InterfaceData(String RegisterId) in C:\Work Project\GitHub\Efilling\efilling_api\THD.Core.Api\THD.Core.Api.Private\Controllers\PrivateDocMenuRController.cs:line 39
   at Microsoft.AspNetCore.Mvc.Internal.ActionMethodExecutor.TaskOfIActionResultExecutor.Execute(IActionResultTypeMapper mapper, ObjectMethodExecutor executor, Object controller, Object[] arguments)
   at System.Threading.Tasks.ValueTask`1.get_Result()
   at Microsoft.AspNetCore.Mvc.Internal.ControllerActionInvoker.InvokeActionMethodAsync()
   at Microsoft.AspNetCore.Mvc.Internal.ControllerActionInvoker.InvokeNextActionFilterAsync()
   at Microsoft.AspNetCore.Mvc.Internal.ControllerActionInvoker.Rethrow(ActionExecutedContext context)
   at Microsoft.AspNetCore.Mvc.Internal.ControllerActionInvoker.Next(State& next, Scope& scope, Object& state, Boolean& isCompleted)
   at Microsoft.AspNetCore.Mvc.Internal.ControllerActionInvoker.InvokeInnerFilterAsync()
   at Microsoft.AspNetCore.Mvc.Internal.ResourceInvoker.InvokeNextResourceFilter()
   at Microsoft.AspNetCore.Mvc.Internal.ResourceInvoker.Rethrow(ResourceExecutedContext context)
   at Microsoft.AspNetCore.Mvc.Internal.ResourceInvoker.Next(State& next, Scope& scope, Object& state, Boolean& isCompleted)
   at Microsoft.AspNetCore.Mvc.Internal.ResourceInvoker.InvokeFilterPipelineAsync()
   at Microsoft.AspNetCore.Mvc.Internal.ResourceInvoker.InvokeAsync()
   at Microsoft.AspNetCore.Routing.EndpointMiddleware.Invoke(HttpContext httpContext)
   at Microsoft.AspNetCore.Routing.EndpointRoutingMiddleware.Invoke(HttpContext httpContext)
   at THD.Core.Api.Private.ErrorHandlingMiddleware.Invoke(HttpContext context) in C:\Work Project\GitHub\Efilling\efilling_api\THD.Core.Api\THD.Core.Api.Private\Core\ErrorHandlingMiddleware.cs:line 24
2020/02/16 11:07:29.230    19   System.InvalidCastException: Object cannot be cast from DBNull to other types.
   at System.DBNull.System.IConvertible.ToDateTime(IFormatProvider provider)
   at THD.Core.Api.Repository.DataHandler.DocMenuR1Repository.GetAllReportHistoryDataR1Async(ModelMenuR1_InterfaceData search) in C:\Work Project\GitHub\Efilling\efilling_api\THD.Core.Api\THD.Core.Api.Repository\ReportFunction\DocMenuR1Repository.cs:line 123
   at THD.Core.Api.Business.DocMenuRService.GetAllReportHistoryDataR1Async(ModelMenuR1_InterfaceData model) in C:\Work Project\GitHub\Efilling\efilling_api\THD.Core.Api\THD.Core.Api.Business\DocMenuR1Service.cs:line 40
   at THD.Core.Api.Private.Controllers.PrivateDocMenuRController.GetAllReportHistoryDataR1(ModelMenuR1_InterfaceData search) in C:\Work Project\GitHub\Efilling\efilling_api\THD.Core.Api\THD.Core.Api.Private\Controllers\PrivateDocMenuRController.cs:line 48
   at Microsoft.AspNetCore.Mvc.Internal.ActionMethodExecutor.TaskOfIActionResultExecutor.Execute(IActionResultTypeMapper mapper, ObjectMethodExecutor executor, Object controller, Object[] arguments)
   at System.Threading.Tasks.ValueTask`1.get_Result()
   at Microsoft.AspNetCore.Mvc.Internal.ControllerActionInvoker.InvokeActionMethodAsync()
   at Microsoft.AspNetCore.Mvc.Internal.ControllerActionInvoker.InvokeNextActionFilterAsync()
   at Microsoft.AspNetCore.Mvc.Internal.ControllerActionInvoker.Rethrow(ActionExecutedContext context)
   at Microsoft.AspNetCore.Mvc.Internal.ControllerActionInvoker.Next(State& next, Scope& scope, Object& state, Boolean& isCompleted)
   at Microsoft.AspNetCore.Mvc.Internal.ControllerActionInvoker.InvokeInnerFilterAsync()
   at Microsoft.AspNetCore.Mvc.Internal.ResourceInvoker.InvokeNextResourceFilter()
   at Microsoft.AspNetCore.Mvc.Internal.ResourceInvoker.Rethrow(ResourceExecutedContext context)
   at Microsoft.AspNetCore.Mvc.Internal.ResourceInvoker.Next(State& next, Scope& scope, Object& state, Boolean& isCompleted)
   at Microsoft.AspNetCore.Mvc.Internal.ResourceInvoker.InvokeFilterPipelineAsync()
   at Microsoft.AspNetCore.Mvc.Internal.ResourceInvoker.InvokeAsync()
   at Microsoft.AspNetCore.Routing.EndpointMiddleware.Invoke(HttpContext httpContext)
   at Microsoft.AspNetCore.Routing.EndpointRoutingMiddleware.Invoke(HttpContext httpContext)
   at THD.Core.Api.Private.ErrorHandlingMiddleware.Invoke(HttpContext context) in C:\Work Project\GitHub\Efilling\efilling_api\THD.Core.Api\THD.Core.Api.Private\Core\ErrorHandlingMiddleware.cs:line 24
2020/02/16 11:07:42.140    7   System.InvalidCastException: Object cannot be cast from DBNull to other types.
   at System.DBNull.System.IConvertible.ToDateTime(IFormatProvider provider)
   at THD.Core.Api.Repository.DataHandler.DocMenuR1Repository.GetAllReportHistoryDataR1Async(ModelMenuR1_InterfaceData search) in C:\Work Project\GitHub\Efilling\efilling_api\THD.Core.Api\THD.Core.Api.Repository\ReportFunction\DocMenuR1Repository.cs:line 123
   at THD.Core.Api.Repository.DataHandler.DocMenuR1Repository.MenuR1InterfaceDataAsync(String RegisterId) in C:\Work Project\GitHub\Efilling\efilling_api\THD.Core.Api\THD.Core.Api.Repository\ReportFunction\DocMenuR1Repository.cs:line 58
   at THD.Core.Api.Business.DocMenuRService.MenuR1InterfaceDataAsync(String RegisterId) in C:\Work Project\GitHub\Efilling\efilling_api\THD.Core.Api\THD.Core.Api.Business\DocMenuR1Service.cs:line 35
   at THD.Core.Api.Private.Controllers.PrivateDocMenuRController.MenuR1InterfaceData(String RegisterId) in C:\Work Project\GitHub\Efilling\efilling_api\THD.Core.Api\THD.Core.Api.Private\Controllers\PrivateDocMenuRController.cs:line 39
   at Microsoft.AspNetCore.Mvc.Internal.ActionMethodExecutor.TaskOfIActionResultExecutor.Execute(IActionResultTypeMapper mapper, ObjectMethodExecutor executor, Object controller, Object[] arguments)
   at System.Threading.Tasks.ValueTask`1.get_Result()
   at Microsoft.AspNetCore.Mvc.Internal.ControllerActionInvoker.InvokeActionMethodAsync()
   at Microsoft.AspNetCore.Mvc.Internal.ControllerActionInvoker.InvokeNextActionFilterAsync()
   at Microsoft.AspNetCore.Mvc.Internal.ControllerActionInvoker.Rethrow(ActionExecutedContext context)
   at Microsoft.AspNetCore.Mvc.Internal.ControllerActionInvoker.Next(State& next, Scope& scope, Object& state, Boolean& isCompleted)
   at Microsoft.AspNetCore.Mvc.Internal.ControllerActionInvoker.InvokeInnerFilterAsync()
   at Microsoft.AspNetCore.Mvc.Internal.ResourceInvoker.InvokeNextResourceFilter()
   at Microsoft.AspNetCore.Mvc.Internal.ResourceInvoker.Rethrow(ResourceExecutedContext context)
   at Microsoft.AspNetCore.Mvc.Internal.ResourceInvoker.Next(State& next, Scope& scope, Object& state, Boolean& isCompleted)
   at Microsoft.AspNetCore.Mvc.Internal.ResourceInvoker.InvokeFilterPipelineAsync()
   at Microsoft.AspNetCore.Mvc.Internal.ResourceInvoker.InvokeAsync()
   at Microsoft.AspNetCore.Routing.EndpointMiddleware.Invoke(HttpContext httpContext)
   at Microsoft.AspNetCore.Routing.EndpointRoutingMiddleware.Invoke(HttpContext httpContext)
   at THD.Core.Api.Private.ErrorHandlingMiddleware.Invoke(HttpContext context) in C:\Work Project\GitHub\Efilling\efilling_api\THD.Core.Api\THD.Core.Api.Private\Core\ErrorHandlingMiddleware.cs:line 24
2020/02/16 11:08:50.427    12   System.IndexOutOfRangeException: isClose
   at System.Data.ProviderBase.BasicFieldNameLookup.GetOrdinal(String fieldName)
   at System.Data.SqlClient.SqlDataReader.GetOrdinal(String name)
   at System.Data.SqlClient.SqlDataReader.get_Item(String name)
   at THD.Core.Api.Repository.DataHandler.DocMenuR1Repository.GetAllReportHistoryDataR1Async(ModelMenuR1_InterfaceData search) in C:\Work Project\GitHub\Efilling\efilling_api\THD.Core.Api\THD.Core.Api.Repository\ReportFunction\DocMenuR1Repository.cs:line 129
   at THD.Core.Api.Repository.DataHandler.DocMenuR1Repository.MenuR1InterfaceDataAsync(String RegisterId) in C:\Work Project\GitHub\Efilling\efilling_api\THD.Core.Api\THD.Core.Api.Repository\ReportFunction\DocMenuR1Repository.cs:line 58
   at THD.Core.Api.Business.DocMenuRService.MenuR1InterfaceDataAsync(String RegisterId) in C:\Work Project\GitHub\Efilling\efilling_api\THD.Core.Api\THD.Core.Api.Business\DocMenuR1Service.cs:line 35
   at THD.Core.Api.Private.Controllers.PrivateDocMenuRController.MenuR1InterfaceData(String RegisterId) in C:\Work Project\GitHub\Efilling\efilling_api\THD.Core.Api\THD.Core.Api.Private\Controllers\PrivateDocMenuRController.cs:line 39
   at Microsoft.AspNetCore.Mvc.Internal.ActionMethodExecutor.TaskOfIActionResultExecutor.Execute(IActionResultTypeMapper mapper, ObjectMethodExecutor executor, Object controller, Object[] arguments)
   at System.Threading.Tasks.ValueTask`1.get_Result()
   at Microsoft.AspNetCore.Mvc.Internal.ControllerActionInvoker.InvokeActionMethodAsync()
   at Microsoft.AspNetCore.Mvc.Internal.ControllerActionInvoker.InvokeNextActionFilterAsync()
   at Microsoft.AspNetCore.Mvc.Internal.ControllerActionInvoker.Rethrow(ActionExecutedContext context)
   at Microsoft.AspNetCore.Mvc.Internal.ControllerActionInvoker.Next(State& next, Scope& scope, Object& state, Boolean& isCompleted)
   at Microsoft.AspNetCore.Mvc.Internal.ControllerActionInvoker.InvokeInnerFilterAsync()
   at Microsoft.AspNetCore.Mvc.Internal.ResourceInvoker.InvokeNextResourceFilter()
   at Microsoft.AspNetCore.Mvc.Internal.ResourceInvoker.Rethrow(ResourceExecutedContext context)
   at Microsoft.AspNetCore.Mvc.Internal.ResourceInvoker.Next(State& next, Scope& scope, Object& state, Boolean& isCompleted)
   at Microsoft.AspNetCore.Mvc.Internal.ResourceInvoker.InvokeFilterPipelineAsync()
   at Microsoft.AspNetCore.Mvc.Internal.ResourceInvoker.InvokeAsync()
   at Microsoft.AspNetCore.Routing.EndpointMiddleware.Invoke(HttpContext httpContext)
   at Microsoft.AspNetCore.Routing.EndpointRoutingMiddleware.Invoke(HttpContext httpContext)
   at THD.Core.Api.Private.ErrorHandlingMiddleware.Invoke(HttpContext context) in C:\Work Project\GitHub\Efilling\efilling_api\THD.Core.Api\THD.Core.Api.Private\Core\ErrorHandlingMiddleware.cs:line 24
2020/02/16 11:09:55.500    6   System.InvalidCastException: Object cannot be cast from DBNull to other types.
   at System.DBNull.System.IConvertible.ToDateTime(IFormatProvider provider)
   at THD.Core.Api.Repository.DataHandler.DocMenuR1Repository.GetAllReportHistoryDataR1Async(ModelMenuR1_InterfaceData search) in C:\Work Project\GitHub\Efilling\efilling_api\THD.Core.Api\THD.Core.Api.Repository\ReportFunction\DocMenuR1Repository.cs:line 123
   at THD.Core.Api.Repository.DataHandler.DocMenuR1Repository.MenuR1InterfaceDataAsync(String RegisterId) in C:\Work Project\GitHub\Efilling\efilling_api\THD.Core.Api\THD.Core.Api.Repository\ReportFunction\DocMenuR1Repository.cs:line 58
   at THD.Core.Api.Business.DocMenuRService.MenuR1InterfaceDataAsync(String RegisterId) in C:\Work Project\GitHub\Efilling\efilling_api\THD.Core.Api\THD.Core.Api.Business\DocMenuR1Service.cs:line 35
   at THD.Core.Api.Private.Controllers.PrivateDocMenuRController.MenuR1InterfaceData(String RegisterId) in C:\Work Project\GitHub\Efilling\efilling_api\THD.Core.Api\THD.Core.Api.Private\Controllers\PrivateDocMenuRController.cs:line 39
   at Microsoft.AspNetCore.Mvc.Internal.ActionMethodExecutor.TaskOfIActionResultExecutor.Execute(IActionResultTypeMapper mapper, ObjectMethodExecutor executor, Object controller, Object[] arguments)
   at System.Threading.Tasks.ValueTask`1.get_Result()
   at Microsoft.AspNetCore.Mvc.Internal.ControllerActionInvoker.InvokeActionMethodAsync()
   at Microsoft.AspNetCore.Mvc.Internal.ControllerActionInvoker.InvokeNextActionFilterAsync()
   at Microsoft.AspNetCore.Mvc.Internal.ControllerActionInvoker.Rethrow(ActionExecutedContext context)
   at Microsoft.AspNetCore.Mvc.Internal.ControllerActionInvoker.Next(State& next, Scope& scope, Object& state, Boolean& isCompleted)
   at Microsoft.AspNetCore.Mvc.Internal.ControllerActionInvoker.InvokeInnerFilterAsync()
   at Microsoft.AspNetCore.Mvc.Internal.ResourceInvoker.InvokeNextResourceFilter()
   at Microsoft.AspNetCore.Mvc.Internal.ResourceInvoker.Rethrow(ResourceExecutedContext context)
   at Microsoft.AspNetCore.Mvc.Internal.ResourceInvoker.Next(State& next, Scope& scope, Object& state, Boolean& isCompleted)
   at Microsoft.AspNetCore.Mvc.Internal.ResourceInvoker.InvokeFilterPipelineAsync()
   at Microsoft.AspNetCore.Mvc.Internal.ResourceInvoker.InvokeAsync()
   at Microsoft.AspNetCore.Routing.EndpointMiddleware.Invoke(HttpContext httpContext)
   at Microsoft.AspNetCore.Routing.EndpointRoutingMiddleware.Invoke(HttpContext httpContext)
   at THD.Core.Api.Private.ErrorHandlingMiddleware.Invoke(HttpContext context) in C:\Work Project\GitHub\Efilling\efilling_api\THD.Core.Api\THD.Core.Api.Private\Core\ErrorHandlingMiddleware.cs:line 24
2020/02/16 17:24:21.984    37   System.NullReferenceException: Object reference not set to an instance of an object.
   at THD.Core.Api.Repository.DataHandler.DocMenuB1Repository.MenuB1InterfaceDataAsync(String userid, String username) in C:\Work Project\GitHub\Efilling\efilling_api\THD.Core.Api\THD.Core.Api.Repository\DataHandler\DocMenuB1Repository.cs:line 51
   at THD.Core.Api.Business.DocMenuBService.MenuB1InterfaceDataAsync(String userid, String username) in C:\Work Project\GitHub\Efilling\efilling_api\THD.Core.Api\THD.Core.Api.Business\DocMenuBService.cs:line 37
   at THD.Core.Api.Private.Controllers.PrivateDocMenuBController.MenuB1InterfaceData(String userid, String username) in C:\Work Project\GitHub\Efilling\efilling_api\THD.Core.Api\THD.Core.Api.Private\Controllers\PrivateDocMenuBController.cs:line 43
   at Microsoft.AspNetCore.Mvc.Internal.ActionMethodExecutor.TaskOfIActionResultExecutor.Execute(IActionResultTypeMapper mapper, ObjectMethodExecutor executor, Object controller, Object[] arguments)
   at System.Threading.Tasks.ValueTask`1.get_Result()
   at Microsoft.AspNetCore.Mvc.Internal.ControllerActionInvoker.InvokeActionMethodAsync()
   at Microsoft.AspNetCore.Mvc.Internal.ControllerActionInvoker.InvokeNextActionFilterAsync()
   at Microsoft.AspNetCore.Mvc.Internal.ControllerActionInvoker.Rethrow(ActionExecutedContext context)
   at Microsoft.AspNetCore.Mvc.Internal.ControllerActionInvoker.Next(State& next, Scope& scope, Object& state, Boolean& isCompleted)
   at Microsoft.AspNetCore.Mvc.Internal.ControllerActionInvoker.InvokeInnerFilterAsync()
   at Microsoft.AspNetCore.Mvc.Internal.ResourceInvoker.InvokeNextResourceFilter()
   at Microsoft.AspNetCore.Mvc.Internal.ResourceInvoker.Rethrow(ResourceExecutedContext context)
   at Microsoft.AspNetCore.Mvc.Internal.ResourceInvoker.Next(State& next, Scope& scope, Object& state, Boolean& isCompleted)
   at Microsoft.AspNetCore.Mvc.Internal.ResourceInvoker.InvokeFilterPipelineAsync()
   at Microsoft.AspNetCore.Mvc.Internal.ResourceInvoker.InvokeAsync()
   at Microsoft.AspNetCore.Routing.EndpointMiddleware.Invoke(HttpContext httpContext)
   at Microsoft.AspNetCore.Routing.EndpointRoutingMiddleware.Invoke(HttpContext httpContext)
   at THD.Core.Api.Private.ErrorHandlingMiddleware.Invoke(HttpContext context) in C:\Work Project\GitHub\Efilling\efilling_api\THD.Core.Api\THD.Core.Api.Private\Core\ErrorHandlingMiddleware.cs:line 24
