2020/02/27 14:58:05.864    55   System.FormatException: Failed to convert parameter value from a String to a Int32. ---> System.FormatException: Input string was not in a correct format.
   at System.Number.StringToNumber(ReadOnlySpan`1 str, NumberStyles options, NumberBuffer& number, NumberFormatInfo info, Boolean parseDecimal)
   at System.Number.ParseInt32(ReadOnlySpan`1 s, NumberStyles style, NumberFormatInfo info)
   at System.String.System.IConvertible.ToInt32(IFormatProvider provider)
   at System.Convert.ChangeType(Object value, Type conversionType, IFormatProvider provider)
   at System.Data.SqlClient.SqlParameter.CoerceValue(Object value, MetaType destinationType, Boolean& coercedToDataFeed, Boolean& typeChanged, Boolean allowStreaming)
   --- End of inner exception stack trace ---
   at THD.Core.Api.Repository.DataHandler.DocMenuB1Repository.AddDocMenuB1_2Async(ModelMenuB1_2 model) in C:\Work Project\GitHub\efilling\efilling_api\THD.Core.Api\THD.Core.Api.Repository\DataHandler\DocMenuB1Repository.cs:line 733
   at THD.Core.Api.Business.DocMenuBService.AddDocMenuB1_2Async(ModelMenuB1_2 model) in C:\Work Project\GitHub\efilling\efilling_api\THD.Core.Api\THD.Core.Api.Business\DocMenuBService.cs:line 173
   at THD.Core.Api.Private.Controllers.PrivateDocMenuBController.AddDocMenuB1_2(ModelMenuB1_2 model) in C:\Work Project\GitHub\efilling\efilling_api\THD.Core.Api\THD.Core.Api.Private\Controllers\PrivateDocMenuBController.cs:line 188
   at Microsoft.AspNetCore.Mvc.Internal.ActionMethodExecutor.TaskOfIActionResultExecutor.Execute(IActionResultTypeMapper mapper, ObjectMethodExecutor executor, Object controller, Object[] arguments)
   at System.Threading.Tasks.ValueTask`1.get_Result()
   at Microsoft.AspNetCore.Mvc.Internal.ControllerActionInvoker.InvokeActionMethodAsync()
   at Microsoft.AspNetCore.Mvc.Internal.ControllerActionInvoker.InvokeNextActionFilterAsync()
   at Microsoft.AspNetCore.Mvc.Internal.ControllerActionInvoker.Rethrow(ActionExecutedContext context)
   at Microsoft.AspNetCore.Mvc.Internal.ControllerActionInvoker.Next(State& next, Scope& scope, Object& state, Boolean& isCompleted)
   at Microsoft.AspNetCore.Mvc.Internal.ControllerActionInvoker.InvokeInnerFilterAsync()
   at Microsoft.AspNetCore.Mvc.Internal.ResourceInvoker.InvokeNextResourceFilter()
   at Microsoft.AspNetCore.Mvc.Internal.ResourceInvoker.Rethrow(ResourceExecutedContext context)
   at Microsoft.AspNetCore.Mvc.Internal.ResourceInvoker.Next(State& next, Scope& scope, Object& state, Boolean& isCompleted)
   at Microsoft.AspNetCore.Mvc.Internal.ResourceInvoker.InvokeFilterPipelineAsync()
   at Microsoft.AspNetCore.Mvc.Internal.ResourceInvoker.InvokeAsync()
   at Microsoft.AspNetCore.Routing.EndpointMiddleware.Invoke(HttpContext httpContext)
   at Microsoft.AspNetCore.Routing.EndpointRoutingMiddleware.Invoke(HttpContext httpContext)
   at THD.Core.Api.Private.ErrorHandlingMiddleware.Invoke(HttpContext context) in C:\Work Project\GitHub\efilling\efilling_api\THD.Core.Api\THD.Core.Api.Private\Core\ErrorHandlingMiddleware.cs:line 24
2020/02/27 14:59:32.550    47   System.FormatException: Failed to convert parameter value from a String to a Int32. ---> System.FormatException: Input string was not in a correct format.
   at System.Number.StringToNumber(ReadOnlySpan`1 str, NumberStyles options, NumberBuffer& number, NumberFormatInfo info, Boolean parseDecimal)
   at System.Number.ParseInt32(ReadOnlySpan`1 s, NumberStyles style, NumberFormatInfo info)
   at System.String.System.IConvertible.ToInt32(IFormatProvider provider)
   at System.Convert.ChangeType(Object value, Type conversionType, IFormatProvider provider)
   at System.Data.SqlClient.SqlParameter.CoerceValue(Object value, MetaType destinationType, Boolean& coercedToDataFeed, Boolean& typeChanged, Boolean allowStreaming)
   --- End of inner exception stack trace ---
   at THD.Core.Api.Repository.DataHandler.DocMenuB1Repository.AddDocMenuB1_2Async(ModelMenuB1_2 model) in C:\Work Project\GitHub\efilling\efilling_api\THD.Core.Api\THD.Core.Api.Repository\DataHandler\DocMenuB1Repository.cs:line 733
   at THD.Core.Api.Business.DocMenuBService.AddDocMenuB1_2Async(ModelMenuB1_2 model) in C:\Work Project\GitHub\efilling\efilling_api\THD.Core.Api\THD.Core.Api.Business\DocMenuBService.cs:line 173
   at THD.Core.Api.Private.Controllers.PrivateDocMenuBController.AddDocMenuB1_2(ModelMenuB1_2 model) in C:\Work Project\GitHub\efilling\efilling_api\THD.Core.Api\THD.Core.Api.Private\Controllers\PrivateDocMenuBController.cs:line 188
   at Microsoft.AspNetCore.Mvc.Internal.ActionMethodExecutor.TaskOfIActionResultExecutor.Execute(IActionResultTypeMapper mapper, ObjectMethodExecutor executor, Object controller, Object[] arguments)
   at System.Threading.Tasks.ValueTask`1.get_Result()
   at Microsoft.AspNetCore.Mvc.Internal.ControllerActionInvoker.InvokeActionMethodAsync()
   at Microsoft.AspNetCore.Mvc.Internal.ControllerActionInvoker.InvokeNextActionFilterAsync()
   at Microsoft.AspNetCore.Mvc.Internal.ControllerActionInvoker.Rethrow(ActionExecutedContext context)
   at Microsoft.AspNetCore.Mvc.Internal.ControllerActionInvoker.Next(State& next, Scope& scope, Object& state, Boolean& isCompleted)
   at Microsoft.AspNetCore.Mvc.Internal.ControllerActionInvoker.InvokeInnerFilterAsync()
   at Microsoft.AspNetCore.Mvc.Internal.ResourceInvoker.InvokeNextResourceFilter()
   at Microsoft.AspNetCore.Mvc.Internal.ResourceInvoker.Rethrow(ResourceExecutedContext context)
   at Microsoft.AspNetCore.Mvc.Internal.ResourceInvoker.Next(State& next, Scope& scope, Object& state, Boolean& isCompleted)
   at Microsoft.AspNetCore.Mvc.Internal.ResourceInvoker.InvokeFilterPipelineAsync()
   at Microsoft.AspNetCore.Mvc.Internal.ResourceInvoker.InvokeAsync()
   at Microsoft.AspNetCore.Routing.EndpointMiddleware.Invoke(HttpContext httpContext)
   at Microsoft.AspNetCore.Routing.EndpointRoutingMiddleware.Invoke(HttpContext httpContext)
   at THD.Core.Api.Private.ErrorHandlingMiddleware.Invoke(HttpContext context) in C:\Work Project\GitHub\efilling\efilling_api\THD.Core.Api\THD.Core.Api.Private\Core\ErrorHandlingMiddleware.cs:line 24
2020/02/27 15:01:41.834    6   System.FormatException: Failed to convert parameter value from a String to a Int32. ---> System.FormatException: Input string was not in a correct format.
   at System.Number.StringToNumber(ReadOnlySpan`1 str, NumberStyles options, NumberBuffer& number, NumberFormatInfo info, Boolean parseDecimal)
   at System.Number.ParseInt32(ReadOnlySpan`1 s, NumberStyles style, NumberFormatInfo info)
   at System.String.System.IConvertible.ToInt32(IFormatProvider provider)
   at System.Convert.ChangeType(Object value, Type conversionType, IFormatProvider provider)
   at System.Data.SqlClient.SqlParameter.CoerceValue(Object value, MetaType destinationType, Boolean& coercedToDataFeed, Boolean& typeChanged, Boolean allowStreaming)
   --- End of inner exception stack trace ---
   at THD.Core.Api.Repository.DataHandler.DocMenuB1Repository.AddDocMenuB1_2Async(ModelMenuB1_2 model) in C:\Work Project\GitHub\efilling\efilling_api\THD.Core.Api\THD.Core.Api.Repository\DataHandler\DocMenuB1Repository.cs:line 733
   at THD.Core.Api.Business.DocMenuBService.AddDocMenuB1_2Async(ModelMenuB1_2 model) in C:\Work Project\GitHub\efilling\efilling_api\THD.Core.Api\THD.Core.Api.Business\DocMenuBService.cs:line 173
   at THD.Core.Api.Private.Controllers.PrivateDocMenuBController.AddDocMenuB1_2(ModelMenuB1_2 model) in C:\Work Project\GitHub\efilling\efilling_api\THD.Core.Api\THD.Core.Api.Private\Controllers\PrivateDocMenuBController.cs:line 188
   at Microsoft.AspNetCore.Mvc.Internal.ActionMethodExecutor.TaskOfIActionResultExecutor.Execute(IActionResultTypeMapper mapper, ObjectMethodExecutor executor, Object controller, Object[] arguments)
   at System.Threading.Tasks.ValueTask`1.get_Result()
   at Microsoft.AspNetCore.Mvc.Internal.ControllerActionInvoker.InvokeActionMethodAsync()
   at Microsoft.AspNetCore.Mvc.Internal.ControllerActionInvoker.InvokeNextActionFilterAsync()
   at Microsoft.AspNetCore.Mvc.Internal.ControllerActionInvoker.Rethrow(ActionExecutedContext context)
   at Microsoft.AspNetCore.Mvc.Internal.ControllerActionInvoker.Next(State& next, Scope& scope, Object& state, Boolean& isCompleted)
   at Microsoft.AspNetCore.Mvc.Internal.ControllerActionInvoker.InvokeInnerFilterAsync()
   at Microsoft.AspNetCore.Mvc.Internal.ResourceInvoker.InvokeNextResourceFilter()
   at Microsoft.AspNetCore.Mvc.Internal.ResourceInvoker.Rethrow(ResourceExecutedContext context)
   at Microsoft.AspNetCore.Mvc.Internal.ResourceInvoker.Next(State& next, Scope& scope, Object& state, Boolean& isCompleted)
   at Microsoft.AspNetCore.Mvc.Internal.ResourceInvoker.InvokeFilterPipelineAsync()
   at Microsoft.AspNetCore.Mvc.Internal.ResourceInvoker.InvokeAsync()
   at Microsoft.AspNetCore.Routing.EndpointMiddleware.Invoke(HttpContext httpContext)
   at Microsoft.AspNetCore.Routing.EndpointRoutingMiddleware.Invoke(HttpContext httpContext)
   at THD.Core.Api.Private.ErrorHandlingMiddleware.Invoke(HttpContext context) in C:\Work Project\GitHub\efilling\efilling_api\THD.Core.Api\THD.Core.Api.Private\Core\ErrorHandlingMiddleware.cs:line 24
2020/02/27 15:04:01.664    9   System.FormatException: Failed to convert parameter value from a String to a Int32. ---> System.FormatException: Input string was not in a correct format.
   at System.Number.StringToNumber(ReadOnlySpan`1 str, NumberStyles options, NumberBuffer& number, NumberFormatInfo info, Boolean parseDecimal)
   at System.Number.ParseInt32(ReadOnlySpan`1 s, NumberStyles style, NumberFormatInfo info)
   at System.String.System.IConvertible.ToInt32(IFormatProvider provider)
   at System.Convert.ChangeType(Object value, Type conversionType, IFormatProvider provider)
   at System.Data.SqlClient.SqlParameter.CoerceValue(Object value, MetaType destinationType, Boolean& coercedToDataFeed, Boolean& typeChanged, Boolean allowStreaming)
   --- End of inner exception stack trace ---
   at THD.Core.Api.Repository.DataHandler.DocMenuB1Repository.AddDocMenuB1_2Async(ModelMenuB1_2 model) in C:\Work Project\GitHub\efilling\efilling_api\THD.Core.Api\THD.Core.Api.Repository\DataHandler\DocMenuB1Repository.cs:line 732
   at THD.Core.Api.Business.DocMenuBService.AddDocMenuB1_2Async(ModelMenuB1_2 model) in C:\Work Project\GitHub\efilling\efilling_api\THD.Core.Api\THD.Core.Api.Business\DocMenuBService.cs:line 173
   at THD.Core.Api.Private.Controllers.PrivateDocMenuBController.AddDocMenuB1_2(ModelMenuB1_2 model) in C:\Work Project\GitHub\efilling\efilling_api\THD.Core.Api\THD.Core.Api.Private\Controllers\PrivateDocMenuBController.cs:line 188
   at Microsoft.AspNetCore.Mvc.Internal.ActionMethodExecutor.TaskOfIActionResultExecutor.Execute(IActionResultTypeMapper mapper, ObjectMethodExecutor executor, Object controller, Object[] arguments)
   at System.Threading.Tasks.ValueTask`1.get_Result()
   at Microsoft.AspNetCore.Mvc.Internal.ControllerActionInvoker.InvokeActionMethodAsync()
   at Microsoft.AspNetCore.Mvc.Internal.ControllerActionInvoker.InvokeNextActionFilterAsync()
   at Microsoft.AspNetCore.Mvc.Internal.ControllerActionInvoker.Rethrow(ActionExecutedContext context)
   at Microsoft.AspNetCore.Mvc.Internal.ControllerActionInvoker.Next(State& next, Scope& scope, Object& state, Boolean& isCompleted)
   at Microsoft.AspNetCore.Mvc.Internal.ControllerActionInvoker.InvokeInnerFilterAsync()
   at Microsoft.AspNetCore.Mvc.Internal.ResourceInvoker.InvokeNextResourceFilter()
   at Microsoft.AspNetCore.Mvc.Internal.ResourceInvoker.Rethrow(ResourceExecutedContext context)
   at Microsoft.AspNetCore.Mvc.Internal.ResourceInvoker.Next(State& next, Scope& scope, Object& state, Boolean& isCompleted)
   at Microsoft.AspNetCore.Mvc.Internal.ResourceInvoker.InvokeFilterPipelineAsync()
   at Microsoft.AspNetCore.Mvc.Internal.ResourceInvoker.InvokeAsync()
   at Microsoft.AspNetCore.Routing.EndpointMiddleware.Invoke(HttpContext httpContext)
   at Microsoft.AspNetCore.Routing.EndpointRoutingMiddleware.Invoke(HttpContext httpContext)
   at THD.Core.Api.Private.ErrorHandlingMiddleware.Invoke(HttpContext context) in C:\Work Project\GitHub\efilling\efilling_api\THD.Core.Api\THD.Core.Api.Private\Core\ErrorHandlingMiddleware.cs:line 24
2020/02/27 16:00:11.836    6   System.FormatException: String '29/02/2020' was not recognized as a valid DateTime.
   at System.DateTimeParse.Parse(ReadOnlySpan`1 s, DateTimeFormatInfo dtfi, DateTimeStyles styles)
   at System.Convert.ToDateTime(String value)
   at THD.Core.Api.Business.DocMenuAService.AddDocMenuA3Async(ModelMenuA3 model) in C:\Work Project\GitHub\efilling\efilling_api\THD.Core.Api\THD.Core.Api.Business\DocMenuAService.cs:line 539
   at THD.Core.Api.Private.Controllers.PrivateDocMenuAController.AddDocMenuA3(ModelMenuA3 model) in C:\Work Project\GitHub\efilling\efilling_api\THD.Core.Api\THD.Core.Api.Private\Controllers\PrivateDocMenuAController.cs:line 141
   at Microsoft.AspNetCore.Mvc.Internal.ActionMethodExecutor.TaskOfIActionResultExecutor.Execute(IActionResultTypeMapper mapper, ObjectMethodExecutor executor, Object controller, Object[] arguments)
   at System.Threading.Tasks.ValueTask`1.get_Result()
   at Microsoft.AspNetCore.Mvc.Internal.ControllerActionInvoker.InvokeActionMethodAsync()
   at Microsoft.AspNetCore.Mvc.Internal.ControllerActionInvoker.InvokeNextActionFilterAsync()
   at Microsoft.AspNetCore.Mvc.Internal.ControllerActionInvoker.Rethrow(ActionExecutedContext context)
   at Microsoft.AspNetCore.Mvc.Internal.ControllerActionInvoker.Next(State& next, Scope& scope, Object& state, Boolean& isCompleted)
   at Microsoft.AspNetCore.Mvc.Internal.ControllerActionInvoker.InvokeInnerFilterAsync()
   at Microsoft.AspNetCore.Mvc.Internal.ResourceInvoker.InvokeNextResourceFilter()
   at Microsoft.AspNetCore.Mvc.Internal.ResourceInvoker.Rethrow(ResourceExecutedContext context)
   at Microsoft.AspNetCore.Mvc.Internal.ResourceInvoker.Next(State& next, Scope& scope, Object& state, Boolean& isCompleted)
   at Microsoft.AspNetCore.Mvc.Internal.ResourceInvoker.InvokeFilterPipelineAsync()
   at Microsoft.AspNetCore.Mvc.Internal.ResourceInvoker.InvokeAsync()
   at Microsoft.AspNetCore.Routing.EndpointMiddleware.Invoke(HttpContext httpContext)
   at Microsoft.AspNetCore.Routing.EndpointRoutingMiddleware.Invoke(HttpContext httpContext)
   at THD.Core.Api.Private.ErrorHandlingMiddleware.Invoke(HttpContext context) in C:\Work Project\GitHub\efilling\efilling_api\THD.Core.Api\THD.Core.Api.Private\Core\ErrorHandlingMiddleware.cs:line 24
2020/02/27 16:00:53.677    15   System.FormatException: String '29/02/2020' was not recognized as a valid DateTime.
   at System.DateTimeParse.Parse(ReadOnlySpan`1 s, DateTimeFormatInfo dtfi, DateTimeStyles styles)
   at System.Convert.ToDateTime(String value)
   at THD.Core.Api.Business.DocMenuAService.AddDocMenuA3Async(ModelMenuA3 model) in C:\Work Project\GitHub\efilling\efilling_api\THD.Core.Api\THD.Core.Api.Business\DocMenuAService.cs:line 539
   at THD.Core.Api.Private.Controllers.PrivateDocMenuAController.AddDocMenuA3(ModelMenuA3 model) in C:\Work Project\GitHub\efilling\efilling_api\THD.Core.Api\THD.Core.Api.Private\Controllers\PrivateDocMenuAController.cs:line 141
   at Microsoft.AspNetCore.Mvc.Internal.ActionMethodExecutor.TaskOfIActionResultExecutor.Execute(IActionResultTypeMapper mapper, ObjectMethodExecutor executor, Object controller, Object[] arguments)
   at System.Threading.Tasks.ValueTask`1.get_Result()
   at Microsoft.AspNetCore.Mvc.Internal.ControllerActionInvoker.InvokeActionMethodAsync()
   at Microsoft.AspNetCore.Mvc.Internal.ControllerActionInvoker.InvokeNextActionFilterAsync()
   at Microsoft.AspNetCore.Mvc.Internal.ControllerActionInvoker.Rethrow(ActionExecutedContext context)
   at Microsoft.AspNetCore.Mvc.Internal.ControllerActionInvoker.Next(State& next, Scope& scope, Object& state, Boolean& isCompleted)
   at Microsoft.AspNetCore.Mvc.Internal.ControllerActionInvoker.InvokeInnerFilterAsync()
   at Microsoft.AspNetCore.Mvc.Internal.ResourceInvoker.InvokeNextResourceFilter()
   at Microsoft.AspNetCore.Mvc.Internal.ResourceInvoker.Rethrow(ResourceExecutedContext context)
   at Microsoft.AspNetCore.Mvc.Internal.ResourceInvoker.Next(State& next, Scope& scope, Object& state, Boolean& isCompleted)
   at Microsoft.AspNetCore.Mvc.Internal.ResourceInvoker.InvokeFilterPipelineAsync()
   at Microsoft.AspNetCore.Mvc.Internal.ResourceInvoker.InvokeAsync()
   at Microsoft.AspNetCore.Routing.EndpointMiddleware.Invoke(HttpContext httpContext)
   at Microsoft.AspNetCore.Routing.EndpointRoutingMiddleware.Invoke(HttpContext httpContext)
   at THD.Core.Api.Private.ErrorHandlingMiddleware.Invoke(HttpContext context) in C:\Work Project\GitHub\efilling\efilling_api\THD.Core.Api\THD.Core.Api.Private\Core\ErrorHandlingMiddleware.cs:line 24
2020/02/27 16:01:29.432    30   System.FormatException: String '29/02/2020' was not recognized as a valid DateTime.
   at System.DateTimeParse.Parse(ReadOnlySpan`1 s, DateTimeFormatInfo dtfi, DateTimeStyles styles)
   at System.Convert.ToDateTime(String value)
   at THD.Core.Api.Business.DocMenuAService.AddDocMenuA3Async(ModelMenuA3 model) in C:\Work Project\GitHub\efilling\efilling_api\THD.Core.Api\THD.Core.Api.Business\DocMenuAService.cs:line 539
   at THD.Core.Api.Private.Controllers.PrivateDocMenuAController.AddDocMenuA3(ModelMenuA3 model) in C:\Work Project\GitHub\efilling\efilling_api\THD.Core.Api\THD.Core.Api.Private\Controllers\PrivateDocMenuAController.cs:line 141
   at Microsoft.AspNetCore.Mvc.Internal.ActionMethodExecutor.TaskOfIActionResultExecutor.Execute(IActionResultTypeMapper mapper, ObjectMethodExecutor executor, Object controller, Object[] arguments)
   at System.Threading.Tasks.ValueTask`1.get_Result()
   at Microsoft.AspNetCore.Mvc.Internal.ControllerActionInvoker.InvokeActionMethodAsync()
   at Microsoft.AspNetCore.Mvc.Internal.ControllerActionInvoker.InvokeNextActionFilterAsync()
   at Microsoft.AspNetCore.Mvc.Internal.ControllerActionInvoker.Rethrow(ActionExecutedContext context)
   at Microsoft.AspNetCore.Mvc.Internal.ControllerActionInvoker.Next(State& next, Scope& scope, Object& state, Boolean& isCompleted)
   at Microsoft.AspNetCore.Mvc.Internal.ControllerActionInvoker.InvokeInnerFilterAsync()
   at Microsoft.AspNetCore.Mvc.Internal.ResourceInvoker.InvokeNextResourceFilter()
   at Microsoft.AspNetCore.Mvc.Internal.ResourceInvoker.Rethrow(ResourceExecutedContext context)
   at Microsoft.AspNetCore.Mvc.Internal.ResourceInvoker.Next(State& next, Scope& scope, Object& state, Boolean& isCompleted)
   at Microsoft.AspNetCore.Mvc.Internal.ResourceInvoker.InvokeFilterPipelineAsync()
   at Microsoft.AspNetCore.Mvc.Internal.ResourceInvoker.InvokeAsync()
   at Microsoft.AspNetCore.Routing.EndpointMiddleware.Invoke(HttpContext httpContext)
   at Microsoft.AspNetCore.Routing.EndpointRoutingMiddleware.Invoke(HttpContext httpContext)
   at THD.Core.Api.Private.ErrorHandlingMiddleware.Invoke(HttpContext context) in C:\Work Project\GitHub\efilling\efilling_api\THD.Core.Api\THD.Core.Api.Private\Core\ErrorHandlingMiddleware.cs:line 24
2020/02/27 16:05:16.791    12   System.FormatException: String '29/02/202' was not recognized as a valid DateTime.
   at System.DateTimeParse.Parse(ReadOnlySpan`1 s, DateTimeFormatInfo dtfi, DateTimeStyles styles)
   at System.Convert.ToDateTime(String value)
   at THD.Core.Api.Business.DocMenuAService.AddDocMenuA3Async(ModelMenuA3 model) in C:\Work Project\GitHub\efilling\efilling_api\THD.Core.Api\THD.Core.Api.Business\DocMenuAService.cs:line 539
   at THD.Core.Api.Private.Controllers.PrivateDocMenuAController.AddDocMenuA3(ModelMenuA3 model) in C:\Work Project\GitHub\efilling\efilling_api\THD.Core.Api\THD.Core.Api.Private\Controllers\PrivateDocMenuAController.cs:line 141
   at Microsoft.AspNetCore.Mvc.Internal.ActionMethodExecutor.TaskOfIActionResultExecutor.Execute(IActionResultTypeMapper mapper, ObjectMethodExecutor executor, Object controller, Object[] arguments)
   at System.Threading.Tasks.ValueTask`1.get_Result()
   at Microsoft.AspNetCore.Mvc.Internal.ControllerActionInvoker.InvokeActionMethodAsync()
   at Microsoft.AspNetCore.Mvc.Internal.ControllerActionInvoker.InvokeNextActionFilterAsync()
   at Microsoft.AspNetCore.Mvc.Internal.ControllerActionInvoker.Rethrow(ActionExecutedContext context)
   at Microsoft.AspNetCore.Mvc.Internal.ControllerActionInvoker.Next(State& next, Scope& scope, Object& state, Boolean& isCompleted)
   at Microsoft.AspNetCore.Mvc.Internal.ControllerActionInvoker.InvokeInnerFilterAsync()
   at Microsoft.AspNetCore.Mvc.Internal.ResourceInvoker.InvokeNextResourceFilter()
   at Microsoft.AspNetCore.Mvc.Internal.ResourceInvoker.Rethrow(ResourceExecutedContext context)
   at Microsoft.AspNetCore.Mvc.Internal.ResourceInvoker.Next(State& next, Scope& scope, Object& state, Boolean& isCompleted)
   at Microsoft.AspNetCore.Mvc.Internal.ResourceInvoker.InvokeFilterPipelineAsync()
   at Microsoft.AspNetCore.Mvc.Internal.ResourceInvoker.InvokeAsync()
   at Microsoft.AspNetCore.Routing.EndpointMiddleware.Invoke(HttpContext httpContext)
   at Microsoft.AspNetCore.Routing.EndpointRoutingMiddleware.Invoke(HttpContext httpContext)
   at THD.Core.Api.Private.ErrorHandlingMiddleware.Invoke(HttpContext context) in C:\Work Project\GitHub\efilling\efilling_api\THD.Core.Api\THD.Core.Api.Private\Core\ErrorHandlingMiddleware.cs:line 24
2020/02/27 16:08:58.231    6   System.FormatException: String '29/02/2020' was not recognized as a valid DateTime.
   at System.DateTimeParse.Parse(ReadOnlySpan`1 s, DateTimeFormatInfo dtfi, DateTimeStyles styles)
   at System.Convert.ToDateTime(String value)
   at THD.Core.Api.Business.DocMenuAService.AddDocMenuA5Async(ModelMenuA5 model) in C:\Work Project\GitHub\efilling\efilling_api\THD.Core.Api\THD.Core.Api.Business\DocMenuAService.cs:line 659
   at THD.Core.Api.Private.Controllers.PrivateDocMenuAController.AddDocMenuA5(ModelMenuA5 model) in C:\Work Project\GitHub\efilling\efilling_api\THD.Core.Api\THD.Core.Api.Private\Controllers\PrivateDocMenuAController.cs:line 303
   at Microsoft.AspNetCore.Mvc.Internal.ActionMethodExecutor.TaskOfIActionResultExecutor.Execute(IActionResultTypeMapper mapper, ObjectMethodExecutor executor, Object controller, Object[] arguments)
   at System.Threading.Tasks.ValueTask`1.get_Result()
   at Microsoft.AspNetCore.Mvc.Internal.ControllerActionInvoker.InvokeActionMethodAsync()
   at Microsoft.AspNetCore.Mvc.Internal.ControllerActionInvoker.InvokeNextActionFilterAsync()
   at Microsoft.AspNetCore.Mvc.Internal.ControllerActionInvoker.Rethrow(ActionExecutedContext context)
   at Microsoft.AspNetCore.Mvc.Internal.ControllerActionInvoker.Next(State& next, Scope& scope, Object& state, Boolean& isCompleted)
   at Microsoft.AspNetCore.Mvc.Internal.ControllerActionInvoker.InvokeInnerFilterAsync()
   at Microsoft.AspNetCore.Mvc.Internal.ResourceInvoker.InvokeNextResourceFilter()
   at Microsoft.AspNetCore.Mvc.Internal.ResourceInvoker.Rethrow(ResourceExecutedContext context)
   at Microsoft.AspNetCore.Mvc.Internal.ResourceInvoker.Next(State& next, Scope& scope, Object& state, Boolean& isCompleted)
   at Microsoft.AspNetCore.Mvc.Internal.ResourceInvoker.InvokeFilterPipelineAsync()
   at Microsoft.AspNetCore.Mvc.Internal.ResourceInvoker.InvokeAsync()
   at Microsoft.AspNetCore.Routing.EndpointMiddleware.Invoke(HttpContext httpContext)
   at Microsoft.AspNetCore.Routing.EndpointRoutingMiddleware.Invoke(HttpContext httpContext)
   at THD.Core.Api.Private.ErrorHandlingMiddleware.Invoke(HttpContext context) in C:\Work Project\GitHub\efilling\efilling_api\THD.Core.Api\THD.Core.Api.Private\Core\ErrorHandlingMiddleware.cs:line 24
2020/02/27 16:39:00.641    6   System.NullReferenceException: Object reference not set to an instance of an object.
   at THD.Core.Api.Repository.DataHandler.DocMenuC2Repository.MenuC2InterfaceDataEditAsync(Int32 docid, String userid, String username) in C:\Work Project\GitHub\efilling\efilling_api\THD.Core.Api\THD.Core.Api.Repository\DataHandler\DocMenuC2Repository.cs:line 338
   at THD.Core.Api.Business.DocMenuCService.MenuC2InterfaceDataEditAsync(Int32 docid, String userid, String username) in C:\Work Project\GitHub\efilling\efilling_api\THD.Core.Api\THD.Core.Api.Business\DocMenuCService.cs:line 165
   at THD.Core.Api.Private.Controllers.PrivateDocMenuCController.MenuC2InterfaceDataEdit(Int32 docid, String userid, String username) in C:\Work Project\GitHub\efilling\efilling_api\THD.Core.Api\THD.Core.Api.Private\Controllers\PrivateDocMenuCController.cs:line 272
   at Microsoft.AspNetCore.Mvc.Internal.ActionMethodExecutor.TaskOfIActionResultExecutor.Execute(IActionResultTypeMapper mapper, ObjectMethodExecutor executor, Object controller, Object[] arguments)
   at System.Threading.Tasks.ValueTask`1.get_Result()
   at Microsoft.AspNetCore.Mvc.Internal.ControllerActionInvoker.InvokeActionMethodAsync()
   at Microsoft.AspNetCore.Mvc.Internal.ControllerActionInvoker.InvokeNextActionFilterAsync()
   at Microsoft.AspNetCore.Mvc.Internal.ControllerActionInvoker.Rethrow(ActionExecutedContext context)
   at Microsoft.AspNetCore.Mvc.Internal.ControllerActionInvoker.Next(State& next, Scope& scope, Object& state, Boolean& isCompleted)
   at Microsoft.AspNetCore.Mvc.Internal.ControllerActionInvoker.InvokeInnerFilterAsync()
   at Microsoft.AspNetCore.Mvc.Internal.ResourceInvoker.InvokeNextResourceFilter()
   at Microsoft.AspNetCore.Mvc.Internal.ResourceInvoker.Rethrow(ResourceExecutedContext context)
   at Microsoft.AspNetCore.Mvc.Internal.ResourceInvoker.Next(State& next, Scope& scope, Object& state, Boolean& isCompleted)
   at Microsoft.AspNetCore.Mvc.Internal.ResourceInvoker.InvokeFilterPipelineAsync()
   at Microsoft.AspNetCore.Mvc.Internal.ResourceInvoker.InvokeAsync()
   at Microsoft.AspNetCore.Routing.EndpointMiddleware.Invoke(HttpContext httpContext)
   at Microsoft.AspNetCore.Routing.EndpointRoutingMiddleware.Invoke(HttpContext httpContext)
   at THD.Core.Api.Private.ErrorHandlingMiddleware.Invoke(HttpContext context) in C:\Work Project\GitHub\efilling\efilling_api\THD.Core.Api\THD.Core.Api.Private\Core\ErrorHandlingMiddleware.cs:line 24
2020/02/27 19:26:49.399    104   System.NullReferenceException: Object reference not set to an instance of an object.
   at THD.Core.Api.Repository.DataHandler.DocMenuC2Repository.MenuC2InterfaceDataEditAsync(Int32 docid, String userid, String username) in C:\Work Project\GitHub\efilling\efilling_api\THD.Core.Api\THD.Core.Api.Repository\DataHandler\DocMenuC2Repository.cs:line 338
   at THD.Core.Api.Business.DocMenuCService.MenuC2InterfaceDataEditAsync(Int32 docid, String userid, String username) in C:\Work Project\GitHub\efilling\efilling_api\THD.Core.Api\THD.Core.Api.Business\DocMenuCService.cs:line 165
   at THD.Core.Api.Private.Controllers.PrivateDocMenuCController.MenuC2InterfaceDataEdit(Int32 docid, String userid, String username) in C:\Work Project\GitHub\efilling\efilling_api\THD.Core.Api\THD.Core.Api.Private\Controllers\PrivateDocMenuCController.cs:line 272
   at Microsoft.AspNetCore.Mvc.Internal.ActionMethodExecutor.TaskOfIActionResultExecutor.Execute(IActionResultTypeMapper mapper, ObjectMethodExecutor executor, Object controller, Object[] arguments)
   at System.Threading.Tasks.ValueTask`1.get_Result()
   at Microsoft.AspNetCore.Mvc.Internal.ControllerActionInvoker.InvokeActionMethodAsync()
   at Microsoft.AspNetCore.Mvc.Internal.ControllerActionInvoker.InvokeNextActionFilterAsync()
   at Microsoft.AspNetCore.Mvc.Internal.ControllerActionInvoker.Rethrow(ActionExecutedContext context)
   at Microsoft.AspNetCore.Mvc.Internal.ControllerActionInvoker.Next(State& next, Scope& scope, Object& state, Boolean& isCompleted)
   at Microsoft.AspNetCore.Mvc.Internal.ControllerActionInvoker.InvokeInnerFilterAsync()
   at Microsoft.AspNetCore.Mvc.Internal.ResourceInvoker.InvokeNextResourceFilter()
   at Microsoft.AspNetCore.Mvc.Internal.ResourceInvoker.Rethrow(ResourceExecutedContext context)
   at Microsoft.AspNetCore.Mvc.Internal.ResourceInvoker.Next(State& next, Scope& scope, Object& state, Boolean& isCompleted)
   at Microsoft.AspNetCore.Mvc.Internal.ResourceInvoker.InvokeFilterPipelineAsync()
   at Microsoft.AspNetCore.Mvc.Internal.ResourceInvoker.InvokeAsync()
   at Microsoft.AspNetCore.Routing.EndpointMiddleware.Invoke(HttpContext httpContext)
   at Microsoft.AspNetCore.Routing.EndpointRoutingMiddleware.Invoke(HttpContext httpContext)
   at THD.Core.Api.Private.ErrorHandlingMiddleware.Invoke(HttpContext context) in C:\Work Project\GitHub\efilling\efilling_api\THD.Core.Api\THD.Core.Api.Private\Core\ErrorHandlingMiddleware.cs:line 24
2020/02/27 19:27:11.904    117   System.NullReferenceException: Object reference not set to an instance of an object.
   at THD.Core.Api.Repository.DataHandler.DocMenuC2Repository.MenuC2InterfaceDataEditAsync(Int32 docid, String userid, String username) in C:\Work Project\GitHub\efilling\efilling_api\THD.Core.Api\THD.Core.Api.Repository\DataHandler\DocMenuC2Repository.cs:line 338
   at THD.Core.Api.Business.DocMenuCService.MenuC2InterfaceDataEditAsync(Int32 docid, String userid, String username) in C:\Work Project\GitHub\efilling\efilling_api\THD.Core.Api\THD.Core.Api.Business\DocMenuCService.cs:line 165
   at THD.Core.Api.Private.Controllers.PrivateDocMenuCController.MenuC2InterfaceDataEdit(Int32 docid, String userid, String username) in C:\Work Project\GitHub\efilling\efilling_api\THD.Core.Api\THD.Core.Api.Private\Controllers\PrivateDocMenuCController.cs:line 272
   at Microsoft.AspNetCore.Mvc.Internal.ActionMethodExecutor.TaskOfIActionResultExecutor.Execute(IActionResultTypeMapper mapper, ObjectMethodExecutor executor, Object controller, Object[] arguments)
   at System.Threading.Tasks.ValueTask`1.get_Result()
   at Microsoft.AspNetCore.Mvc.Internal.ControllerActionInvoker.InvokeActionMethodAsync()
   at Microsoft.AspNetCore.Mvc.Internal.ControllerActionInvoker.InvokeNextActionFilterAsync()
   at Microsoft.AspNetCore.Mvc.Internal.ControllerActionInvoker.Rethrow(ActionExecutedContext context)
   at Microsoft.AspNetCore.Mvc.Internal.ControllerActionInvoker.Next(State& next, Scope& scope, Object& state, Boolean& isCompleted)
   at Microsoft.AspNetCore.Mvc.Internal.ControllerActionInvoker.InvokeInnerFilterAsync()
   at Microsoft.AspNetCore.Mvc.Internal.ResourceInvoker.InvokeNextResourceFilter()
   at Microsoft.AspNetCore.Mvc.Internal.ResourceInvoker.Rethrow(ResourceExecutedContext context)
   at Microsoft.AspNetCore.Mvc.Internal.ResourceInvoker.Next(State& next, Scope& scope, Object& state, Boolean& isCompleted)
   at Microsoft.AspNetCore.Mvc.Internal.ResourceInvoker.InvokeFilterPipelineAsync()
   at Microsoft.AspNetCore.Mvc.Internal.ResourceInvoker.InvokeAsync()
   at Microsoft.AspNetCore.Routing.EndpointMiddleware.Invoke(HttpContext httpContext)
   at Microsoft.AspNetCore.Routing.EndpointRoutingMiddleware.Invoke(HttpContext httpContext)
   at THD.Core.Api.Private.ErrorHandlingMiddleware.Invoke(HttpContext context) in C:\Work Project\GitHub\efilling\efilling_api\THD.Core.Api\THD.Core.Api.Private\Core\ErrorHandlingMiddleware.cs:line 24
2020/02/27 21:07:33.558    77   System.NullReferenceException: Object reference not set to an instance of an object.
   at THD.Core.Api.Repository.DataHandler.DocMenuC2Repository.MenuC2InterfaceDataEditAsync(Int32 docid, String userid, String username) in C:\Work Project\GitHub\efilling\efilling_api\THD.Core.Api\THD.Core.Api.Repository\DataHandler\DocMenuC2Repository.cs:line 338
   at THD.Core.Api.Business.DocMenuCService.MenuC2InterfaceDataEditAsync(Int32 docid, String userid, String username) in C:\Work Project\GitHub\efilling\efilling_api\THD.Core.Api\THD.Core.Api.Business\DocMenuCService.cs:line 165
   at THD.Core.Api.Private.Controllers.PrivateDocMenuCController.MenuC2InterfaceDataEdit(Int32 docid, String userid, String username) in C:\Work Project\GitHub\efilling\efilling_api\THD.Core.Api\THD.Core.Api.Private\Controllers\PrivateDocMenuCController.cs:line 272
   at Microsoft.AspNetCore.Mvc.Internal.ActionMethodExecutor.TaskOfIActionResultExecutor.Execute(IActionResultTypeMapper mapper, ObjectMethodExecutor executor, Object controller, Object[] arguments)
   at System.Threading.Tasks.ValueTask`1.get_Result()
   at Microsoft.AspNetCore.Mvc.Internal.ControllerActionInvoker.InvokeActionMethodAsync()
   at Microsoft.AspNetCore.Mvc.Internal.ControllerActionInvoker.InvokeNextActionFilterAsync()
   at Microsoft.AspNetCore.Mvc.Internal.ControllerActionInvoker.Rethrow(ActionExecutedContext context)
   at Microsoft.AspNetCore.Mvc.Internal.ControllerActionInvoker.Next(State& next, Scope& scope, Object& state, Boolean& isCompleted)
   at Microsoft.AspNetCore.Mvc.Internal.ControllerActionInvoker.InvokeInnerFilterAsync()
   at Microsoft.AspNetCore.Mvc.Internal.ResourceInvoker.InvokeNextResourceFilter()
   at Microsoft.AspNetCore.Mvc.Internal.ResourceInvoker.Rethrow(ResourceExecutedContext context)
   at Microsoft.AspNetCore.Mvc.Internal.ResourceInvoker.Next(State& next, Scope& scope, Object& state, Boolean& isCompleted)
   at Microsoft.AspNetCore.Mvc.Internal.ResourceInvoker.InvokeFilterPipelineAsync()
   at Microsoft.AspNetCore.Mvc.Internal.ResourceInvoker.InvokeAsync()
   at Microsoft.AspNetCore.Routing.EndpointMiddleware.Invoke(HttpContext httpContext)
   at Microsoft.AspNetCore.Routing.EndpointRoutingMiddleware.Invoke(HttpContext httpContext)
   at THD.Core.Api.Private.ErrorHandlingMiddleware.Invoke(HttpContext context) in C:\Work Project\GitHub\efilling\efilling_api\THD.Core.Api\THD.Core.Api.Private\Core\ErrorHandlingMiddleware.cs:line 24
2020/02/27 21:07:42.172    76   System.NullReferenceException: Object reference not set to an instance of an object.
   at THD.Core.Api.Repository.DataHandler.DocMenuC2Repository.MenuC2InterfaceDataEditAsync(Int32 docid, String userid, String username) in C:\Work Project\GitHub\efilling\efilling_api\THD.Core.Api\THD.Core.Api.Repository\DataHandler\DocMenuC2Repository.cs:line 338
   at THD.Core.Api.Business.DocMenuCService.MenuC2InterfaceDataEditAsync(Int32 docid, String userid, String username) in C:\Work Project\GitHub\efilling\efilling_api\THD.Core.Api\THD.Core.Api.Business\DocMenuCService.cs:line 165
   at THD.Core.Api.Private.Controllers.PrivateDocMenuCController.MenuC2InterfaceDataEdit(Int32 docid, String userid, String username) in C:\Work Project\GitHub\efilling\efilling_api\THD.Core.Api\THD.Core.Api.Private\Controllers\PrivateDocMenuCController.cs:line 272
   at Microsoft.AspNetCore.Mvc.Internal.ActionMethodExecutor.TaskOfIActionResultExecutor.Execute(IActionResultTypeMapper mapper, ObjectMethodExecutor executor, Object controller, Object[] arguments)
   at System.Threading.Tasks.ValueTask`1.get_Result()
   at Microsoft.AspNetCore.Mvc.Internal.ControllerActionInvoker.InvokeActionMethodAsync()
   at Microsoft.AspNetCore.Mvc.Internal.ControllerActionInvoker.InvokeNextActionFilterAsync()
   at Microsoft.AspNetCore.Mvc.Internal.ControllerActionInvoker.Rethrow(ActionExecutedContext context)
   at Microsoft.AspNetCore.Mvc.Internal.ControllerActionInvoker.Next(State& next, Scope& scope, Object& state, Boolean& isCompleted)
   at Microsoft.AspNetCore.Mvc.Internal.ControllerActionInvoker.InvokeInnerFilterAsync()
   at Microsoft.AspNetCore.Mvc.Internal.ResourceInvoker.InvokeNextResourceFilter()
   at Microsoft.AspNetCore.Mvc.Internal.ResourceInvoker.Rethrow(ResourceExecutedContext context)
   at Microsoft.AspNetCore.Mvc.Internal.ResourceInvoker.Next(State& next, Scope& scope, Object& state, Boolean& isCompleted)
   at Microsoft.AspNetCore.Mvc.Internal.ResourceInvoker.InvokeFilterPipelineAsync()
   at Microsoft.AspNetCore.Mvc.Internal.ResourceInvoker.InvokeAsync()
   at Microsoft.AspNetCore.Routing.EndpointMiddleware.Invoke(HttpContext httpContext)
   at Microsoft.AspNetCore.Routing.EndpointRoutingMiddleware.Invoke(HttpContext httpContext)
   at THD.Core.Api.Private.ErrorHandlingMiddleware.Invoke(HttpContext context) in C:\Work Project\GitHub\efilling\efilling_api\THD.Core.Api\THD.Core.Api.Private\Core\ErrorHandlingMiddleware.cs:line 24
2020/02/27 21:10:49.084    67   System.NullReferenceException: Object reference not set to an instance of an object.
   at THD.Core.Api.Repository.DataHandler.DocMenuC2Repository.MenuC2InterfaceDataEditAsync(Int32 docid, String userid, String username) in C:\Work Project\GitHub\efilling\efilling_api\THD.Core.Api\THD.Core.Api.Repository\DataHandler\DocMenuC2Repository.cs:line 338
   at THD.Core.Api.Business.DocMenuCService.MenuC2InterfaceDataEditAsync(Int32 docid, String userid, String username) in C:\Work Project\GitHub\efilling\efilling_api\THD.Core.Api\THD.Core.Api.Business\DocMenuCService.cs:line 165
   at THD.Core.Api.Private.Controllers.PrivateDocMenuCController.MenuC2InterfaceDataEdit(Int32 docid, String userid, String username) in C:\Work Project\GitHub\efilling\efilling_api\THD.Core.Api\THD.Core.Api.Private\Controllers\PrivateDocMenuCController.cs:line 272
   at Microsoft.AspNetCore.Mvc.Internal.ActionMethodExecutor.TaskOfIActionResultExecutor.Execute(IActionResultTypeMapper mapper, ObjectMethodExecutor executor, Object controller, Object[] arguments)
   at System.Threading.Tasks.ValueTask`1.get_Result()
   at Microsoft.AspNetCore.Mvc.Internal.ControllerActionInvoker.InvokeActionMethodAsync()
   at Microsoft.AspNetCore.Mvc.Internal.ControllerActionInvoker.InvokeNextActionFilterAsync()
   at Microsoft.AspNetCore.Mvc.Internal.ControllerActionInvoker.Rethrow(ActionExecutedContext context)
   at Microsoft.AspNetCore.Mvc.Internal.ControllerActionInvoker.Next(State& next, Scope& scope, Object& state, Boolean& isCompleted)
   at Microsoft.AspNetCore.Mvc.Internal.ControllerActionInvoker.InvokeInnerFilterAsync()
   at Microsoft.AspNetCore.Mvc.Internal.ResourceInvoker.InvokeNextResourceFilter()
   at Microsoft.AspNetCore.Mvc.Internal.ResourceInvoker.Rethrow(ResourceExecutedContext context)
   at Microsoft.AspNetCore.Mvc.Internal.ResourceInvoker.Next(State& next, Scope& scope, Object& state, Boolean& isCompleted)
   at Microsoft.AspNetCore.Mvc.Internal.ResourceInvoker.InvokeFilterPipelineAsync()
   at Microsoft.AspNetCore.Mvc.Internal.ResourceInvoker.InvokeAsync()
   at Microsoft.AspNetCore.Routing.EndpointMiddleware.Invoke(HttpContext httpContext)
   at Microsoft.AspNetCore.Routing.EndpointRoutingMiddleware.Invoke(HttpContext httpContext)
   at THD.Core.Api.Private.ErrorHandlingMiddleware.Invoke(HttpContext context) in C:\Work Project\GitHub\efilling\efilling_api\THD.Core.Api\THD.Core.Api.Private\Core\ErrorHandlingMiddleware.cs:line 24
